INFO 2024-03-04 23:53:00,730 autoreload 23516 3756 Watching for file changes with StatReloader
INFO 2024-03-05 00:03:20,721 autoreload 24000 13324 Watching for file changes with StatReloader
INFO 2024-03-05 00:05:52,399 autoreload 24000 13324 C:\Users\sonym\new_project\venv\recipe_site\recipe_site\settings.py changed, reloading.
INFO 2024-03-05 00:05:52,917 autoreload 28580 29076 Watching for file changes with StatReloader
INFO 2024-03-05 12:31:18,461 autoreload 4112 23068 Watching for file changes with StatReloader
INFO 2024-03-05 12:37:05,547 autoreload 12448 25500 Watching for file changes with StatReloader
INFO 2024-03-05 12:37:47,813 basehttp 12448 9652 "GET / HTTP/1.1" 302 0
INFO 2024-03-05 12:37:47,900 basehttp 12448 9652 "GET /index/ HTTP/1.1" 200 4261
INFO 2024-03-05 12:37:48,058 basehttp 12448 24636 "GET /static/bootstrap/js/bootstrap.js HTTP/1.1" 200 148578
INFO 2024-03-05 12:37:48,064 basehttp 12448 9652 "GET /static/bootstrap/css/bootstrap.min.css HTTP/1.1" 200 155845
WARNING 2024-03-05 12:37:48,174 log 12448 9652 Not Found: /favicon.ico
WARNING 2024-03-05 12:37:48,174 basehttp 12448 9652 "GET /favicon.ico HTTP/1.1" 404 5885
INFO 2024-03-05 12:37:57,833 basehttp 12448 16680 "GET / HTTP/1.1" 302 0
INFO 2024-03-05 12:37:57,840 basehttp 12448 16680 "GET /index/ HTTP/1.1" 200 4261
INFO 2024-03-05 12:38:02,615 basehttp 12448 27772 "GET /login/ HTTP/1.1" 200 5076
INFO 2024-03-05 12:39:41,037 basehttp 12448 26792 "POST /login/ HTTP/1.1" 200 5233
INFO 2024-03-05 12:51:24,326 basehttp 12448 26024 "GET /register/ HTTP/1.1" 200 5590
INFO 2024-03-05 12:51:40,791 basehttp 12448 12372 "POST /login/ HTTP/1.1" 200 5233
INFO 2024-03-05 12:58:41,453 basehttp 12448 30712 "GET /register/ HTTP/1.1" 200 5590
INFO 2024-03-05 13:01:21,935 basehttp 12448 12648 "POST /register/ HTTP/1.1" 200 6476
INFO 2024-03-05 13:02:27,339 basehttp 12448 28288 "POST /register/ HTTP/1.1" 302 0
INFO 2024-03-05 13:02:27,345 basehttp 12448 28288 "GET /register_ok/ HTTP/1.1" 200 4565
INFO 2024-03-05 13:02:58,855 basehttp 12448 28288 "GET /login/ HTTP/1.1" 200 5076
INFO 2024-03-05 13:03:12,145 basehttp 12448 13088 "POST /login/ HTTP/1.1" 302 0
INFO 2024-03-05 13:03:12,149 basehttp 12448 13088 "GET / HTTP/1.1" 302 0
INFO 2024-03-05 13:03:12,156 basehttp 12448 13088 "GET /index/ HTTP/1.1" 200 5300
INFO 2024-03-05 13:03:19,605 basehttp 12448 13088 "GET /recipes/ HTTP/1.1" 200 8869
INFO 2024-03-05 13:11:36,088 basehttp 12448 32848 "GET /recipes/add/ HTTP/1.1" 200 7734
INFO 2024-03-05 13:27:27,185 basehttp 12448 21432 "POST /recipes/add/ HTTP/1.1" 302 0
INFO 2024-03-05 13:27:27,197 basehttp 12448 21432 "GET /recipes/ HTTP/1.1" 200 8869
INFO 2024-03-05 13:27:36,199 basehttp 12448 24456 "GET /recipes/ HTTP/1.1" 200 8869
INFO 2024-03-05 13:27:40,980 basehttp 12448 24456 "GET /recipes/ HTTP/1.1" 200 8869
INFO 2024-03-05 13:27:43,921 basehttp 12448 24456 "GET /recipes/ HTTP/1.1" 200 8869
INFO 2024-03-05 13:27:52,778 basehttp 12448 24608 "GET /recipes/add/ HTTP/1.1" 200 7734
INFO 2024-03-05 13:28:44,387 basehttp 12448 1524 "GET / HTTP/1.1" 302 0
INFO 2024-03-05 13:28:44,395 basehttp 12448 1524 "GET /index/ HTTP/1.1" 200 5300
INFO 2024-03-05 13:28:46,855 basehttp 12448 20332 "GET / HTTP/1.1" 302 0
INFO 2024-03-05 13:28:46,862 basehttp 12448 20332 "GET /index/ HTTP/1.1" 200 5300
INFO 2024-03-05 13:28:49,241 basehttp 12448 20332 "GET /recipes/ HTTP/1.1" 200 8869
INFO 2024-03-05 13:28:56,219 basehttp 12448 34068 "GET /recipes/add/ HTTP/1.1" 200 7734
INFO 2024-03-05 13:28:59,999 basehttp 12448 34068 "GET /recipes/ HTTP/1.1" 200 8869
INFO 2024-03-05 13:29:02,448 basehttp 12448 34068 "GET /recipes/ HTTP/1.1" 200 8869
INFO 2024-03-05 13:29:08,315 basehttp 12448 26300 "GET /profile/ HTTP/1.1" 200 5603
INFO 2024-03-05 13:29:14,096 basehttp 12448 26300 "GET /recipes/ HTTP/1.1" 200 8869
INFO 2024-03-05 13:29:16,140 basehttp 12448 2484 "GET /recipes/add/ HTTP/1.1" 200 7734
INFO 2024-03-05 13:36:06,267 basehttp 12448 32252 "POST /recipes/add/ HTTP/1.1" 302 0
INFO 2024-03-05 13:36:06,276 basehttp 12448 32252 "GET /recipes/ HTTP/1.1" 200 8869
INFO 2024-03-05 13:38:18,382 basehttp 12448 26000 "GET /recipes/ HTTP/1.1" 200 8869
INFO 2024-03-05 13:43:54,617 basehttp 12448 4276 "GET /index/ HTTP/1.1" 200 5300
INFO 2024-03-05 13:43:59,747 basehttp 12448 24472 "GET /recipes/ HTTP/1.1" 200 8869
INFO 2024-03-05 13:44:01,276 basehttp 12448 24472 "GET / HTTP/1.1" 302 0
INFO 2024-03-05 13:44:01,285 basehttp 12448 24472 "GET /index/ HTTP/1.1" 200 5300
INFO 2024-03-05 13:44:03,038 basehttp 12448 24472 "GET / HTTP/1.1" 302 0
INFO 2024-03-05 13:44:03,045 basehttp 12448 24472 "GET /index/ HTTP/1.1" 200 5300
INFO 2024-03-05 13:44:05,084 basehttp 12448 24472 "GET /recipes/ HTTP/1.1" 200 8869
INFO 2024-03-05 13:44:10,117 basehttp 12448 24304 "GET /profile/ HTTP/1.1" 200 5603
INFO 2024-03-05 13:44:12,632 basehttp 12448 24304 "GET /recipes/ HTTP/1.1" 200 8869
INFO 2024-03-05 13:44:21,227 basehttp 12448 23248 "GET / HTTP/1.1" 302 0
INFO 2024-03-05 13:44:21,239 basehttp 12448 23248 "GET /index/ HTTP/1.1" 200 5300
INFO 2024-03-05 13:46:46,331 autoreload 22812 9452 Watching for file changes with StatReloader
INFO 2024-03-05 13:46:51,565 basehttp 22812 24264 "GET /index/ HTTP/1.1" 200 5300
INFO 2024-03-05 13:46:54,792 basehttp 22812 24264 "GET /recipes/ HTTP/1.1" 200 8869
INFO 2024-03-05 13:46:56,111 basehttp 22812 24264 "GET /recipes/add/ HTTP/1.1" 200 7734
INFO 2024-03-05 13:47:00,906 basehttp 22812 32180 "GET /recipes/ HTTP/1.1" 200 8869
WARNING 2024-03-05 13:47:09,465 base 22812 24176 Method Not Allowed (GET): /logout/
WARNING 2024-03-05 13:47:09,466 log 22812 24176 Method Not Allowed: /logout/
WARNING 2024-03-05 13:47:09,466 basehttp 22812 24176 "GET /logout/ HTTP/1.1" 405 0
WARNING 2024-03-05 13:47:11,298 base 22812 24176 Method Not Allowed (GET): /logout/
WARNING 2024-03-05 13:47:11,298 log 22812 24176 Method Not Allowed: /logout/
WARNING 2024-03-05 13:47:11,298 basehttp 22812 24176 "GET /logout/ HTTP/1.1" 405 0
WARNING 2024-03-05 13:47:14,934 base 22812 24176 Method Not Allowed (GET): /logout/
WARNING 2024-03-05 13:47:14,934 log 22812 24176 Method Not Allowed: /logout/
WARNING 2024-03-05 13:47:14,935 basehttp 22812 24176 "GET /logout/ HTTP/1.1" 405 0
INFO 2024-03-05 13:47:22,978 basehttp 22812 17564 "GET / HTTP/1.1" 302 0
INFO 2024-03-05 13:47:22,985 basehttp 22812 17564 "GET /index/ HTTP/1.1" 200 5300
INFO 2024-03-05 13:47:25,874 basehttp 22812 17564 "GET / HTTP/1.1" 302 0
INFO 2024-03-05 13:47:25,885 basehttp 22812 17564 "GET /index/ HTTP/1.1" 200 5300
INFO 2024-03-05 13:47:29,839 basehttp 22812 25884 "GET /recipes/ HTTP/1.1" 200 8869
INFO 2024-03-05 13:47:32,409 basehttp 22812 25884 "GET /profile/ HTTP/1.1" 200 5603
WARNING 2024-03-05 13:47:33,864 base 22812 25884 Method Not Allowed (GET): /logout/
WARNING 2024-03-05 13:47:33,864 log 22812 25884 Method Not Allowed: /logout/
WARNING 2024-03-05 13:47:33,865 basehttp 22812 25884 "GET /logout/ HTTP/1.1" 405 0
INFO 2024-03-05 13:57:25,619 autoreload 20120 22520 Watching for file changes with StatReloader
WARNING 2024-03-05 13:57:55,634 base 20120 14688 Method Not Allowed (GET): /logout/
WARNING 2024-03-05 13:57:55,635 log 20120 14688 Method Not Allowed: /logout/
WARNING 2024-03-05 13:57:55,636 basehttp 20120 14688 "GET /logout/ HTTP/1.1" 405 0
WARNING 2024-03-05 14:00:08,887 base 20120 11408 Method Not Allowed (GET): /logout/
WARNING 2024-03-05 14:00:08,887 log 20120 11408 Method Not Allowed: /logout/
WARNING 2024-03-05 14:00:08,888 basehttp 20120 11408 "GET /logout/ HTTP/1.1" 405 0
INFO 2024-03-05 14:00:15,433 basehttp 20120 11408 "GET / HTTP/1.1" 302 0
INFO 2024-03-05 14:00:15,453 basehttp 20120 11408 "GET /index/ HTTP/1.1" 200 5300
INFO 2024-03-05 14:00:17,273 basehttp 20120 11408 "GET / HTTP/1.1" 302 0
INFO 2024-03-05 14:00:17,282 basehttp 20120 11408 "GET /index/ HTTP/1.1" 200 5300
INFO 2024-03-05 14:00:29,672 basehttp 20120 2988 "GET / HTTP/1.1" 302 0
INFO 2024-03-05 14:00:29,679 basehttp 20120 2988 "GET /index/ HTTP/1.1" 200 5300
INFO 2024-03-05 14:00:35,304 basehttp 20120 2988 "GET / HTTP/1.1" 302 0
INFO 2024-03-05 14:00:35,314 basehttp 20120 2988 "GET /index/ HTTP/1.1" 200 5300
INFO 2024-03-05 14:00:48,184 basehttp 20120 7524 "GET /recipes/ HTTP/1.1" 200 8869
INFO 2024-03-05 14:00:53,218 basehttp 20120 32884 "GET /recipes/ HTTP/1.1" 200 8869
INFO 2024-03-05 14:00:54,677 basehttp 20120 32884 "GET / HTTP/1.1" 302 0
INFO 2024-03-05 14:00:54,684 basehttp 20120 32884 "GET /index/ HTTP/1.1" 200 5300
INFO 2024-03-05 14:00:58,228 basehttp 20120 11796 "GET /recipes/ HTTP/1.1" 200 8869
INFO 2024-03-05 14:01:01,825 basehttp 20120 11796 "GET /profile/ HTTP/1.1" 200 5603
INFO 2024-03-05 14:01:06,762 basehttp 20120 11796 "GET /recipes/ HTTP/1.1" 200 8869
INFO 2024-03-05 14:01:17,345 basehttp 20120 15080 "GET / HTTP/1.1" 302 0
INFO 2024-03-05 14:01:17,351 basehttp 20120 15080 "GET /index/ HTTP/1.1" 200 5300
INFO 2024-03-05 14:01:20,345 basehttp 20120 34564 "GET / HTTP/1.1" 302 0
INFO 2024-03-05 14:01:20,352 basehttp 20120 34564 "GET /index/ HTTP/1.1" 200 5300
INFO 2024-03-05 14:01:22,057 basehttp 20120 34564 "GET /recipes/ HTTP/1.1" 200 8869
INFO 2024-03-05 14:03:31,092 autoreload 20120 22520 C:\Users\sonym\new_project\venv\recipe_site\recipe_app\forms.py changed, reloading.
INFO 2024-03-05 14:03:31,630 autoreload 23876 20456 Watching for file changes with StatReloader
INFO 2024-03-05 14:03:33,072 basehttp 23876 10900 "GET /recipes/ HTTP/1.1" 200 8869
INFO 2024-03-05 14:03:40,127 basehttp 23876 31012 "GET /recipes/add/ HTTP/1.1" 200 7734
WARNING 2024-03-05 14:03:59,791 log 23876 33536 Not Found: /recipes/edit/
WARNING 2024-03-05 14:03:59,791 basehttp 23876 33536 "GET /recipes/edit/ HTTP/1.1" 404 5891
WARNING 2024-03-05 14:06:52,654 log 23876 32132 Not Found: /recipes/edit/2/
WARNING 2024-03-05 14:06:52,655 basehttp 23876 32132 "GET /recipes/edit/2/ HTTP/1.1" 404 5897
WARNING 2024-03-05 14:08:17,976 log 23876 21928 Not Found: /recipes/edit/1/
WARNING 2024-03-05 14:08:17,977 basehttp 23876 21928 "GET /recipes/edit/1/ HTTP/1.1" 404 5897
WARNING 2024-03-05 14:08:24,212 log 23876 33788 Not Found: /recipes/edit/0/
WARNING 2024-03-05 14:08:24,214 basehttp 23876 33788 "GET /recipes/edit/0/ HTTP/1.1" 404 5897
WARNING 2024-03-05 14:08:29,032 log 23876 20884 Not Found: /recipes/edit/
WARNING 2024-03-05 14:08:29,033 basehttp 23876 20884 "GET /recipes/edit/ HTTP/1.1" 404 5891
WARNING 2024-03-05 14:08:33,925 log 23876 20884 Not Found: /recipes/edit
WARNING 2024-03-05 14:08:33,925 basehttp 23876 20884 "GET /recipes/edit HTTP/1.1" 404 5888
INFO 2024-03-05 14:09:34,519 basehttp 23876 17768 "GET /recipes/add/ HTTP/1.1" 200 7734
WARNING 2024-03-05 14:09:45,929 log 23876 32720 Not Found: /recipes/view
WARNING 2024-03-05 14:09:45,929 basehttp 23876 32720 "GET /recipes/view HTTP/1.1" 404 5888
WARNING 2024-03-05 14:10:14,411 log 23876 29540 Not Found: /recipes_view
WARNING 2024-03-05 14:10:14,411 basehttp 23876 29540 "GET /recipes_view HTTP/1.1" 404 5888
WARNING 2024-03-05 14:10:23,271 log 23876 22584 Not Found: /recipe_view
WARNING 2024-03-05 14:10:23,272 basehttp 23876 22584 "GET /recipe_view HTTP/1.1" 404 5885
WARNING 2024-03-05 14:11:13,367 log 23876 23112 Not Found: /recipes/Торт Графские развалины
WARNING 2024-03-05 14:11:13,368 basehttp 23876 23112 "GET /recipes/%D0%A2%D0%BE%D1%80%D1%82%20%D0%93%D1%80%D0%B0%D1%84%D1%81%D0%BA%D0%B8%D0%B5%20%D1%80%D0%B0%D0%B7%D0%B2%D0%B0%D0%BB%D0%B8%D0%BD%D1%8B HTTP/1.1" 404 6096
INFO 2024-03-05 14:22:14,309 basehttp 23876 28604 "GET /recipes HTTP/1.1" 301 0
INFO 2024-03-05 14:22:14,318 basehttp 23876 32480 "GET /recipes/ HTTP/1.1" 200 8869
INFO 2024-03-05 14:22:29,642 basehttp 23876 34216 "GET /recipes/add/ HTTP/1.1" 200 7734
INFO 2024-03-05 14:22:40,199 basehttp 23876 4088 "GET /recipes/del HTTP/1.1" 301 0
INFO 2024-03-05 14:22:40,204 basehttp 23876 2784 "GET /recipes/del/ HTTP/1.1" 302 0
INFO 2024-03-05 14:22:40,216 basehttp 23876 2784 "GET /recipes/ HTTP/1.1" 200 8869
WARNING 2024-03-05 14:23:43,647 log 23876 27924 Not Found: /recipes/edit/1/
WARNING 2024-03-05 14:23:43,648 basehttp 23876 27924 "GET /recipes/edit/1/ HTTP/1.1" 404 5897
WARNING 2024-03-05 14:25:14,389 log 23876 16544 Not Found: /recipe_view/1/
WARNING 2024-03-05 14:25:14,389 basehttp 23876 16544 "GET /recipe_view/1/ HTTP/1.1" 404 5894
INFO 2024-03-05 14:25:31,890 basehttp 23876 11928 "GET /recipes/del/ HTTP/1.1" 302 0
INFO 2024-03-05 14:25:31,898 basehttp 23876 11928 "GET /recipes/ HTTP/1.1" 200 8869
INFO 2024-03-05 14:27:22,842 basehttp 23876 24004 "GET /recipes/del/ HTTP/1.1" 302 0
INFO 2024-03-05 14:27:22,855 basehttp 23876 24004 "GET /recipes/ HTTP/1.1" 200 8869
WARNING 2024-03-05 14:27:38,879 log 23876 24004 Not Found: /recipes/edit/1/
WARNING 2024-03-05 14:27:38,879 basehttp 23876 24004 "GET /recipes/edit/1/ HTTP/1.1" 404 5897
WARNING 2024-03-05 14:28:56,192 log 23876 4164 Not Found: /recipes/edit/1
WARNING 2024-03-05 14:28:56,193 basehttp 23876 4164 "GET /recipes/edit/1 HTTP/1.1" 404 5385
INFO 2024-03-05 15:15:54,250 autoreload 23876 20456 C:\Users\sonym\new_project\venv\recipe_site\recipe_app\forms.py changed, reloading.
INFO 2024-03-05 15:15:55,144 autoreload 11224 20036 Watching for file changes with StatReloader
WARNING 2024-03-05 15:16:11,883 log 11224 22692 Not Found: /recipes/edit/1
WARNING 2024-03-05 15:16:11,884 basehttp 11224 22692 "GET /recipes/edit/1 HTTP/1.1" 404 5385
INFO 2024-03-05 15:16:18,721 basehttp 11224 13036 "GET /recipes/ HTTP/1.1" 200 8869
INFO 2024-03-05 15:16:22,789 basehttp 11224 13036 "GET /recipes/ HTTP/1.1" 200 8869
INFO 2024-03-05 15:16:24,130 basehttp 11224 13036 "GET /recipes/add/ HTTP/1.1" 200 7734
INFO 2024-03-05 15:16:26,990 basehttp 11224 31312 "GET /recipes/add/ HTTP/1.1" 200 7734
INFO 2024-03-05 15:16:28,227 basehttp 11224 31312 "GET /recipes/ HTTP/1.1" 200 8869
WARNING 2024-03-05 15:16:33,427 base 11224 31312 Method Not Allowed (GET): /logout/
WARNING 2024-03-05 15:16:33,428 log 11224 31312 Method Not Allowed: /logout/
WARNING 2024-03-05 15:16:33,429 basehttp 11224 31312 "GET /logout/ HTTP/1.1" 405 0
WARNING 2024-03-05 15:16:35,149 base 11224 31312 Method Not Allowed (GET): /logout/
WARNING 2024-03-05 15:16:35,149 log 11224 31312 Method Not Allowed: /logout/
WARNING 2024-03-05 15:16:35,149 basehttp 11224 31312 "GET /logout/ HTTP/1.1" 405 0
INFO 2024-03-05 15:16:42,642 basehttp 11224 27284 "GET / HTTP/1.1" 302 0
INFO 2024-03-05 15:16:42,653 basehttp 11224 27284 "GET /index/ HTTP/1.1" 200 5300
INFO 2024-03-05 15:16:46,217 basehttp 11224 13260 "GET /recipes/ HTTP/1.1" 200 8869
INFO 2024-03-05 15:16:47,583 basehttp 11224 13260 "GET / HTTP/1.1" 302 0
INFO 2024-03-05 15:16:47,589 basehttp 11224 13260 "GET /index/ HTTP/1.1" 200 5300
INFO 2024-03-05 15:16:48,457 basehttp 11224 13260 "GET /recipes/ HTTP/1.1" 200 8869
INFO 2024-03-05 15:16:49,432 basehttp 11224 13260 "GET /recipes/add/ HTTP/1.1" 200 7734
INFO 2024-03-05 15:16:50,973 basehttp 11224 13260 "GET /recipes/ HTTP/1.1" 200 8869
INFO 2024-03-05 15:16:57,497 basehttp 11224 24628 "GET /recipes/add/ HTTP/1.1" 200 7734
INFO 2024-03-05 15:50:47,070 autoreload 23940 29976 Watching for file changes with StatReloader
INFO 2024-03-05 15:50:57,125 basehttp 23940 19648 "GET / HTTP/1.1" 302 0
INFO 2024-03-05 15:50:57,150 basehttp 23940 19648 "GET /index/ HTTP/1.1" 200 5300
INFO 2024-03-05 15:51:06,926 basehttp 23940 31128 "GET / HTTP/1.1" 302 0
INFO 2024-03-05 15:51:06,936 basehttp 23940 31128 "GET /index/ HTTP/1.1" 200 5300
INFO 2024-03-05 15:51:09,512 basehttp 23940 31128 "GET /recipes/ HTTP/1.1" 200 8869
INFO 2024-03-05 15:51:11,402 basehttp 23940 31128 "GET /recipes/add/ HTTP/1.1" 200 7734
INFO 2024-03-05 15:55:52,510 basehttp 23940 18980 "POST /recipes/add/ HTTP/1.1" 302 0
INFO 2024-03-05 15:55:52,518 basehttp 23940 18980 "GET /recipes/ HTTP/1.1" 200 8869
INFO 2024-03-05 15:56:02,491 basehttp 23940 17840 "GET /recipes/ HTTP/1.1" 200 8869
WARNING 2024-03-05 15:56:23,783 log 23940 30552 Not Found: /recipe_view/
WARNING 2024-03-05 15:56:23,784 basehttp 23940 30552 "GET /recipe_view/ HTTP/1.1" 404 5888
WARNING 2024-03-05 15:56:36,590 log 23940 22024 Not Found: /recipe_view/1/
WARNING 2024-03-05 15:56:36,590 basehttp 23940 22024 "GET /recipe_view/1/ HTTP/1.1" 404 5894
WARNING 2024-03-05 16:13:55,673 log 23940 23520 Not Found: /recipe_view/1/
WARNING 2024-03-05 16:13:55,674 basehttp 23940 23520 "GET /recipe_view/1/ HTTP/1.1" 404 5894
WARNING 2024-03-05 16:39:07,533 log 23940 21888 Not Found: /recipe_view/1/
WARNING 2024-03-05 16:39:07,534 basehttp 23940 21888 "GET /recipe_view/1/ HTTP/1.1" 404 5894
INFO 2024-03-05 16:39:22,542 basehttp 23940 19256 "GET /recipes/add/ HTTP/1.1" 200 7734
INFO 2024-03-05 16:39:31,674 basehttp 23940 31204 "GET /recipes/ HTTP/1.1" 200 8861
INFO 2024-03-05 16:39:33,543 basehttp 23940 27360 "GET /recipes/add/ HTTP/1.1" 200 7734
INFO 2024-03-05 16:39:35,198 basehttp 23940 27360 "GET /recipes/ HTTP/1.1" 200 8861
INFO 2024-03-05 16:39:40,726 basehttp 23940 27360 "GET / HTTP/1.1" 302 0
INFO 2024-03-05 16:39:40,737 basehttp 23940 27360 "GET /index/ HTTP/1.1" 200 5300
INFO 2024-03-05 16:39:42,017 basehttp 23940 27360 "GET / HTTP/1.1" 302 0
INFO 2024-03-05 16:39:42,024 basehttp 23940 27360 "GET /index/ HTTP/1.1" 200 5300
INFO 2024-03-05 16:39:43,018 basehttp 23940 31496 "GET /recipes/ HTTP/1.1" 200 8861
INFO 2024-03-05 16:42:04,194 basehttp 23940 12640 "GET /admin HTTP/1.1" 301 0
INFO 2024-03-05 16:42:04,216 basehttp 23940 31244 "GET /admin/ HTTP/1.1" 302 0
INFO 2024-03-05 16:42:04,298 basehttp 23940 31244 "GET /admin/login/?next=/admin/ HTTP/1.1" 200 3683
INFO 2024-03-05 16:42:04,485 basehttp 23940 8220 "GET /static/admin/css/dark_mode.css HTTP/1.1" 200 2682
INFO 2024-03-05 16:42:04,489 basehttp 23940 8220 "GET /static/admin/js/nav_sidebar.js HTTP/1.1" 200 3063
INFO 2024-03-05 16:42:04,499 basehttp 23940 33172 "GET /static/admin/css/login.css HTTP/1.1" 200 958
INFO 2024-03-05 16:42:04,499 basehttp 23940 31584 "GET /static/admin/css/nav_sidebar.css HTTP/1.1" 200 2810
INFO 2024-03-05 16:42:04,503 basehttp 23940 31244 "GET /static/admin/css/base.css HTTP/1.1" 200 21544
INFO 2024-03-05 16:42:04,507 basehttp 23940 19100 "GET /static/admin/css/responsive.css HTTP/1.1" 200 17905
INFO 2024-03-05 16:42:04,514 basehttp 23940 17432 "GET /static/admin/js/theme.js HTTP/1.1" 200 1943
INFO 2024-03-05 16:42:42,197 basehttp 23940 12920 "POST /admin/login/?next=/admin/ HTTP/1.1" 200 3844
INFO 2024-03-05 16:46:09,899 autoreload 18768 32788 Watching for file changes with StatReloader
INFO 2024-03-05 16:46:27,759 basehttp 18768 13892 "POST /admin/login/?next=/admin/ HTTP/1.1" 302 0
INFO 2024-03-05 16:46:27,811 basehttp 18768 13892 "GET /admin/ HTTP/1.1" 200 6669
INFO 2024-03-05 16:46:27,881 basehttp 18768 13892 "GET /static/admin/css/dashboard.css HTTP/1.1" 200 441
INFO 2024-03-05 16:46:27,890 basehttp 18768 24848 "GET /static/admin/img/icon-changelink.svg HTTP/1.1" 200 380
INFO 2024-03-05 16:46:27,891 basehttp 18768 13892 "GET /static/admin/img/icon-addlink.svg HTTP/1.1" 200 331
INFO 2024-03-05 16:46:46,532 basehttp 18768 3892 "GET /admin/recipe_app/user/ HTTP/1.1" 200 11657
INFO 2024-03-05 16:46:46,568 basehttp 18768 12944 "GET /static/admin/js/jquery.init.js HTTP/1.1" 200 347
INFO 2024-03-05 16:46:46,569 basehttp 18768 3892 "GET /static/admin/css/changelists.css HTTP/1.1" 200 6811
INFO 2024-03-05 16:46:46,576 basehttp 18768 1904 "GET /admin/jsi18n/ HTTP/1.1" 200 3342
INFO 2024-03-05 16:46:46,578 basehttp 18768 12944 "GET /static/admin/js/prepopulate.js HTTP/1.1" 200 1531
INFO 2024-03-05 16:46:46,579 basehttp 18768 34776 "GET /static/admin/js/admin/RelatedObjectLookups.js HTTP/1.1" 200 9042
INFO 2024-03-05 16:46:46,579 basehttp 18768 2232 "GET /static/admin/js/urlify.js HTTP/1.1" 200 7887
INFO 2024-03-05 16:46:46,587 basehttp 18768 34776 "GET /static/admin/js/actions.js HTTP/1.1" 200 8067
INFO 2024-03-05 16:46:46,588 basehttp 18768 5488 "GET /static/admin/js/vendor/jquery/jquery.js HTTP/1.1" 200 285314
INFO 2024-03-05 16:46:46,589 basehttp 18768 1904 "GET /static/admin/js/core.js HTTP/1.1" 200 6208
INFO 2024-03-05 16:46:46,591 basehttp 18768 3892 "GET /static/admin/js/vendor/xregexp/xregexp.js HTTP/1.1" 200 325171
INFO 2024-03-05 16:46:46,593 basehttp 18768 12944 "GET /static/admin/img/search.svg HTTP/1.1" 200 458
INFO 2024-03-05 16:46:46,608 basehttp 18768 12944 "GET /static/admin/img/icon-yes.svg HTTP/1.1" 200 436
INFO 2024-03-05 16:46:46,611 basehttp 18768 3892 "GET /static/admin/img/icon-no.svg HTTP/1.1" 200 560
INFO 2024-03-05 16:46:46,627 basehttp 18768 3892 "GET /static/admin/js/filters.js HTTP/1.1" 200 978
INFO 2024-03-05 16:46:46,632 basehttp 18768 3892 "GET /static/admin/img/sorting-icons.svg HTTP/1.1" 200 1097
INFO 2024-03-05 16:46:46,633 basehttp 18768 34776 "GET /static/admin/img/tooltag-add.svg HTTP/1.1" 200 331
INFO 2024-03-05 16:46:46,633 basehttp 18768 12944 "GET /static/admin/img/icon-viewlink.svg HTTP/1.1" 200 581
INFO 2024-03-05 16:46:51,817 basehttp 18768 12944 "GET /admin/recipe_app/recipe/ HTTP/1.1" 200 8105
INFO 2024-03-05 16:46:51,846 basehttp 18768 12944 "GET /admin/jsi18n/ HTTP/1.1" 200 3342
INFO 2024-03-05 16:46:58,607 basehttp 18768 26196 "GET /admin/recipe_app/category/ HTTP/1.1" 200 8119
INFO 2024-03-05 16:46:58,628 basehttp 18768 26196 "GET /admin/jsi18n/ HTTP/1.1" 200 3342
INFO 2024-03-05 16:47:00,787 basehttp 18768 26196 "GET /admin/recipe_app/recipe/ HTTP/1.1" 200 8105
INFO 2024-03-05 16:47:00,816 basehttp 18768 26196 "GET /admin/jsi18n/ HTTP/1.1" 200 3342
INFO 2024-03-05 16:47:17,582 basehttp 18768 20536 "GET /admin/recipe_app/recipe/add/ HTTP/1.1" 200 14768
INFO 2024-03-05 16:47:17,607 basehttp 18768 26040 "GET /static/admin/js/prepopulate_init.js HTTP/1.1" 200 586
INFO 2024-03-05 16:47:17,607 basehttp 18768 33012 "GET /static/admin/css/forms.css HTTP/1.1" 200 9090
INFO 2024-03-05 16:47:17,610 basehttp 18768 20536 "GET /admin/jsi18n/ HTTP/1.1" 200 3342
INFO 2024-03-05 16:47:17,620 basehttp 18768 33012 "GET /static/admin/css/widgets.css HTTP/1.1" 200 11800
INFO 2024-03-05 16:47:17,621 basehttp 18768 20536 "GET /static/admin/js/change_form.js HTTP/1.1" 200 606
INFO 2024-03-05 16:50:21,865 basehttp 18768 13412 "POST /admin/recipe_app/recipe/add/ HTTP/1.1" 200 18368
INFO 2024-03-05 16:50:21,899 basehttp 18768 13412 "GET /admin/jsi18n/ HTTP/1.1" 200 3342
INFO 2024-03-05 16:50:29,490 basehttp 18768 34244 "GET /admin/recipe_app/category/add/?_to_field=id&_popup=1 HTTP/1.1" 200 4376
INFO 2024-03-05 16:50:29,518 basehttp 18768 34244 "GET /admin/jsi18n/ HTTP/1.1" 200 3342
INFO 2024-03-05 16:50:54,057 basehttp 18768 15564 "POST /admin/recipe_app/category/add/?_to_field=id&_popup=1 HTTP/1.1" 200 350
INFO 2024-03-05 16:50:54,076 basehttp 18768 15564 "GET /static/admin/js/popup_response.js HTTP/1.1" 200 551
INFO 2024-03-05 16:51:05,040 basehttp 18768 4736 "POST /admin/recipe_app/recipe/add/ HTTP/1.1" 200 18418
INFO 2024-03-05 16:51:05,070 basehttp 18768 4736 "GET /admin/jsi18n/ HTTP/1.1" 200 3342
INFO 2024-03-05 16:51:26,632 basehttp 18768 24644 "POST /admin/recipe_app/recipe/add/ HTTP/1.1" 302 0
INFO 2024-03-05 16:51:26,651 basehttp 18768 24644 "GET /admin/recipe_app/recipe/ HTTP/1.1" 200 11476
INFO 2024-03-05 16:51:26,683 basehttp 18768 24644 "GET /admin/jsi18n/ HTTP/1.1" 200 3342
INFO 2024-03-05 16:51:48,136 basehttp 18768 9916 "GET /admin/recipe_app/category/ HTTP/1.1" 200 9634
INFO 2024-03-05 16:51:48,155 basehttp 18768 9916 "GET /admin/jsi18n/ HTTP/1.1" 200 3342
INFO 2024-03-05 16:51:53,466 basehttp 18768 9916 "GET /admin/recipe_app/category/add/ HTTP/1.1" 200 8557
INFO 2024-03-05 16:51:53,502 basehttp 18768 9916 "GET /admin/jsi18n/ HTTP/1.1" 200 3342
INFO 2024-03-05 16:52:00,444 basehttp 18768 11660 "POST /admin/recipe_app/category/add/ HTTP/1.1" 302 0
INFO 2024-03-05 16:52:00,458 basehttp 18768 11660 "GET /admin/recipe_app/category/add/ HTTP/1.1" 200 8807
INFO 2024-03-05 16:52:00,483 basehttp 18768 11660 "GET /admin/jsi18n/ HTTP/1.1" 200 3342
INFO 2024-03-05 16:52:59,290 basehttp 18768 16340 "POST /admin/recipe_app/category/add/ HTTP/1.1" 302 0
INFO 2024-03-05 16:52:59,302 basehttp 18768 16340 "GET /admin/recipe_app/category/add/ HTTP/1.1" 200 8816
INFO 2024-03-05 16:52:59,339 basehttp 18768 16340 "GET /admin/jsi18n/ HTTP/1.1" 200 3342
INFO 2024-03-05 16:53:06,585 basehttp 18768 19172 "POST /admin/recipe_app/category/add/ HTTP/1.1" 302 0
INFO 2024-03-05 16:53:06,602 basehttp 18768 19172 "GET /admin/recipe_app/category/ HTTP/1.1" 200 10734
INFO 2024-03-05 16:53:06,632 basehttp 18768 19172 "GET /admin/jsi18n/ HTTP/1.1" 200 3342
INFO 2024-03-05 16:56:03,397 basehttp 18768 12696 "GET /admin/recipe_app/category/1/change/ HTTP/1.1" 200 8801
INFO 2024-03-05 16:56:03,433 basehttp 18768 12696 "GET /admin/jsi18n/ HTTP/1.1" 200 3342
INFO 2024-03-05 16:56:16,030 basehttp 18768 13804 "POST /admin/recipe_app/category/1/change/ HTTP/1.1" 302 0
INFO 2024-03-05 16:56:16,047 basehttp 18768 13804 "GET /admin/recipe_app/category/ HTTP/1.1" 200 10729
INFO 2024-03-05 16:56:16,071 basehttp 18768 13804 "GET /admin/jsi18n/ HTTP/1.1" 200 3342
INFO 2024-03-05 16:59:33,828 basehttp 18768 13804 "GET /admin/recipe_app/recipe/add/ HTTP/1.1" 200 14964
INFO 2024-03-05 16:59:33,863 basehttp 18768 13804 "GET /admin/jsi18n/ HTTP/1.1" 200 3342
INFO 2024-03-05 17:03:25,109 basehttp 18768 15296 "POST /admin/recipe_app/recipe/add/ HTTP/1.1" 302 0
INFO 2024-03-05 17:03:25,128 basehttp 18768 15296 "GET /admin/recipe_app/recipe/add/ HTTP/1.1" 200 15211
INFO 2024-03-05 17:03:25,161 basehttp 18768 15296 "GET /admin/jsi18n/ HTTP/1.1" 200 3342
INFO 2024-03-05 17:05:20,026 basehttp 18768 6744 "POST /admin/recipe_app/recipe/add/ HTTP/1.1" 200 16935
INFO 2024-03-05 17:05:20,126 basehttp 18768 6744 "GET /admin/jsi18n/ HTTP/1.1" 200 3342
INFO 2024-03-05 17:05:34,205 basehttp 18768 6744 "POST /admin/recipe_app/recipe/add/ HTTP/1.1" 302 0
INFO 2024-03-05 17:05:34,224 basehttp 18768 6744 "GET /admin/recipe_app/recipe/add/ HTTP/1.1" 200 15211
INFO 2024-03-05 17:05:34,255 basehttp 18768 6744 "GET /admin/jsi18n/ HTTP/1.1" 200 3342
INFO 2024-03-05 17:09:44,166 basehttp 18768 26200 "POST /admin/recipe_app/recipe/add/ HTTP/1.1" 302 0
INFO 2024-03-05 17:09:44,185 basehttp 18768 26200 "GET /admin/recipe_app/recipe/add/ HTTP/1.1" 200 15211
INFO 2024-03-05 17:09:44,210 basehttp 18768 26200 "GET /admin/jsi18n/ HTTP/1.1" 200 3342
INFO 2024-03-05 17:09:50,150 basehttp 18768 26200 "GET /admin/recipe_app/category/ HTTP/1.1" 200 10515
INFO 2024-03-05 17:09:50,185 basehttp 18768 26200 "GET /admin/jsi18n/ HTTP/1.1" 200 3342
INFO 2024-03-05 17:09:58,108 basehttp 18768 26200 "GET /admin/recipe_app/recipe/ HTTP/1.1" 200 16841
INFO 2024-03-05 17:09:58,128 basehttp 18768 26200 "GET /admin/jsi18n/ HTTP/1.1" 200 3342
INFO 2024-03-05 17:10:01,299 basehttp 18768 26200 "GET /admin/recipe_app/category/ HTTP/1.1" 200 10515
INFO 2024-03-05 17:10:01,333 basehttp 18768 26200 "GET /admin/jsi18n/ HTTP/1.1" 200 3342
INFO 2024-03-05 17:10:15,443 basehttp 18768 26200 "GET /admin/recipe_app/recipe/ HTTP/1.1" 200 16841
INFO 2024-03-05 17:10:15,464 basehttp 18768 26200 "GET /admin/jsi18n/ HTTP/1.1" 200 3342
INFO 2024-03-05 17:10:41,404 basehttp 18768 26200 "GET /admin/recipe_app/recipe/add/ HTTP/1.1" 200 14964
INFO 2024-03-05 17:10:41,436 basehttp 18768 26200 "GET /admin/jsi18n/ HTTP/1.1" 200 3342
INFO 2024-03-05 17:13:35,523 basehttp 18768 22472 "POST /admin/recipe_app/recipe/add/ HTTP/1.1" 302 0
INFO 2024-03-05 17:13:35,543 basehttp 18768 22472 "GET /admin/recipe_app/recipe/ HTTP/1.1" 200 18245
INFO 2024-03-05 17:13:35,579 basehttp 18768 22472 "GET /admin/jsi18n/ HTTP/1.1" 200 3342
INFO 2024-03-05 17:13:45,129 basehttp 18768 22472 "GET /admin/auth/group/add/ HTTP/1.1" 200 12222
INFO 2024-03-05 17:13:45,163 basehttp 18768 22472 "GET /static/admin/js/SelectBox.js HTTP/1.1" 200 4530
INFO 2024-03-05 17:13:45,165 basehttp 18768 29432 "GET /static/admin/js/SelectFilter2.js HTTP/1.1" 200 15492
INFO 2024-03-05 17:13:45,169 basehttp 18768 32544 "GET /admin/jsi18n/ HTTP/1.1" 200 3342
INFO 2024-03-05 17:13:45,202 basehttp 18768 32544 "GET /static/admin/img/icon-unknown.svg HTTP/1.1" 200 655
INFO 2024-03-05 17:13:45,202 basehttp 18768 29432 "GET /static/admin/img/selector-icons.svg HTTP/1.1" 200 3291
INFO 2024-03-05 17:13:45,202 basehttp 18768 22472 "GET /static/admin/img/icon-unknown-alt.svg HTTP/1.1" 200 655
INFO 2024-03-05 17:14:20,219 basehttp 18768 22472 "GET /admin/ HTTP/1.1" 200 10314
INFO 2024-03-05 17:16:50,594 basehttp 18768 16208 "GET /admin/recipe_app/recipe/4/change/ HTTP/1.1" 200 19625
INFO 2024-03-05 17:16:50,650 basehttp 18768 16208 "GET /admin/jsi18n/ HTTP/1.1" 200 3342
INFO 2024-03-05 17:16:57,143 basehttp 18768 6044 "GET /admin/recipe_app/recipe/ HTTP/1.1" 200 18032
INFO 2024-03-05 17:16:57,170 basehttp 18768 6044 "GET /admin/jsi18n/ HTTP/1.1" 200 3342
INFO 2024-03-05 17:16:58,789 basehttp 18768 6044 "GET /admin/recipe_app/ HTTP/1.1" 200 5944
INFO 2024-03-05 17:17:02,398 basehttp 18768 27232 "GET /admin/ HTTP/1.1" 200 10314
INFO 2024-03-05 17:17:10,515 basehttp 18768 27232 "GET / HTTP/1.1" 302 0
INFO 2024-03-05 17:17:10,533 basehttp 18768 27232 "GET /index/ HTTP/1.1" 200 11557
INFO 2024-03-05 17:17:10,566 basehttp 18768 22532 "GET /media/img/%D0%A2%D0%BE%D1%80%D1%82_%D0%93%D1%80%D0%B0%D1%84%D1%81%D0%BA%D0%B8%D0%B5_%D1%80%D0%B0%D0%B7%D0%B2%D0%B0%D0%BB%D0%B8%D0%BD%D1%8B.webp HTTP/1.1" 200 27016
INFO 2024-03-05 17:17:10,567 basehttp 18768 27232 "GET /media/img/%D0%A1%D0%BE%D0%BB%D1%8F%D0%BD%D0%BA%D0%B0.webp HTTP/1.1" 200 85990
INFO 2024-03-05 17:17:10,570 basehttp 18768 18724 "GET /media/img/%D0%9B%D0%B0%D0%B7%D0%B0%D0%BD%D1%8C%D1%8F.webp HTTP/1.1" 200 48122
INFO 2024-03-05 17:17:31,997 basehttp 18768 27828 "GET /recipes/ HTTP/1.1" 200 8863
INFO 2024-03-05 17:17:34,322 basehttp 18768 27828 "GET / HTTP/1.1" 302 0
INFO 2024-03-05 17:17:34,331 basehttp 18768 27828 "GET /index/ HTTP/1.1" 200 11799
INFO 2024-03-05 17:17:34,364 basehttp 18768 27828 "GET /media/img/%D0%9E%D1%81%D0%B5%D1%82%D0%B8%D0%BD%D1%81%D0%BA%D0%B8%D0%B5_%D0%BF%D0%B8%D1%80%D0%BE%D0%B3%D0%B8_%D1%81_%D1%81%D1%8B%D1%80%D0%BE%D0%BC_%D0%B8_%D1%88%D0%BF%D0%B8%D0%BD%D0%B0%D1%82%D0%BE%D0%BC.webp HTTP/1.1" 200 55712
INFO 2024-03-05 17:18:05,218 basehttp 18768 25952 "GET /recipes/ HTTP/1.1" 200 8863
INFO 2024-03-05 17:18:07,084 basehttp 18768 25952 "GET / HTTP/1.1" 302 0
INFO 2024-03-05 17:18:07,092 basehttp 18768 25952 "GET /index/ HTTP/1.1" 200 11588
INFO 2024-03-05 17:18:07,125 basehttp 18768 25952 "GET /media/img/%D0%A1%D0%BE%D0%BB%D1%8F%D0%BD%D0%BA%D0%B0.webp HTTP/1.1" 304 0
INFO 2024-03-05 17:18:07,130 basehttp 18768 17948 "GET /media/img/Shepferds_pie.webp HTTP/1.1" 200 86024
INFO 2024-03-05 17:18:14,210 basehttp 18768 11324 "GET /index/ HTTP/1.1" 200 11557
INFO 2024-03-05 17:18:14,223 basehttp 18768 11324 "GET /media/img/%D0%9B%D0%B0%D0%B7%D0%B0%D0%BD%D1%8C%D1%8F.webp HTTP/1.1" 304 0
INFO 2024-03-05 17:18:17,582 basehttp 18768 11324 "GET /index/ HTTP/1.1" 200 11628
INFO 2024-03-05 17:18:20,288 basehttp 18768 11324 "GET /index/ HTTP/1.1" 200 11834
INFO 2024-03-05 17:18:43,205 basehttp 18768 11324 "GET /profile/ HTTP/1.1" 200 5595
INFO 2024-03-05 17:18:45,927 basehttp 18768 11324 "GET /profile/ HTTP/1.1" 200 5595
INFO 2024-03-05 17:18:57,312 basehttp 18768 11324 "GET /admin/ HTTP/1.1" 200 10314
INFO 2024-03-05 17:19:25,546 basehttp 18768 11324 "GET /admin/recipe_app/recipe/add/ HTTP/1.1" 200 14964
INFO 2024-03-05 17:19:25,587 basehttp 18768 11324 "GET /admin/jsi18n/ HTTP/1.1" 200 3342
INFO 2024-03-05 17:24:04,422 basehttp 18768 33388 "POST /admin/recipe_app/recipe/add/ HTTP/1.1" 302 0
INFO 2024-03-05 17:24:04,442 basehttp 18768 33388 "GET /admin/recipe_app/recipe/ HTTP/1.1" 200 20822
INFO 2024-03-05 17:24:04,477 basehttp 18768 33388 "GET /admin/jsi18n/ HTTP/1.1" 200 3342
INFO 2024-03-05 17:24:08,635 basehttp 18768 33388 "GET / HTTP/1.1" 302 0
INFO 2024-03-05 17:24:08,644 basehttp 18768 33388 "GET /index/ HTTP/1.1" 200 11950
INFO 2024-03-05 17:24:08,677 basehttp 18768 29668 "GET /media/img/%D0%9E%D1%81%D0%B5%D1%82%D0%B8%D0%BD%D1%81%D0%BA%D0%B8%D0%B5_%D0%BF%D0%B8%D1%80%D0%BE%D0%B3%D0%B8_%D1%81_%D1%81%D1%8B%D1%80%D0%BE%D0%BC_%D0%B8_%D1%88%D0%BF%D0%B8%D0%BD%D0%B0%D1%82%D0%BE%D0%BC.webp HTTP/1.1" 304 0
INFO 2024-03-05 17:24:08,677 basehttp 18768 33388 "GET /media/img/%D0%A1%D1%82%D1%80%D0%BE%D0%BC%D0%B1%D0%BE%D0%BB%D0%B8.webp HTTP/1.1" 200 117208
INFO 2024-03-05 17:24:08,682 basehttp 18768 7560 "GET /media/img/%D0%A2%D0%BE%D1%80%D1%82_%D0%93%D1%80%D0%B0%D1%84%D1%81%D0%BA%D0%B8%D0%B5_%D1%80%D0%B0%D0%B7%D0%B2%D0%B0%D0%BB%D0%B8%D0%BD%D1%8B.webp HTTP/1.1" 304 0
INFO 2024-03-05 17:24:08,686 basehttp 18768 27284 "GET /media/img/Shepferds_pie.webp HTTP/1.1" 304 0
INFO 2024-03-05 17:24:12,428 basehttp 18768 27284 "GET /index/ HTTP/1.1" 200 11528
INFO 2024-03-05 17:24:12,441 basehttp 18768 27284 "GET /media/img/%D0%A1%D1%82%D1%80%D0%BE%D0%BC%D0%B1%D0%BE%D0%BB%D0%B8.webp HTTP/1.1" 304 0
INFO 2024-03-05 17:24:15,262 basehttp 18768 27284 "GET /index/ HTTP/1.1" 200 11362
INFO 2024-03-05 17:24:15,279 basehttp 18768 27284 "GET /media/img/%D0%A1%D1%82%D1%80%D0%BE%D0%BC%D0%B1%D0%BE%D0%BB%D0%B8.webp HTTP/1.1" 304 0
INFO 2024-03-05 17:24:15,279 basehttp 18768 7560 "GET /media/img/%D0%9B%D0%B0%D0%B7%D0%B0%D0%BD%D1%8C%D1%8F.webp HTTP/1.1" 304 0
INFO 2024-03-05 17:24:18,852 basehttp 18768 27284 "GET /index/ HTTP/1.1" 200 11292
INFO 2024-03-05 17:24:18,867 basehttp 18768 27284 "GET /media/img/%D0%A1%D0%BE%D0%BB%D1%8F%D0%BD%D0%BA%D0%B0.webp HTTP/1.1" 304 0
INFO 2024-03-05 17:24:18,868 basehttp 18768 7560 "GET /media/img/%D0%A1%D1%82%D1%80%D0%BE%D0%BC%D0%B1%D0%BE%D0%BB%D0%B8.webp HTTP/1.1" 304 0
INFO 2024-03-05 17:24:21,119 basehttp 18768 7560 "GET /index/ HTTP/1.1" 200 11292
INFO 2024-03-05 17:24:21,132 basehttp 18768 7560 "GET /media/img/%D0%A1%D1%82%D1%80%D0%BE%D0%BC%D0%B1%D0%BE%D0%BB%D0%B8.webp HTTP/1.1" 304 0
INFO 2024-03-05 17:24:25,508 basehttp 18768 7560 "GET /index/ HTTP/1.1" 200 11477
INFO 2024-03-05 17:24:25,521 basehttp 18768 7560 "GET /media/img/%D0%A1%D1%82%D1%80%D0%BE%D0%BC%D0%B1%D0%BE%D0%BB%D0%B8.webp HTTP/1.1" 304 0
INFO 2024-03-05 17:24:26,677 basehttp 18768 7560 "GET /index/ HTTP/1.1" 200 11584
INFO 2024-03-05 17:24:28,578 basehttp 18768 7560 "GET /index/ HTTP/1.1" 200 11880
INFO 2024-03-05 17:24:31,025 basehttp 18768 7560 "GET /recipe_view/4 HTTP/1.1" 200 10661
INFO 2024-03-05 17:24:41,833 basehttp 18768 18520 "GET /recipes/ HTTP/1.1" 200 8863
WARNING 2024-03-05 17:24:48,459 base 18768 18520 Method Not Allowed (GET): /logout/
WARNING 2024-03-05 17:24:48,459 log 18768 18520 Method Not Allowed: /logout/
WARNING 2024-03-05 17:24:48,460 basehttp 18768 18520 "GET /logout/ HTTP/1.1" 405 0
WARNING 2024-03-05 17:24:50,307 base 18768 18520 Method Not Allowed (GET): /logout/
WARNING 2024-03-05 17:24:50,307 log 18768 18520 Method Not Allowed: /logout/
WARNING 2024-03-05 17:24:50,307 basehttp 18768 18520 "GET /logout/ HTTP/1.1" 405 0
INFO 2024-03-05 17:25:00,086 basehttp 18768 18520 "GET / HTTP/1.1" 302 0
INFO 2024-03-05 17:25:00,099 basehttp 18768 18520 "GET /index/ HTTP/1.1" 200 11503
INFO 2024-03-05 17:25:00,186 basehttp 18768 18520 "GET /media/img/%D0%A1%D1%82%D1%80%D0%BE%D0%BC%D0%B1%D0%BE%D0%BB%D0%B8.webp HTTP/1.1" 304 0
INFO 2024-03-05 17:25:03,547 basehttp 18768 18520 "GET /profile/ HTTP/1.1" 200 5595
WARNING 2024-03-05 17:25:10,675 base 18768 18520 Method Not Allowed (GET): /logout/
WARNING 2024-03-05 17:25:10,676 log 18768 18520 Method Not Allowed: /logout/
WARNING 2024-03-05 17:25:10,676 basehttp 18768 18520 "GET /logout/ HTTP/1.1" 405 0
INFO 2024-03-05 17:25:24,356 basehttp 18768 20696 "GET /login/ HTTP/1.1" 200 6110
INFO 2024-03-05 17:25:44,506 basehttp 18768 9556 "POST /login/ HTTP/1.1" 302 0
INFO 2024-03-05 17:25:44,509 basehttp 18768 9556 "GET / HTTP/1.1" 302 0
INFO 2024-03-05 17:25:44,518 basehttp 18768 9556 "GET /index/ HTTP/1.1" 200 11825
INFO 2024-03-05 17:25:44,551 basehttp 18768 9556 "GET /media/img/%D0%9B%D0%B0%D0%B7%D0%B0%D0%BD%D1%8C%D1%8F.webp HTTP/1.1" 304 0
INFO 2024-03-05 17:25:53,883 basehttp 18768 25424 "GET /recipe_view/1 HTTP/1.1" 200 9973
INFO 2024-03-05 17:25:59,726 basehttp 18768 25424 "GET /recipes/ HTTP/1.1" 200 25692
INFO 2024-03-05 17:26:19,585 basehttp 18768 25424 "GET /recipes/edit/3 HTTP/1.1" 200 10203
INFO 2024-03-05 17:26:33,569 basehttp 18768 25424 "POST /recipes/edit/3 HTTP/1.1" 302 0
INFO 2024-03-05 17:26:33,581 basehttp 18768 25424 "GET /recipes/ HTTP/1.1" 200 25692
INFO 2024-03-05 17:26:41,409 basehttp 18768 25424 "GET /recipes/add/ HTTP/1.1" 200 8322
INFO 2024-03-05 17:27:06,759 basehttp 18768 11856 "POST /recipes/add/ HTTP/1.1" 302 0
INFO 2024-03-05 17:27:06,770 basehttp 18768 11856 "GET /recipes/ HTTP/1.1" 200 28227
INFO 2024-03-05 17:28:44,237 basehttp 18768 15580 "GET /recipes/edit/7 HTTP/1.1" 200 8621
INFO 2024-03-05 17:32:49,373 basehttp 18768 5392 "POST /recipes/edit/7 HTTP/1.1" 302 0
INFO 2024-03-05 17:32:49,384 basehttp 18768 5392 "GET /recipes/ HTTP/1.1" 200 28227
INFO 2024-03-05 17:33:01,851 basehttp 18768 5392 "GET /recipes/edit/7 HTTP/1.1" 200 8621
INFO 2024-03-05 17:33:15,070 basehttp 18768 5392 "POST /recipes/edit/7 HTTP/1.1" 302 0
INFO 2024-03-05 17:33:15,094 basehttp 18768 5392 "GET /recipes/ HTTP/1.1" 200 28227
INFO 2024-03-05 17:33:29,509 basehttp 18768 5392 "POST /recipes/del/ HTTP/1.1" 302 0
INFO 2024-03-05 17:33:29,525 basehttp 18768 5392 "GET /recipes/ HTTP/1.1" 200 25692
INFO 2024-03-05 17:33:51,222 basehttp 18768 5392 "GET /profile/ HTTP/1.1" 200 5603
INFO 2024-03-05 17:34:05,606 basehttp 18768 5392 "GET /admin/ HTTP/1.1" 302 0
INFO 2024-03-05 17:34:05,625 basehttp 18768 5392 "GET /admin/login/?next=/admin/ HTTP/1.1" 200 3683
INFO 2024-03-05 17:34:06,436 basehttp 18768 5392 "GET /admin/ HTTP/1.1" 302 0
INFO 2024-03-05 17:34:06,448 basehttp 18768 5392 "GET /admin/login/?next=/admin/ HTTP/1.1" 200 3683
INFO 2024-03-05 17:34:20,609 basehttp 18768 5392 "POST /admin/login/?next=/admin/ HTTP/1.1" 302 0
INFO 2024-03-05 17:34:20,623 basehttp 18768 5392 "GET /admin/ HTTP/1.1" 200 10317
INFO 2024-03-05 17:34:34,827 basehttp 18768 5392 "GET /admin/recipe_app/recipe/ HTTP/1.1" 200 20609
INFO 2024-03-05 17:34:34,865 basehttp 18768 5392 "GET /admin/jsi18n/ HTTP/1.1" 200 3342
INFO 2024-03-05 17:34:45,982 basehttp 18768 5392 "GET /admin/recipe_app/ HTTP/1.1" 200 5944
INFO 2024-03-05 17:34:52,638 basehttp 18768 5392 "GET /admin/ HTTP/1.1" 200 10317
INFO 2024-03-05 17:34:56,245 basehttp 18768 5392 "GET /admin/recipe_app/user/ HTTP/1.1" 200 11657
INFO 2024-03-05 17:34:56,272 basehttp 18768 5392 "GET /admin/jsi18n/ HTTP/1.1" 200 3342
INFO 2024-03-05 17:34:58,538 basehttp 18768 5392 "GET /admin/recipe_app/user/1/change/ HTTP/1.1" 200 21849
INFO 2024-03-05 17:34:58,578 basehttp 18768 5136 "GET /static/admin/js/calendar.js HTTP/1.1" 200 9141
INFO 2024-03-05 17:34:58,578 basehttp 18768 5392 "GET /admin/jsi18n/ HTTP/1.1" 200 3342
INFO 2024-03-05 17:34:58,578 basehttp 18768 23608 "GET /static/admin/js/admin/DateTimeShortcuts.js HTTP/1.1" 200 19319
INFO 2024-03-05 17:34:58,617 basehttp 18768 23608 "GET /static/admin/img/icon-clock.svg HTTP/1.1" 200 677
INFO 2024-03-05 17:34:58,618 basehttp 18768 5392 "GET /static/admin/img/icon-calendar.svg HTTP/1.1" 200 1086
INFO 2024-03-05 17:35:10,557 basehttp 18768 5392 "GET /admin/recipe_app/user/ HTTP/1.1" 200 11657
INFO 2024-03-05 17:35:12,510 basehttp 18768 5392 "GET /admin/recipe_app/user/2/change/ HTTP/1.1" 200 21847
INFO 2024-03-05 17:35:12,536 basehttp 18768 5392 "GET /admin/jsi18n/ HTTP/1.1" 200 3342
INFO 2024-03-05 17:35:46,533 basehttp 18768 5392 "GET /admin/recipe_app/user/ HTTP/1.1" 200 11657
INFO 2024-03-05 17:35:46,573 basehttp 18768 5392 "GET /admin/jsi18n/ HTTP/1.1" 200 3342
INFO 2024-03-05 17:36:06,834 basehttp 18768 5392 "GET /admin/recipe_app/user/1/change/ HTTP/1.1" 200 21849
INFO 2024-03-05 17:36:06,855 basehttp 18768 5392 "GET /admin/jsi18n/ HTTP/1.1" 200 3342
INFO 2024-03-05 17:36:22,680 basehttp 18768 5392 "GET /admin/recipe_app/user/ HTTP/1.1" 200 11657
INFO 2024-03-05 17:36:27,971 basehttp 18768 5392 "GET /admin/recipe_app/ HTTP/1.1" 200 5944
INFO 2024-03-05 17:36:32,209 basehttp 18768 5392 "GET /admin/recipe_app/recipe/ HTTP/1.1" 200 20609
INFO 2024-03-05 17:36:32,227 basehttp 18768 5392 "GET /admin/jsi18n/ HTTP/1.1" 200 3342
INFO 2024-03-05 17:36:50,170 basehttp 18768 5392 "GET /admin/recipe_app/recipe/?q=%D0%BF%D0%B8%D1%80%D0%BE%D0%B3 HTTP/1.1" 200 13084
INFO 2024-03-05 17:36:50,206 basehttp 18768 5392 "GET /admin/jsi18n/ HTTP/1.1" 200 3342
INFO 2024-03-05 17:37:01,075 basehttp 18768 5392 "GET /admin/recipe_app/recipe/add/?_changelist_filters=q%3D%25D0%25BF%25D0%25B8%25D1%2580%25D0%25BE%25D0%25B3 HTTP/1.1" 200 15049
INFO 2024-03-05 17:37:01,099 basehttp 18768 5392 "GET /admin/jsi18n/ HTTP/1.1" 200 3342
INFO 2024-03-05 17:38:58,111 basehttp 18768 5392 "POST /admin/recipe_app/recipe/add/?_changelist_filters=q%3D%25D0%25BF%25D0%25B8%25D1%2580%25D0%25BE%25D0%25B3 HTTP/1.1" 302 0
INFO 2024-03-05 17:38:58,132 basehttp 18768 5392 "GET /admin/recipe_app/recipe/?q=%D0%BF%D0%B8%D1%80%D0%BE%D0%B3 HTTP/1.1" 200 13297
INFO 2024-03-05 17:38:58,167 basehttp 18768 5392 "GET /admin/jsi18n/ HTTP/1.1" 200 3342
INFO 2024-03-05 17:39:03,911 basehttp 18768 5392 "GET /admin/recipe_app/ HTTP/1.1" 200 5944
INFO 2024-03-05 17:39:05,713 basehttp 18768 5392 "GET /admin/ HTTP/1.1" 200 10317
INFO 2024-03-05 17:39:12,081 basehttp 18768 5392 "GET /admin/recipe_app/recipe/2/change/ HTTP/1.1" 200 19856
INFO 2024-03-05 17:39:12,104 basehttp 18768 5392 "GET /admin/jsi18n/ HTTP/1.1" 200 3342
INFO 2024-03-05 17:39:17,081 basehttp 18768 5392 "GET /admin/ HTTP/1.1" 200 10317
INFO 2024-03-05 17:39:30,755 basehttp 18768 7988 "GET /admin/recipe_app/user/ HTTP/1.1" 200 11657
INFO 2024-03-05 17:39:30,800 basehttp 18768 7988 "GET /admin/jsi18n/ HTTP/1.1" 200 3342
INFO 2024-03-05 17:39:39,242 basehttp 18768 7988 "GET /admin/ HTTP/1.1" 200 10317
INFO 2024-03-05 17:39:51,755 basehttp 18768 7988 "GET / HTTP/1.1" 302 0
INFO 2024-03-05 17:39:51,764 basehttp 18768 7988 "GET /index/ HTTP/1.1" 200 11227
INFO 2024-03-05 17:39:51,790 basehttp 18768 7988 "GET /media/img/%D0%A1%D0%BE%D0%BB%D1%8F%D0%BD%D0%BA%D0%B0.webp HTTP/1.1" 304 0
INFO 2024-03-05 17:39:51,790 basehttp 18768 6348 "GET /media/img/%D0%A1%D1%82%D1%80%D0%BE%D0%BC%D0%B1%D0%BE%D0%BB%D0%B8.webp HTTP/1.1" 304 0
INFO 2024-03-05 17:39:51,793 basehttp 18768 28320 "GET /media/img/Shepferds_pie.webp HTTP/1.1" 304 0
INFO 2024-03-05 17:39:51,798 basehttp 18768 8612 "GET /media/img/%D0%9B%D0%B0%D0%B7%D0%B0%D0%BD%D1%8C%D1%8F.webp HTTP/1.1" 304 0
INFO 2024-03-05 17:39:54,628 basehttp 18768 8612 "GET /recipes/ HTTP/1.1" 200 8863
INFO 2024-03-05 17:47:50,364 autoreload 18768 32788 C:\Users\sonym\new_project\venv\recipe_site\recipe_app\views.py changed, reloading.
INFO 2024-03-05 17:47:51,226 autoreload 10100 24760 Watching for file changes with StatReloader
INFO 2024-03-05 18:13:05,956 basehttp 10100 18508 "GET /profile/ HTTP/1.1" 200 5595
INFO 2024-03-05 18:13:14,827 basehttp 10100 3164 "GET /profile/ HTTP/1.1" 200 5595
WARNING 2024-03-05 18:13:16,261 base 10100 3164 Method Not Allowed (GET): /logout/
WARNING 2024-03-05 18:13:16,261 log 10100 3164 Method Not Allowed: /logout/
WARNING 2024-03-05 18:13:16,262 basehttp 10100 3164 "GET /logout/ HTTP/1.1" 405 0
INFO 2024-03-05 18:13:27,313 basehttp 10100 14916 "GET /admin/ HTTP/1.1" 200 10317
INFO 2024-03-05 18:13:28,331 basehttp 10100 14916 "GET /admin/ HTTP/1.1" 200 10317
INFO 2024-03-05 18:13:33,335 basehttp 10100 30900 "GET /admin/recipe_app/recipe/ HTTP/1.1" 200 21667
INFO 2024-03-05 18:13:33,369 basehttp 10100 30900 "GET /admin/jsi18n/ HTTP/1.1" 200 3342
INFO 2024-03-05 18:13:43,650 basehttp 10100 23064 "GET /admin/recipe_app/recipe/3/change/ HTTP/1.1" 200 17048
INFO 2024-03-05 18:13:43,673 basehttp 10100 23064 "GET /admin/jsi18n/ HTTP/1.1" 200 3342
INFO 2024-03-05 18:13:53,056 basehttp 10100 5012 "POST /admin/recipe_app/recipe/3/change/ HTTP/1.1" 302 0
INFO 2024-03-05 18:13:53,074 basehttp 10100 5012 "GET /admin/recipe_app/recipe/ HTTP/1.1" 200 21882
INFO 2024-03-05 18:13:53,106 basehttp 10100 5012 "GET /admin/jsi18n/ HTTP/1.1" 200 3342
INFO 2024-03-05 18:14:02,830 basehttp 10100 18056 "GET /admin/recipe_app/ HTTP/1.1" 200 5944
INFO 2024-03-05 18:14:04,984 basehttp 10100 18056 "GET /admin/ HTTP/1.1" 200 10321
INFO 2024-03-05 18:14:07,784 basehttp 10100 18056 "GET /admin/recipe_app/ HTTP/1.1" 200 5944
INFO 2024-03-05 18:14:09,891 basehttp 10100 18056 "GET /admin/recipe_app/user/ HTTP/1.1" 200 11657
INFO 2024-03-05 18:14:09,924 basehttp 10100 18056 "GET /admin/jsi18n/ HTTP/1.1" 200 3342
INFO 2024-03-05 18:14:12,014 basehttp 10100 24756 "GET /admin/recipe_app/ HTTP/1.1" 200 5944
INFO 2024-03-05 18:14:13,245 basehttp 10100 24756 "GET /admin/recipe_app/recipe/ HTTP/1.1" 200 21667
INFO 2024-03-05 18:14:13,268 basehttp 10100 24756 "GET /admin/jsi18n/ HTTP/1.1" 200 3342
INFO 2024-03-05 18:14:26,811 basehttp 10100 16176 "GET /admin/recipe_app/ HTTP/1.1" 200 5944
INFO 2024-03-05 18:14:35,702 basehttp 10100 6508 "GET /admin/ HTTP/1.1" 200 10321
INFO 2024-03-05 18:14:45,908 basehttp 10100 30420 "GET /admin/recipe_app/recipe/ HTTP/1.1" 200 21667
INFO 2024-03-05 18:14:45,944 basehttp 10100 30420 "GET /admin/jsi18n/ HTTP/1.1" 200 3342
INFO 2024-03-05 18:14:49,847 basehttp 10100 30420 "GET /admin/ HTTP/1.1" 200 10321
INFO 2024-03-05 18:14:53,337 basehttp 10100 24348 "GET /admin/auth/group/add/ HTTP/1.1" 200 12222
INFO 2024-03-05 18:14:53,368 basehttp 10100 24348 "GET /admin/jsi18n/ HTTP/1.1" 200 3342
INFO 2024-03-05 18:15:21,318 basehttp 10100 1312 "GET /admin/auth/group/ HTTP/1.1" 200 8102
INFO 2024-03-05 18:15:21,354 basehttp 10100 1312 "GET /admin/jsi18n/ HTTP/1.1" 200 3342
INFO 2024-03-05 18:15:22,574 basehttp 10100 1312 "GET /admin/auth/ HTTP/1.1" 200 5149
INFO 2024-03-05 18:15:24,153 basehttp 10100 1312 "GET /admin/ HTTP/1.1" 200 10321
INFO 2024-03-05 18:15:29,048 basehttp 10100 1312 "POST /admin/logout/ HTTP/1.1" 302 0
INFO 2024-03-05 18:15:29,053 basehttp 10100 1312 "GET / HTTP/1.1" 302 0
INFO 2024-03-05 18:15:29,064 basehttp 10100 1312 "GET /index/ HTTP/1.1" 200 10061
INFO 2024-03-05 18:15:29,084 basehttp 10100 1312 "GET /media/img/%D0%A1%D1%82%D1%80%D0%BE%D0%BC%D0%B1%D0%BE%D0%BB%D0%B8.webp HTTP/1.1" 304 0
INFO 2024-03-05 18:15:29,088 basehttp 10100 11592 "GET /media/img/%D0%A1%D0%BE%D0%BB%D1%8F%D0%BD%D0%BA%D0%B0.webp HTTP/1.1" 304 0
INFO 2024-03-05 18:15:29,089 basehttp 10100 9916 "GET /media/img/Shepferds_pie.webp HTTP/1.1" 304 0
INFO 2024-03-05 18:15:29,125 basehttp 10100 12768 "GET /media/img/%D0%9A%D0%BE%D1%81%D1%83%D0%BB%D1%8F.webp HTTP/1.1" 200 56716
INFO 2024-03-05 18:15:34,104 basehttp 10100 33344 "GET /login/ HTTP/1.1" 200 5076
INFO 2024-03-05 18:16:25,572 autoreload 10100 24760 C:\Users\sonym\new_project\venv\recipe_site\recipe_app\views.py changed, reloading.
INFO 2024-03-05 18:16:26,244 autoreload 12520 29844 Watching for file changes with StatReloader
INFO 2024-03-05 18:20:10,003 autoreload 12520 29844 C:\Users\sonym\new_project\venv\recipe_site\recipe_app\views.py changed, reloading.
INFO 2024-03-05 18:20:10,586 autoreload 15596 9620 Watching for file changes with StatReloader
INFO 2024-03-05 18:22:21,894 autoreload 15596 9620 C:\Users\sonym\new_project\venv\recipe_site\recipe_app\views.py changed, reloading.
INFO 2024-03-05 18:22:22,593 autoreload 15452 19124 Watching for file changes with StatReloader
INFO 2024-03-05 18:26:05,322 basehttp 15452 10876 "GET /login/ HTTP/1.1" 200 5076
INFO 2024-03-05 18:26:22,822 basehttp 15452 10876 "POST /login/ HTTP/1.1" 302 0
INFO 2024-03-05 18:26:22,827 basehttp 15452 10876 "GET / HTTP/1.1" 302 0
INFO 2024-03-05 18:26:22,839 basehttp 15452 10876 "GET /index/ HTTP/1.1" 200 10946
INFO 2024-03-05 18:26:22,857 basehttp 15452 10876 "GET /media/img/%D0%A1%D1%82%D1%80%D0%BE%D0%BC%D0%B1%D0%BE%D0%BB%D0%B8.webp HTTP/1.1" 304 0
INFO 2024-03-05 18:26:22,859 basehttp 15452 10980 "GET /media/img/Shepferds_pie.webp HTTP/1.1" 304 0
INFO 2024-03-05 18:26:22,860 basehttp 15452 27012 "GET /media/img/%D0%9A%D0%BE%D1%81%D1%83%D0%BB%D1%8F.webp HTTP/1.1" 304 0
INFO 2024-03-05 18:26:37,198 basehttp 15452 27012 "GET /recipes/ HTTP/1.1" 200 28489
INFO 2024-03-05 18:26:58,607 basehttp 15452 27012 "GET /recipes/edit/3 HTTP/1.1" 200 10204
INFO 2024-03-05 18:27:07,811 basehttp 15452 27012 "POST /recipes/edit/3 HTTP/1.1" 302 0
INFO 2024-03-05 18:27:07,824 basehttp 15452 27012 "GET /recipes/ HTTP/1.1" 200 28489
INFO 2024-03-05 18:37:01,898 autoreload 15452 19124 C:\Users\sonym\new_project\venv\recipe_site\recipe_app\forms.py changed, reloading.
INFO 2024-03-05 18:37:02,425 autoreload 33964 9464 Watching for file changes with StatReloader
INFO 2024-03-05 18:41:49,518 basehttp 33964 16388 "GET /recipe_view/3 HTTP/1.1" 200 8080
INFO 2024-03-05 18:41:49,542 basehttp 33964 16388 "GET /media/img/Shepferds_pie.webp HTTP/1.1" 304 0
INFO 2024-03-05 18:41:55,340 basehttp 33964 16388 "GET /recipes/edit/3 HTTP/1.1" 200 10204
INFO 2024-03-05 18:42:08,690 basehttp 33964 25912 "GET /static/bootstrap/css/bootstrap.min.css.map HTTP/1.1" 200 431289
INFO 2024-03-05 18:58:59,592 autoreload 33964 9464 C:\Users\sonym\new_project\venv\recipe_site\recipe_app\views.py changed, reloading.
INFO 2024-03-05 18:59:00,327 autoreload 11788 3288 Watching for file changes with StatReloader
INFO 2024-03-05 19:00:13,354 basehttp 11788 17792 "GET /recipes/edit/3 HTTP/1.1" 200 10204
INFO 2024-03-05 19:00:23,779 basehttp 11788 17948 "POST /recipes/edit/3 HTTP/1.1" 302 0
INFO 2024-03-05 19:00:23,801 basehttp 11788 17948 "GET /recipes/ HTTP/1.1" 200 28489
INFO 2024-03-05 19:00:28,253 basehttp 11788 22692 "GET /recipes/ HTTP/1.1" 200 28489
INFO 2024-03-05 19:00:32,755 basehttp 11788 22692 "GET /recipes/edit/3 HTTP/1.1" 200 10204
INFO 2024-03-05 19:00:43,533 basehttp 11788 32572 "POST /recipes/edit/3 HTTP/1.1" 302 0
INFO 2024-03-05 19:00:43,544 basehttp 11788 32572 "GET /recipes/ HTTP/1.1" 200 28489
INFO 2024-03-05 19:01:24,924 basehttp 11788 10972 "GET /recipes/edit/3 HTTP/1.1" 200 10204
INFO 2024-03-05 19:08:01,275 basehttp 11788 25336 "GET /recipes/edit/3 HTTP/1.1" 200 10281
INFO 2024-03-05 19:08:08,887 basehttp 11788 25336 "POST /recipes/edit/3 HTTP/1.1" 302 0
INFO 2024-03-05 19:08:08,904 basehttp 11788 25336 "GET /recipes/ HTTP/1.1" 200 28489
INFO 2024-03-05 19:08:22,985 autoreload 14584 25256 Watching for file changes with StatReloader
INFO 2024-03-05 19:08:26,123 basehttp 14584 10600 "GET / HTTP/1.1" 302 0
INFO 2024-03-05 19:08:26,177 basehttp 14584 10600 "GET /index/ HTTP/1.1" 200 11315
INFO 2024-03-05 19:08:26,243 basehttp 14584 10600 "GET /media/img/%D0%9A%D0%BE%D1%81%D1%83%D0%BB%D1%8F.webp HTTP/1.1" 304 0
INFO 2024-03-05 19:08:26,243 basehttp 14584 22800 "GET /media/img/%D0%A1%D1%82%D1%80%D0%BE%D0%BC%D0%B1%D0%BE%D0%BB%D0%B8.webp HTTP/1.1" 304 0
INFO 2024-03-05 19:08:26,252 basehttp 14584 22800 "GET /media/img/%D0%9B%D0%B0%D0%B7%D0%B0%D0%BD%D1%8C%D1%8F.webp HTTP/1.1" 304 0
INFO 2024-03-05 19:08:26,252 basehttp 14584 10600 "GET /media/img/%D0%A2%D0%BE%D1%80%D1%82_%D0%93%D1%80%D0%B0%D1%84%D1%81%D0%BA%D0%B8%D0%B5_%D1%80%D0%B0%D0%B7%D0%B2%D0%B0%D0%BB%D0%B8%D0%BD%D1%8B.webp HTTP/1.1" 304 0
INFO 2024-03-05 19:08:33,605 basehttp 14584 10600 "GET /recipes/ HTTP/1.1" 200 28489
INFO 2024-03-05 19:08:36,020 basehttp 14584 10600 "GET /recipes/edit/3 HTTP/1.1" 200 10281
INFO 2024-03-05 19:08:41,668 basehttp 14584 20064 "POST /recipes/edit/3 HTTP/1.1" 302 0
INFO 2024-03-05 19:08:41,680 basehttp 14584 20064 "GET /recipes/ HTTP/1.1" 200 28489
INFO 2024-03-05 19:08:45,268 basehttp 14584 20064 "GET /recipe_view/3 HTTP/1.1" 200 8080
INFO 2024-03-05 19:08:45,292 basehttp 14584 20064 "GET /media/img/Shepferds_pie.webp HTTP/1.1" 304 0
INFO 2024-03-05 19:09:09,076 basehttp 14584 20064 "GET /recipes/edit/3 HTTP/1.1" 200 10281
INFO 2024-03-05 19:09:17,311 basehttp 14584 26480 "POST /recipes/edit/3 HTTP/1.1" 302 0
INFO 2024-03-05 19:09:17,323 basehttp 14584 26480 "GET /recipes/ HTTP/1.1" 200 28489
INFO 2024-03-05 19:09:23,760 basehttp 14584 26480 "GET /recipe_view/3 HTTP/1.1" 200 8080
INFO 2024-03-05 19:09:43,324 basehttp 14584 9128 "GET /recipes/edit/3 HTTP/1.1" 200 10281
INFO 2024-03-05 19:18:03,786 basehttp 14584 21128 "GET /recipes/edit/3 HTTP/1.1" 200 10294
INFO 2024-03-05 19:18:11,859 basehttp 14584 21924 "POST /recipes/edit/3 HTTP/1.1" 302 0
INFO 2024-03-05 19:18:11,875 basehttp 14584 21924 "GET /recipes/ HTTP/1.1" 200 28489
INFO 2024-03-05 19:18:28,067 basehttp 14584 7488 "GET /recipes/edit/3 HTTP/1.1" 200 10294
INFO 2024-03-05 19:18:33,976 basehttp 14584 28376 "POST /recipes/edit/3 HTTP/1.1" 302 0
INFO 2024-03-05 19:18:33,988 basehttp 14584 28376 "GET /recipes/ HTTP/1.1" 200 28489
INFO 2024-03-05 19:18:50,104 autoreload 10360 23708 Watching for file changes with StatReloader
INFO 2024-03-05 19:18:52,753 basehttp 10360 32224 "GET / HTTP/1.1" 302 0
INFO 2024-03-05 19:18:52,774 basehttp 10360 32224 "GET /index/ HTTP/1.1" 200 11484
INFO 2024-03-05 19:18:52,848 basehttp 10360 32224 "GET /media/img/%D0%9A%D0%BE%D1%81%D1%83%D0%BB%D1%8F.webp HTTP/1.1" 304 0
INFO 2024-03-05 19:18:52,848 basehttp 10360 27080 "GET /media/img/%D0%9E%D1%81%D0%B5%D1%82%D0%B8%D0%BD%D1%81%D0%BA%D0%B8%D0%B5_%D0%BF%D0%B8%D1%80%D0%BE%D0%B3%D0%B8_%D1%81_%D1%81%D1%8B%D1%80%D0%BE%D0%BC_%D0%B8_%D1%88%D0%BF%D0%B8%D0%BD%D0%B0%D1%82%D0%BE%D0%BC.webp HTTP/1.1" 304 0
INFO 2024-03-05 19:19:00,501 basehttp 10360 27080 "GET /recipes/ HTTP/1.1" 200 28489
INFO 2024-03-05 19:19:03,892 basehttp 10360 33796 "GET /recipes/edit/5 HTTP/1.1" 200 11962
INFO 2024-03-05 19:19:15,588 basehttp 10360 21756 "POST /recipes/edit/5 HTTP/1.1" 302 0
INFO 2024-03-05 19:19:15,601 basehttp 10360 21756 "GET /recipes/ HTTP/1.1" 200 28489
INFO 2024-03-05 19:19:26,858 basehttp 10360 5700 "GET /recipes/edit/3 HTTP/1.1" 200 10294
INFO 2024-03-05 19:36:02,960 autoreload 10360 23708 C:\Users\sonym\new_project\venv\recipe_site\recipe_app\views.py changed, reloading.
INFO 2024-03-05 19:36:03,503 autoreload 30460 26552 Watching for file changes with StatReloader
INFO 2024-03-05 19:41:05,163 basehttp 30460 28168 "GET /recipes/edit/3 HTTP/1.1" 200 10322
INFO 2024-03-05 19:42:31,805 basehttp 30460 4560 "POST /recipes/edit/3 HTTP/1.1" 302 0
INFO 2024-03-05 19:42:31,827 basehttp 30460 4560 "GET /recipes/ HTTP/1.1" 200 28489
INFO 2024-03-05 19:42:43,640 basehttp 30460 13252 "GET /recipes/edit/3 HTTP/1.1" 200 10322
INFO 2024-03-05 19:48:21,307 basehttp 30460 17796 "GET /recipes/edit/3 HTTP/1.1" 200 10294
INFO 2024-03-05 19:48:27,750 basehttp 30460 17796 "POST /recipes/edit/3 HTTP/1.1" 302 0
INFO 2024-03-05 19:48:27,764 basehttp 30460 17796 "GET /recipes/ HTTP/1.1" 200 28489
INFO 2024-03-05 19:48:35,786 basehttp 30460 17796 "GET /recipes/ HTTP/1.1" 200 28489
INFO 2024-03-05 19:48:38,829 basehttp 30460 17796 "GET /recipe_view/3 HTTP/1.1" 200 8080
INFO 2024-03-05 19:48:38,848 basehttp 30460 17796 "GET /media/img/Shepferds_pie.webp HTTP/1.1" 304 0
INFO 2024-03-05 19:48:45,889 basehttp 30460 17796 "GET /recipe_view/3 HTTP/1.1" 200 8080
INFO 2024-03-05 19:48:49,508 basehttp 30460 17796 "GET /recipes/edit/5 HTTP/1.1" 200 11962
INFO 2024-03-05 19:48:55,532 basehttp 30460 17796 "POST /recipes/edit/5 HTTP/1.1" 302 0
INFO 2024-03-05 19:48:55,544 basehttp 30460 17796 "GET /recipes/ HTTP/1.1" 200 28489
INFO 2024-03-05 19:49:01,691 basehttp 30460 17796 "GET /recipes/edit/5 HTTP/1.1" 200 11962
INFO 2024-03-05 19:49:04,134 basehttp 30460 17796 "GET /recipes/edit/5 HTTP/1.1" 200 11962
WARNING 2024-03-05 19:49:09,112 log 30460 17796 Not Found: /recipes/edit/
WARNING 2024-03-05 19:49:09,112 basehttp 30460 17796 "GET /recipes/edit/ HTTP/1.1" 404 5891
WARNING 2024-03-05 19:49:37,011 log 30460 17796 Not Found: /recipes/edit/3/
WARNING 2024-03-05 19:49:37,012 basehttp 30460 17796 "GET /recipes/edit/3/ HTTP/1.1" 404 5897
INFO 2024-03-05 19:49:41,931 basehttp 30460 17796 "GET /recipes/edit/3 HTTP/1.1" 200 10294
INFO 2024-03-05 19:59:49,505 basehttp 30460 14608 "GET /recipes/edit/3 HTTP/1.1" 200 10274
INFO 2024-03-05 19:59:54,757 basehttp 30460 14608 "POST /recipes/edit/3 HTTP/1.1" 302 0
INFO 2024-03-05 19:59:54,770 basehttp 30460 14608 "GET /recipes/ HTTP/1.1" 200 28489
INFO 2024-03-05 19:59:58,465 basehttp 30460 14608 "GET /recipes/ HTTP/1.1" 200 28489
INFO 2024-03-05 20:00:06,415 basehttp 30460 14608 "GET /recipes/edit/3 HTTP/1.1" 200 10274
INFO 2024-03-05 20:00:09,642 basehttp 30460 14608 "GET / HTTP/1.1" 302 0
INFO 2024-03-05 20:00:09,653 basehttp 30460 14608 "GET /index/ HTTP/1.1" 200 11158
INFO 2024-03-05 20:00:09,678 basehttp 30460 14608 "GET /media/img/%D0%9B%D0%B0%D0%B7%D0%B0%D0%BD%D1%8C%D1%8F.webp HTTP/1.1" 304 0
INFO 2024-03-05 20:00:09,689 basehttp 30460 14608 "GET /media/img/%D0%A2%D0%BE%D1%80%D1%82_%D0%93%D1%80%D0%B0%D1%84%D1%81%D0%BA%D0%B8%D0%B5_%D1%80%D0%B0%D0%B7%D0%B2%D0%B0%D0%BB%D0%B8%D0%BD%D1%8B.webp HTTP/1.1" 304 0
INFO 2024-03-05 20:00:09,690 basehttp 30460 20700 "GET /media/img/%D0%9A%D0%BE%D1%81%D1%83%D0%BB%D1%8F.webp HTTP/1.1" 304 0
INFO 2024-03-05 20:00:15,665 basehttp 30460 20700 "GET /recipes/ HTTP/1.1" 200 28489
INFO 2024-03-05 20:00:18,245 basehttp 30460 20700 "GET /recipe_view/5 HTTP/1.1" 200 9758
INFO 2024-03-05 20:00:25,318 basehttp 30460 20700 "GET /recipe_view/1 HTTP/1.1" 200 9973
INFO 2024-03-05 20:00:25,337 basehttp 30460 20700 "GET /media/img/%D0%9E%D1%81%D0%B5%D1%82%D0%B8%D0%BD%D1%81%D0%BA%D0%B8%D0%B5_%D0%BF%D0%B8%D1%80%D0%BE%D0%B3%D0%B8_%D1%81_%D1%81%D1%8B%D1%80%D0%BE%D0%BC_%D0%B8_%D1%88%D0%BF%D0%B8%D0%BD%D0%B0%D1%82%D0%BE%D0%BC.webp HTTP/1.1" 304 0
INFO 2024-03-05 20:00:42,297 basehttp 30460 20700 "GET /recipes/edit/8 HTTP/1.1" 200 11068
INFO 2024-03-05 20:00:53,874 basehttp 30460 20700 "POST /recipes/edit/8 HTTP/1.1" 302 0
INFO 2024-03-05 20:00:53,887 basehttp 30460 20700 "GET /recipes/ HTTP/1.1" 200 28489
INFO 2024-03-05 20:01:06,381 basehttp 30460 20700 "GET /recipe_view/6 HTTP/1.1" 200 10666
INFO 2024-03-05 20:01:06,401 basehttp 30460 20700 "GET /media/img/%D0%A1%D1%82%D1%80%D0%BE%D0%BC%D0%B1%D0%BE%D0%BB%D0%B8.webp HTTP/1.1" 304 0
INFO 2024-03-05 20:01:18,580 basehttp 30460 20700 "GET /recipe_view/3 HTTP/1.1" 200 8080
INFO 2024-03-05 20:01:26,547 basehttp 30460 20700 "GET /recipes/edit/3 HTTP/1.1" 200 10274
INFO 2024-03-05 20:01:31,887 basehttp 30460 20700 "POST /recipes/edit/3 HTTP/1.1" 302 0
INFO 2024-03-05 20:01:31,900 basehttp 30460 20700 "GET /recipes/ HTTP/1.1" 200 28489
INFO 2024-03-05 20:01:35,269 basehttp 30460 20700 "GET /recipe_view/3 HTTP/1.1" 200 8080
INFO 2024-03-05 20:01:42,676 basehttp 30460 20700 "GET /recipe_view/4 HTTP/1.1" 200 10666
INFO 2024-03-05 20:01:42,697 basehttp 30460 20700 "GET /media/img/%D0%A1%D0%BE%D0%BB%D1%8F%D0%BD%D0%BA%D0%B0.webp HTTP/1.1" 304 0
INFO 2024-03-05 20:01:49,713 basehttp 30460 20700 "GET /recipes/edit/3 HTTP/1.1" 200 10274
INFO 2024-03-05 20:01:58,633 basehttp 30460 20700 "POST /recipes/edit/3 HTTP/1.1" 302 0
INFO 2024-03-05 20:01:58,647 basehttp 30460 20700 "GET /recipes/ HTTP/1.1" 200 28489
INFO 2024-03-05 20:02:13,088 basehttp 30460 20700 "GET /recipes/ HTTP/1.1" 200 28489
INFO 2024-03-05 20:02:14,539 basehttp 30460 20700 "GET / HTTP/1.1" 302 0
INFO 2024-03-05 20:02:14,550 basehttp 30460 20700 "GET /index/ HTTP/1.1" 200 11573
INFO 2024-03-05 20:02:21,743 basehttp 30460 20700 "GET /profile/ HTTP/1.1" 200 5603
INFO 2024-03-05 20:02:23,259 basehttp 30460 20700 "GET /profile/ HTTP/1.1" 200 5603
INFO 2024-03-05 20:02:26,624 basehttp 30460 20700 "GET /recipes/ HTTP/1.1" 200 28489
INFO 2024-03-05 20:02:27,685 basehttp 30460 20700 "GET / HTTP/1.1" 302 0
INFO 2024-03-05 20:02:27,694 basehttp 30460 20700 "GET /index/ HTTP/1.1" 200 11843
INFO 2024-03-05 20:02:29,206 basehttp 30460 20700 "GET / HTTP/1.1" 302 0
INFO 2024-03-05 20:02:29,217 basehttp 30460 20700 "GET /index/ HTTP/1.1" 200 11220
INFO 2024-03-05 20:40:13,622 autoreload 32212 4328 Watching for file changes with StatReloader
INFO 2024-03-05 20:40:17,495 basehttp 32212 33132 "GET /recipes/ HTTP/1.1" 200 28489
INFO 2024-03-05 20:40:23,130 basehttp 32212 26936 "GET /recipes/ HTTP/1.1" 200 28489
INFO 2024-03-05 20:40:31,157 basehttp 32212 10632 "GET /recipe_view/3 HTTP/1.1" 200 8080
INFO 2024-03-05 20:40:31,203 basehttp 32212 10632 "GET /media/img/Shepferds_pie.webp HTTP/1.1" 304 0
INFO 2024-03-05 20:40:36,330 basehttp 32212 10632 "GET /recipes/edit/3 HTTP/1.1" 200 10274
INFO 2024-03-05 20:40:42,905 basehttp 32212 6408 "POST /recipes/edit/3 HTTP/1.1" 302 0
INFO 2024-03-05 20:40:42,920 basehttp 32212 6408 "GET /recipes/ HTTP/1.1" 200 28489
INFO 2024-03-05 20:40:52,283 basehttp 32212 26548 "GET /recipes/ HTTP/1.1" 200 28489
WARNING 2024-03-05 20:40:55,387 base 32212 26548 Method Not Allowed (GET): /logout/
WARNING 2024-03-05 20:40:55,388 log 32212 26548 Method Not Allowed: /logout/
WARNING 2024-03-05 20:40:55,389 basehttp 32212 26548 "GET /logout/ HTTP/1.1" 405 0
WARNING 2024-03-05 20:40:59,985 base 32212 23080 Method Not Allowed (GET): /logout/
WARNING 2024-03-05 20:40:59,985 log 32212 23080 Method Not Allowed: /logout/
WARNING 2024-03-05 20:40:59,986 basehttp 32212 23080 "GET /logout/ HTTP/1.1" 405 0
INFO 2024-03-05 20:41:10,507 basehttp 32212 21416 "GET /profile/ HTTP/1.1" 200 5603
WARNING 2024-03-05 20:41:11,613 base 32212 21416 Method Not Allowed (GET): /logout/
WARNING 2024-03-05 20:41:11,614 log 32212 21416 Method Not Allowed: /logout/
WARNING 2024-03-05 20:41:11,615 basehttp 32212 21416 "GET /logout/ HTTP/1.1" 405 0
INFO 2024-03-05 20:41:24,461 basehttp 32212 14956 "GET /recipes/edit/3 HTTP/1.1" 200 10274
INFO 2024-03-05 20:41:35,963 basehttp 32212 34204 "POST /recipes/edit/3 HTTP/1.1" 302 0
INFO 2024-03-05 20:41:35,974 basehttp 32212 34204 "GET /recipes/ HTTP/1.1" 200 28489
INFO 2024-03-05 20:45:19,153 basehttp 32212 12808 "GET /recipes/edit/3 HTTP/1.1" 200 10274
INFO 2024-03-05 20:47:02,055 basehttp 32212 1808 "GET /recipes/edit/3 HTTP/1.1" 200 10281
INFO 2024-03-05 20:48:33,620 basehttp 32212 34448 "GET /recipes/edit/3 HTTP/1.1" 200 10294
INFO 2024-03-05 20:51:06,243 basehttp 32212 13200 "GET /recipes/edit/3 HTTP/1.1" 200 10294
INFO 2024-03-05 20:51:44,409 basehttp 32212 28816 "GET /recipes/edit/3 HTTP/1.1" 200 10291
INFO 2024-03-05 21:03:07,874 autoreload 32212 4328 C:\Users\sonym\new_project\venv\recipe_site\recipe_app\forms.py changed, reloading.
INFO 2024-03-05 21:03:08,495 autoreload 29976 15256 Watching for file changes with StatReloader
INFO 2024-03-05 21:04:41,377 basehttp 29976 33148 "GET /recipes/edit/3 HTTP/1.1" 200 10309
INFO 2024-03-05 21:05:25,154 basehttp 29976 30020 "GET /recipes/edit/3 HTTP/1.1" 200 10281
INFO 2024-03-05 21:05:53,298 basehttp 29976 15932 "GET /recipes/edit/3 HTTP/1.1" 200 10281
INFO 2024-03-05 21:06:12,950 basehttp 29976 20732 "GET /recipes/edit/3 HTTP/1.1" 200 10309
INFO 2024-03-05 21:08:34,162 autoreload 29976 15256 C:\Users\sonym\new_project\venv\recipe_site\recipe_app\forms.py changed, reloading.
INFO 2024-03-05 21:08:34,869 autoreload 8452 31476 Watching for file changes with StatReloader
INFO 2024-03-05 21:12:03,398 autoreload 8452 31476 C:\Users\sonym\new_project\venv\recipe_site\recipe_app\forms.py changed, reloading.
INFO 2024-03-05 21:12:03,988 autoreload 10472 4012 Watching for file changes with StatReloader
INFO 2024-03-05 21:12:16,070 basehttp 10472 31540 "GET /recipes/edit/3 HTTP/1.1" 200 10309
INFO 2024-03-05 21:14:57,159 autoreload 10472 4012 C:\Users\sonym\new_project\venv\recipe_site\recipe_app\views.py changed, reloading.
INFO 2024-03-05 21:14:57,736 autoreload 13588 18028 Watching for file changes with StatReloader
INFO 2024-03-05 21:18:29,845 basehttp 13588 4328 "GET /recipes/edit/3 HTTP/1.1" 200 9654
INFO 2024-03-05 21:23:07,823 autoreload 13588 18028 C:\Users\sonym\new_project\venv\recipe_site\recipe_app\views.py changed, reloading.
INFO 2024-03-05 21:23:08,382 autoreload 30972 248 Watching for file changes with StatReloader
INFO 2024-03-05 21:27:30,787 autoreload 30972 248 C:\Users\sonym\new_project\venv\recipe_site\recipe_app\forms.py changed, reloading.
INFO 2024-03-05 21:27:31,315 autoreload 9160 34368 Watching for file changes with StatReloader
INFO 2024-03-05 21:47:21,866 basehttp 9160 22068 "GET /recipes/edit/3 HTTP/1.1" 200 10763
INFO 2024-03-05 21:47:30,436 basehttp 9160 23296 "GET /recipes/edit/3 HTTP/1.1" 200 10763
INFO 2024-03-05 21:54:31,356 basehttp 9160 8124 "GET /recipes/edit/3 HTTP/1.1" 200 10822
INFO 2024-03-05 22:16:29,332 autoreload 9160 34368 C:\Users\sonym\new_project\venv\recipe_site\recipe_app\views.py changed, reloading.
INFO 2024-03-05 22:16:30,246 autoreload 15192 17592 Watching for file changes with StatReloader
INFO 2024-03-05 22:21:07,139 basehttp 15192 13624 "GET /recipes/edit/3 HTTP/1.1" 200 14450
INFO 2024-03-05 22:21:43,862 basehttp 15192 9504 "GET /recipes/edit/3 HTTP/1.1" 200 14450
INFO 2024-03-05 22:23:04,626 basehttp 15192 18768 "GET /recipes/edit/3 HTTP/1.1" 200 10821
INFO 2024-03-05 22:28:54,345 autoreload 15192 17592 C:\Users\sonym\new_project\venv\recipe_site\recipe_app\forms.py changed, reloading.
INFO 2024-03-05 22:28:55,069 autoreload 20992 30972 Watching for file changes with StatReloader
INFO 2024-03-05 22:30:31,864 autoreload 20992 30972 C:\Users\sonym\new_project\venv\recipe_site\recipe_app\forms.py changed, reloading.
INFO 2024-03-05 22:30:32,717 autoreload 14572 9044 Watching for file changes with StatReloader
INFO 2024-03-05 22:30:34,364 basehttp 14572 31372 "GET /recipes/edit/3 HTTP/1.1" 200 10921
INFO 2024-03-05 22:31:17,874 autoreload 14572 9044 C:\Users\sonym\new_project\venv\recipe_site\recipe_app\forms.py changed, reloading.
INFO 2024-03-05 22:31:18,487 autoreload 5284 13752 Watching for file changes with StatReloader
INFO 2024-03-05 22:31:27,978 basehttp 5284 33400 "GET /recipes/edit/3 HTTP/1.1" 200 10921
INFO 2024-03-05 22:33:23,892 autoreload 5284 13752 C:\Users\sonym\new_project\venv\recipe_site\recipe_app\forms.py changed, reloading.
INFO 2024-03-05 22:33:24,475 autoreload 22264 6564 Watching for file changes with StatReloader
INFO 2024-03-05 22:35:53,812 autoreload 32356 20780 Watching for file changes with StatReloader
INFO 2024-03-05 22:36:12,154 basehttp 32356 31656 "GET / HTTP/1.1" 302 0
INFO 2024-03-05 22:36:12,179 basehttp 32356 31656 "GET /index/ HTTP/1.1" 200 11247
INFO 2024-03-05 22:36:12,239 basehttp 32356 15296 "GET /media/img/Shepferds_pie.webp HTTP/1.1" 304 0
INFO 2024-03-05 22:36:12,241 basehttp 32356 31656 "GET /media/img/%D0%A1%D0%BE%D0%BB%D1%8F%D0%BD%D0%BA%D0%B0.webp HTTP/1.1" 304 0
INFO 2024-03-05 22:36:12,246 basehttp 32356 23956 "GET /media/img/%D0%A2%D0%BE%D1%80%D1%82_%D0%93%D1%80%D0%B0%D1%84%D1%81%D0%BA%D0%B8%D0%B5_%D1%80%D0%B0%D0%B7%D0%B2%D0%B0%D0%BB%D0%B8%D0%BD%D1%8B.webp HTTP/1.1" 304 0
INFO 2024-03-05 22:36:12,247 basehttp 32356 15388 "GET /media/img/%D0%9B%D0%B0%D0%B7%D0%B0%D0%BD%D1%8C%D1%8F.webp HTTP/1.1" 304 0
INFO 2024-03-05 22:36:18,895 basehttp 32356 14876 "GET / HTTP/1.1" 302 0
INFO 2024-03-05 22:36:18,904 basehttp 32356 14876 "GET /index/ HTTP/1.1" 200 11436
INFO 2024-03-05 22:36:18,933 basehttp 32356 14876 "GET /media/img/%D0%9A%D0%BE%D1%81%D1%83%D0%BB%D1%8F.webp HTTP/1.1" 304 0
INFO 2024-03-05 22:36:18,934 basehttp 32356 10252 "GET /media/img/%D0%9E%D1%81%D0%B5%D1%82%D0%B8%D0%BD%D1%81%D0%BA%D0%B8%D0%B5_%D0%BF%D0%B8%D1%80%D0%BE%D0%B3%D0%B8_%D1%81_%D1%81%D1%8B%D1%80%D0%BE%D0%BC_%D0%B8_%D1%88%D0%BF%D0%B8%D0%BD%D0%B0%D1%82%D0%BE%D0%BC.webp HTTP/1.1" 304 0
INFO 2024-03-05 22:36:29,539 basehttp 32356 13956 "GET /recipes/ HTTP/1.1" 200 28489
INFO 2024-03-05 22:36:32,554 basehttp 32356 13956 "GET /recipes/edit/3 HTTP/1.1" 200 10821
INFO 2024-03-05 22:36:37,379 basehttp 32356 6236 "POST /recipes/edit/3 HTTP/1.1" 302 0
INFO 2024-03-05 22:36:37,389 basehttp 32356 6236 "GET /recipes/ HTTP/1.1" 200 28489
INFO 2024-03-05 22:36:45,464 basehttp 32356 31768 "GET /recipes/edit/3 HTTP/1.1" 200 10821
INFO 2024-03-05 22:36:56,045 basehttp 32356 33796 "POST /recipes/edit/3 HTTP/1.1" 302 0
INFO 2024-03-05 22:36:56,057 basehttp 32356 33796 "GET /recipes/ HTTP/1.1" 200 28489
INFO 2024-03-05 22:37:03,106 basehttp 32356 33796 "GET /recipe_view/3 HTTP/1.1" 200 8080
INFO 2024-03-05 22:37:18,047 basehttp 32356 23348 "GET /recipe_view/3 HTTP/1.1" 200 8080
INFO 2024-03-05 22:37:28,285 basehttp 32356 5556 "GET / HTTP/1.1" 302 0
INFO 2024-03-05 22:37:28,294 basehttp 32356 5556 "GET /index/ HTTP/1.1" 200 11658
INFO 2024-03-05 22:37:28,320 basehttp 32356 5556 "GET /media/img/%D0%A1%D1%82%D1%80%D0%BE%D0%BC%D0%B1%D0%BE%D0%BB%D0%B8.webp HTTP/1.1" 304 0
INFO 2024-03-05 22:37:37,041 basehttp 32356 24120 "GET /profile/ HTTP/1.1" 200 5603
WARNING 2024-03-05 22:37:39,131 base 32356 24120 Method Not Allowed (GET): /logout/
WARNING 2024-03-05 22:37:39,131 log 32356 24120 Method Not Allowed: /logout/
WARNING 2024-03-05 22:37:39,132 basehttp 32356 24120 "GET /logout/ HTTP/1.1" 405 0
WARNING 2024-03-05 22:37:41,023 base 32356 24120 Method Not Allowed (GET): /logout/
WARNING 2024-03-05 22:37:41,023 log 32356 24120 Method Not Allowed: /logout/
WARNING 2024-03-05 22:37:41,024 basehttp 32356 24120 "GET /logout/ HTTP/1.1" 405 0
INFO 2024-03-05 22:37:59,629 basehttp 32356 25204 "GET /login/ HTTP/1.1" 200 6115
INFO 2024-03-05 22:38:14,235 basehttp 32356 1968 "GET /recipes/ HTTP/1.1" 200 28489
WARNING 2024-03-05 22:38:21,316 base 32356 32936 Method Not Allowed (GET): /logout/
WARNING 2024-03-05 22:38:21,317 log 32356 32936 Method Not Allowed: /logout/
WARNING 2024-03-05 22:38:21,317 basehttp 32356 32936 "GET /logout/ HTTP/1.1" 405 0
WARNING 2024-03-05 22:38:39,414 base 32356 5376 Method Not Allowed (GET): /logout/
WARNING 2024-03-05 22:38:39,415 log 32356 5376 Method Not Allowed: /logout/
WARNING 2024-03-05 22:38:39,416 basehttp 32356 5376 "GET /logout/ HTTP/1.1" 405 0
INFO 2024-03-05 22:39:12,932 basehttp 32356 11684 "GET /recipes/ HTTP/1.1" 200 28489
INFO 2024-03-05 22:39:26,796 basehttp 32356 11064 "GET /profile/ HTTP/1.1" 200 5603
WARNING 2024-03-05 22:43:35,054 base 32356 9452 Method Not Allowed (GET): /logout/
WARNING 2024-03-05 22:43:35,055 log 32356 9452 Method Not Allowed: /logout/
WARNING 2024-03-05 22:43:35,055 basehttp 32356 9452 "GET /logout/ HTTP/1.1" 405 0
INFO 2024-03-05 22:43:35,226 basehttp 32356 28924 "GET /static/bootstrap/css/bootstrap.min.css.map HTTP/1.1" 200 431289
INFO 2024-03-05 22:59:09,648 autoreload 32356 20780 C:\Users\sonym\new_project\venv\recipe_site\recipe_app\models.py changed, reloading.
INFO 2024-03-05 22:59:10,460 autoreload 20280 15004 Watching for file changes with StatReloader
INFO 2024-03-06 00:18:17,716 autoreload 32424 34200 Watching for file changes with StatReloader
INFO 2024-03-06 00:18:20,716 basehttp 32424 27852 "GET / HTTP/1.1" 302 0
INFO 2024-03-06 00:18:20,750 basehttp 32424 27852 "GET /index/ HTTP/1.1" 200 4261
INFO 2024-03-06 00:18:31,009 basehttp 32424 33836 "GET / HTTP/1.1" 302 0
INFO 2024-03-06 00:18:31,015 basehttp 32424 33836 "GET /index/ HTTP/1.1" 200 4261
INFO 2024-03-06 00:18:38,234 basehttp 32424 33836 "GET /login/ HTTP/1.1" 200 5076
INFO 2024-03-06 09:16:14,423 autoreload 17880 9476 Watching for file changes with StatReloader
WARNING 2024-03-06 09:16:21,661 base 17880 33460 Method Not Allowed (GET): /logout/
WARNING 2024-03-06 09:16:21,662 log 17880 33460 Method Not Allowed: /logout/
WARNING 2024-03-06 09:16:21,662 basehttp 17880 33460 "GET /logout/ HTTP/1.1" 405 0
INFO 2024-03-06 09:17:26,951 autoreload 17880 9476 C:\Users\sonym\new_project\venv\recipe_site\recipe_app\urls.py changed, reloading.
INFO 2024-03-06 09:17:27,432 autoreload 11196 15256 Watching for file changes with StatReloader
INFO 2024-03-06 09:18:45,109 basehttp 11196 27388 "GET /login/ HTTP/1.1" 200 5076
WARNING 2024-03-06 09:18:45,280 log 11196 27388 Not Found: /favicon.ico
WARNING 2024-03-06 09:18:45,281 basehttp 11196 27388 "GET /favicon.ico HTTP/1.1" 404 5885
INFO 2024-03-06 09:19:22,240 basehttp 11196 11380 "POST /login/ HTTP/1.1" 200 5233
INFO 2024-03-06 09:19:34,716 autoreload 11196 15256 C:\Users\sonym\new_project\venv\recipe_site\recipe_app\urls.py changed, reloading.
INFO 2024-03-06 09:19:35,234 autoreload 24972 33148 Watching for file changes with StatReloader
INFO 2024-03-06 09:21:08,356 autoreload 11660 14712 Watching for file changes with StatReloader
INFO 2024-03-06 09:21:15,888 basehttp 11660 17420 "POST /login/ HTTP/1.1" 302 0
INFO 2024-03-06 09:21:15,895 basehttp 11660 17420 "GET / HTTP/1.1" 302 0
INFO 2024-03-06 09:21:15,911 basehttp 11660 17420 "GET /index/ HTTP/1.1" 200 5295
INFO 2024-03-06 09:21:21,637 basehttp 11660 16580 "GET /recipes/ HTTP/1.1" 200 8863
INFO 2024-03-06 09:21:36,140 basehttp 11660 32924 "GET /admin/ HTTP/1.1" 200 6669
INFO 2024-03-06 09:21:36,222 basehttp 11660 7696 "GET /static/admin/css/dark_mode.css HTTP/1.1" 304 0
INFO 2024-03-06 09:21:36,223 basehttp 11660 32924 "GET /static/admin/css/base.css HTTP/1.1" 304 0
INFO 2024-03-06 09:21:36,223 basehttp 11660 33728 "GET /static/admin/css/nav_sidebar.css HTTP/1.1" 304 0
INFO 2024-03-06 09:21:38,225 basehttp 11660 10124 "GET /admin/ HTTP/1.1" 200 6669
INFO 2024-03-06 09:21:38,272 basehttp 11660 10124 "GET /static/admin/css/responsive.css HTTP/1.1" 304 0
INFO 2024-03-06 09:21:38,273 basehttp 11660 32224 "GET /static/admin/js/theme.js HTTP/1.1" 304 0
INFO 2024-03-06 09:21:38,278 basehttp 11660 13584 "GET /static/admin/js/nav_sidebar.js HTTP/1.1" 304 0
INFO 2024-03-06 09:21:38,279 basehttp 11660 34632 "GET /static/admin/css/dashboard.css HTTP/1.1" 304 0
INFO 2024-03-06 09:21:38,289 basehttp 11660 13584 "GET /static/admin/img/icon-addlink.svg HTTP/1.1" 304 0
INFO 2024-03-06 09:21:38,289 basehttp 11660 34632 "GET /static/admin/img/icon-changelink.svg HTTP/1.1" 304 0
INFO 2024-03-06 09:21:42,549 basehttp 11660 13584 "GET /admin/recipe_app/category/ HTTP/1.1" 200 8119
INFO 2024-03-06 09:21:42,576 basehttp 11660 10124 "GET /static/admin/js/core.js HTTP/1.1" 304 0
INFO 2024-03-06 09:21:42,576 basehttp 11660 18784 "GET /static/admin/js/admin/RelatedObjectLookups.js HTTP/1.1" 304 0
INFO 2024-03-06 09:21:42,577 basehttp 11660 32224 "GET /static/admin/js/vendor/jquery/jquery.js HTTP/1.1" 304 0
INFO 2024-03-06 09:21:42,579 basehttp 11660 13584 "GET /static/admin/css/changelists.css HTTP/1.1" 304 0
INFO 2024-03-06 09:21:42,583 basehttp 11660 10124 "GET /static/admin/js/prepopulate.js HTTP/1.1" 304 0
INFO 2024-03-06 09:21:42,585 basehttp 11660 32224 "GET /static/admin/js/vendor/xregexp/xregexp.js HTTP/1.1" 304 0
INFO 2024-03-06 09:21:42,586 basehttp 11660 30436 "GET /static/admin/js/urlify.js HTTP/1.1" 304 0
INFO 2024-03-06 09:21:42,588 basehttp 11660 13584 "GET /static/admin/js/jquery.init.js HTTP/1.1" 304 0
INFO 2024-03-06 09:21:42,590 basehttp 11660 18784 "GET /static/admin/js/actions.js HTTP/1.1" 304 0
INFO 2024-03-06 09:21:42,593 basehttp 11660 34632 "GET /admin/jsi18n/ HTTP/1.1" 200 3342
INFO 2024-03-06 09:21:42,600 basehttp 11660 32224 "GET /static/admin/img/search.svg HTTP/1.1" 304 0
INFO 2024-03-06 09:21:42,613 basehttp 11660 32224 "GET /static/admin/js/filters.js HTTP/1.1" 304 0
INFO 2024-03-06 09:21:42,634 basehttp 11660 32224 "GET /static/admin/img/tooltag-add.svg HTTP/1.1" 304 0
INFO 2024-03-06 09:21:44,631 basehttp 11660 32224 "GET /admin/ HTTP/1.1" 200 6669
INFO 2024-03-06 09:21:46,515 basehttp 11660 32224 "GET /admin/recipe_app/user/ HTTP/1.1" 200 11250
INFO 2024-03-06 09:21:46,546 basehttp 11660 34632 "GET /static/admin/img/icon-yes.svg HTTP/1.1" 304 0
INFO 2024-03-06 09:21:46,549 basehttp 11660 32224 "GET /admin/jsi18n/ HTTP/1.1" 200 3342
INFO 2024-03-06 09:21:46,577 basehttp 11660 34632 "GET /static/admin/img/icon-viewlink.svg HTTP/1.1" 304 0
INFO 2024-03-06 09:21:46,577 basehttp 11660 32224 "GET /static/admin/img/sorting-icons.svg HTTP/1.1" 304 0
INFO 2024-03-06 09:21:49,501 basehttp 11660 9172 "GET /admin/ HTTP/1.1" 200 6669
INFO 2024-03-06 09:22:13,536 basehttp 11660 9132 "GET / HTTP/1.1" 302 0
INFO 2024-03-06 09:22:13,546 basehttp 11660 9132 "GET /index/ HTTP/1.1" 200 5295
INFO 2024-03-06 09:22:22,889 basehttp 11660 18636 "GET /login/ HTTP/1.1" 200 6110
INFO 2024-03-06 09:22:24,840 basehttp 11660 18636 "GET /register/ HTTP/1.1" 200 6624
INFO 2024-03-06 09:22:57,611 basehttp 11660 12936 "POST /register/ HTTP/1.1" 302 0
INFO 2024-03-06 09:22:57,620 basehttp 11660 33764 "GET /register_ok/ HTTP/1.1" 200 5599
INFO 2024-03-06 09:23:00,453 basehttp 11660 33764 "GET /login/ HTTP/1.1" 200 6110
INFO 2024-03-06 09:23:25,941 basehttp 11660 10928 "POST /login/ HTTP/1.1" 302 0
INFO 2024-03-06 09:23:25,944 basehttp 11660 10928 "GET / HTTP/1.1" 302 0
INFO 2024-03-06 09:23:25,952 basehttp 11660 10928 "GET /index/ HTTP/1.1" 200 5300
INFO 2024-03-06 09:23:27,812 basehttp 11660 20440 "GET /recipes/ HTTP/1.1" 200 8868
INFO 2024-03-06 09:23:37,107 basehttp 11660 20440 "GET /admin/recipe_app/category/add/ HTTP/1.1" 302 0
INFO 2024-03-06 09:23:37,131 basehttp 11660 20440 "GET /admin/login/?next=/admin/recipe_app/category/add/ HTTP/1.1" 200 3731
INFO 2024-03-06 09:23:37,152 basehttp 11660 20440 "GET /static/admin/css/login.css HTTP/1.1" 304 0
INFO 2024-03-06 09:24:03,811 basehttp 11660 32524 "POST /admin/login/?next=/admin/recipe_app/category/add/ HTTP/1.1" 302 0
INFO 2024-03-06 09:24:03,834 basehttp 11660 32524 "GET /admin/recipe_app/category/add/ HTTP/1.1" 200 8557
INFO 2024-03-06 09:24:03,866 basehttp 11660 23220 "GET /static/admin/css/forms.css HTTP/1.1" 304 0
INFO 2024-03-06 09:24:03,871 basehttp 11660 32524 "GET /admin/jsi18n/ HTTP/1.1" 200 3342
INFO 2024-03-06 09:24:03,876 basehttp 11660 32524 "GET /static/admin/css/widgets.css HTTP/1.1" 304 0
INFO 2024-03-06 09:24:03,876 basehttp 11660 19212 "GET /static/admin/js/prepopulate_init.js HTTP/1.1" 304 0
INFO 2024-03-06 09:24:03,881 basehttp 11660 19212 "GET /static/admin/js/change_form.js HTTP/1.1" 304 0
INFO 2024-03-06 09:24:12,047 basehttp 11660 14600 "GET /admin/recipe_app/category/ HTTP/1.1" 200 8119
INFO 2024-03-06 09:24:12,073 basehttp 11660 14600 "GET /admin/jsi18n/ HTTP/1.1" 200 3342
INFO 2024-03-06 09:24:14,631 basehttp 11660 14600 "GET /admin/recipe_app/ HTTP/1.1" 200 5944
INFO 2024-03-06 09:24:18,312 basehttp 11660 20012 "GET /admin/recipe_app/category/add/ HTTP/1.1" 200 8557
INFO 2024-03-06 09:24:18,334 basehttp 11660 20012 "GET /admin/jsi18n/ HTTP/1.1" 200 3342
INFO 2024-03-06 09:24:36,461 basehttp 11660 21340 "POST /admin/recipe_app/category/add/ HTTP/1.1" 302 0
INFO 2024-03-06 09:24:36,475 basehttp 11660 21340 "GET /admin/recipe_app/category/add/ HTTP/1.1" 200 8803
INFO 2024-03-06 09:24:36,509 basehttp 11660 21340 "GET /admin/jsi18n/ HTTP/1.1" 200 3342
INFO 2024-03-06 09:24:45,473 basehttp 11660 16212 "POST /admin/recipe_app/category/add/ HTTP/1.1" 302 0
INFO 2024-03-06 09:24:45,487 basehttp 11660 16212 "GET /admin/recipe_app/category/add/ HTTP/1.1" 200 8816
INFO 2024-03-06 09:24:45,510 basehttp 11660 16212 "GET /admin/jsi18n/ HTTP/1.1" 200 3342
INFO 2024-03-06 09:24:52,494 basehttp 11660 16212 "POST /admin/recipe_app/category/add/ HTTP/1.1" 302 0
INFO 2024-03-06 09:24:52,508 basehttp 11660 16212 "GET /admin/recipe_app/category/add/ HTTP/1.1" 200 8816
INFO 2024-03-06 09:24:52,542 basehttp 11660 16212 "GET /admin/jsi18n/ HTTP/1.1" 200 3342
INFO 2024-03-06 09:24:59,085 basehttp 11660 29156 "POST /admin/recipe_app/category/add/ HTTP/1.1" 302 0
INFO 2024-03-06 09:24:59,103 basehttp 11660 29156 "GET /admin/recipe_app/category/ HTTP/1.1" 200 10725
INFO 2024-03-06 09:24:59,125 basehttp 11660 29156 "GET /admin/jsi18n/ HTTP/1.1" 200 3342
INFO 2024-03-06 09:25:08,066 basehttp 11660 25344 "GET /admin/recipe_app/ HTTP/1.1" 200 5944
INFO 2024-03-06 09:25:13,449 basehttp 11660 18884 "GET /admin/recipe_app/recipe/ HTTP/1.1" 200 8105
INFO 2024-03-06 09:25:13,472 basehttp 11660 18884 "GET /admin/jsi18n/ HTTP/1.1" 200 3342
WARNING 2024-03-06 09:25:21,878 base 11660 18884 Method Not Allowed (GET): /logout/
WARNING 2024-03-06 09:25:21,878 log 11660 18884 Method Not Allowed: /logout/
WARNING 2024-03-06 09:25:21,879 basehttp 11660 18884 "GET /logout/ HTTP/1.1" 405 0
INFO 2024-03-06 09:26:04,479 basehttp 11660 14220 "GET /admin/recipe_app/ HTTP/1.1" 200 5944
INFO 2024-03-06 09:26:07,106 basehttp 11660 14220 "GET /admin/recipe_app/recipe/ HTTP/1.1" 200 8105
INFO 2024-03-06 09:26:07,129 basehttp 11660 14220 "GET /admin/jsi18n/ HTTP/1.1" 200 3342
INFO 2024-03-06 09:26:15,176 basehttp 11660 16048 "GET /admin/recipe_app/recipe/add/ HTTP/1.1" 200 14962
INFO 2024-03-06 09:26:15,214 basehttp 11660 16048 "GET /admin/jsi18n/ HTTP/1.1" 200 3342
INFO 2024-03-06 09:28:35,139 basehttp 11660 2964 "POST /admin/recipe_app/recipe/add/ HTTP/1.1" 302 0
INFO 2024-03-06 09:28:35,158 basehttp 11660 2964 "GET /admin/recipe_app/recipe/add/ HTTP/1.1" 200 15209
INFO 2024-03-06 09:28:35,183 basehttp 11660 2964 "GET /admin/jsi18n/ HTTP/1.1" 200 3342
INFO 2024-03-06 09:30:38,076 basehttp 11660 27076 "POST /admin/recipe_app/recipe/add/ HTTP/1.1" 302 0
INFO 2024-03-06 09:30:38,094 basehttp 11660 27076 "GET /admin/recipe_app/recipe/add/ HTTP/1.1" 200 15209
INFO 2024-03-06 09:30:38,127 basehttp 11660 27076 "GET /admin/jsi18n/ HTTP/1.1" 200 3342
INFO 2024-03-06 09:33:14,200 basehttp 11660 28112 "POST /admin/recipe_app/recipe/add/ HTTP/1.1" 302 0
INFO 2024-03-06 09:33:14,218 basehttp 11660 28112 "GET /admin/recipe_app/recipe/add/ HTTP/1.1" 200 15209
INFO 2024-03-06 09:33:14,246 basehttp 11660 28112 "GET /admin/jsi18n/ HTTP/1.1" 200 3342
INFO 2024-03-06 09:35:55,780 basehttp 11660 14524 "POST /admin/recipe_app/recipe/add/ HTTP/1.1" 302 0
INFO 2024-03-06 09:35:55,799 basehttp 11660 14524 "GET /admin/recipe_app/recipe/add/ HTTP/1.1" 200 15209
INFO 2024-03-06 09:35:55,829 basehttp 11660 14524 "GET /admin/jsi18n/ HTTP/1.1" 200 3342
INFO 2024-03-06 09:53:24,368 basehttp 11660 12852 "POST /admin/recipe_app/recipe/add/ HTTP/1.1" 302 0
INFO 2024-03-06 09:53:24,386 basehttp 11660 12852 "GET /admin/recipe_app/recipe/add/ HTTP/1.1" 200 15209
INFO 2024-03-06 09:53:24,418 basehttp 11660 12852 "GET /admin/jsi18n/ HTTP/1.1" 200 3342
INFO 2024-03-06 09:56:22,219 basehttp 11660 2552 "POST /admin/recipe_app/recipe/add/ HTTP/1.1" 302 0
INFO 2024-03-06 09:56:22,236 basehttp 11660 2552 "GET /admin/recipe_app/recipe/ HTTP/1.1" 200 19023
INFO 2024-03-06 09:56:22,267 basehttp 11660 2552 "GET /admin/jsi18n/ HTTP/1.1" 200 3342
INFO 2024-03-06 09:56:27,231 basehttp 11660 14128 "GET /admin/recipe_app/ HTTP/1.1" 200 5944
INFO 2024-03-06 09:56:41,469 basehttp 11660 8600 "GET /recipes/ HTTP/1.1" 200 14451
INFO 2024-03-06 09:56:57,851 basehttp 11660 17168 "GET /recipes/edit/6 HTTP/1.1" 200 10872
INFO 2024-03-06 09:57:06,349 basehttp 11660 4468 "POST /recipes/edit/6 HTTP/1.1" 302 0
INFO 2024-03-06 09:57:06,360 basehttp 11660 4468 "GET /recipes/ HTTP/1.1" 200 14451
INFO 2024-03-06 09:57:13,009 basehttp 11660 4468 "GET /recipes/edit/6 HTTP/1.1" 200 10872
INFO 2024-03-06 10:11:46,108 autoreload 11660 14712 C:\Users\sonym\new_project\venv\recipe_site\recipe_app\forms.py changed, reloading.
INFO 2024-03-06 10:11:47,022 autoreload 28008 22820 Watching for file changes with StatReloader
INFO 2024-03-06 10:12:26,843 autoreload 28008 22820 C:\Users\sonym\new_project\venv\recipe_site\recipe_app\forms.py changed, reloading.
INFO 2024-03-06 10:12:27,392 autoreload 23544 30916 Watching for file changes with StatReloader
INFO 2024-03-06 10:12:58,057 autoreload 23544 30916 C:\Users\sonym\new_project\venv\recipe_site\recipe_app\forms.py changed, reloading.
INFO 2024-03-06 10:12:58,603 autoreload 20268 14204 Watching for file changes with StatReloader
INFO 2024-03-06 10:13:45,490 autoreload 20268 14204 C:\Users\sonym\new_project\venv\recipe_site\recipe_app\forms.py changed, reloading.
INFO 2024-03-06 10:13:46,075 autoreload 17476 17168 Watching for file changes with StatReloader
INFO 2024-03-06 10:15:55,168 autoreload 17476 17168 C:\Users\sonym\new_project\venv\recipe_site\recipe_app\forms.py changed, reloading.
INFO 2024-03-06 10:15:55,667 autoreload 1456 20864 Watching for file changes with StatReloader
INFO 2024-03-06 10:16:39,576 basehttp 1456 31700 "GET /recipes/edit/6 HTTP/1.1" 200 10972
INFO 2024-03-06 10:20:29,966 basehttp 1456 27420 "GET /recipes/edit/6 HTTP/1.1" 200 11133
INFO 2024-03-06 10:22:22,285 basehttp 1456 27420 "GET /recipes/edit/6 HTTP/1.1" 200 11133
INFO 2024-03-06 10:22:51,862 basehttp 1456 10152 "GET /recipes/edit/6 HTTP/1.1" 200 11996
INFO 2024-03-06 10:24:07,502 basehttp 1456 10152 "GET /recipes/edit/6 HTTP/1.1" 200 11996
INFO 2024-03-06 10:24:13,840 basehttp 1456 23940 "GET /recipes/edit/6 HTTP/1.1" 200 11842
INFO 2024-03-06 10:26:10,474 autoreload 1456 20864 C:\Users\sonym\new_project\venv\recipe_site\recipe_app\forms.py changed, reloading.
INFO 2024-03-06 10:26:11,013 autoreload 32148 13720 Watching for file changes with StatReloader
INFO 2024-03-06 10:27:43,676 autoreload 32148 13720 C:\Users\sonym\new_project\venv\recipe_site\recipe_app\forms.py changed, reloading.
INFO 2024-03-06 10:27:44,150 autoreload 9852 32564 Watching for file changes with StatReloader
INFO 2024-03-06 10:29:07,695 autoreload 9852 32564 C:\Users\sonym\new_project\venv\recipe_site\recipe_app\forms.py changed, reloading.
INFO 2024-03-06 10:29:08,178 autoreload 21636 25492 Watching for file changes with StatReloader
INFO 2024-03-06 10:30:03,289 autoreload 21636 25492 C:\Users\sonym\new_project\venv\recipe_site\recipe_app\forms.py changed, reloading.
INFO 2024-03-06 10:30:03,834 autoreload 10124 11512 Watching for file changes with StatReloader
INFO 2024-03-06 10:30:06,642 basehttp 10124 23392 "GET /recipes/edit/6 HTTP/1.1" 200 11842
INFO 2024-03-06 10:30:24,289 basehttp 10124 31408 "GET /recipes/edit/6 HTTP/1.1" 200 11842
INFO 2024-03-06 10:34:16,416 basehttp 10124 6384 "GET /recipes/edit/6 HTTP/1.1" 200 11842
INFO 2024-03-06 10:44:09,011 autoreload 10124 11512 C:\Users\sonym\new_project\venv\recipe_site\recipe_app\forms.py changed, reloading.
INFO 2024-03-06 10:44:09,514 autoreload 29156 19352 Watching for file changes with StatReloader
INFO 2024-03-06 10:48:00,271 autoreload 29156 19352 C:\Users\sonym\new_project\venv\recipe_site\recipe_app\forms.py changed, reloading.
INFO 2024-03-06 10:48:00,870 autoreload 32792 3016 Watching for file changes with StatReloader
INFO 2024-03-06 10:48:01,813 basehttp 32792 31372 "GET /recipes/edit/6 HTTP/1.1" 200 11790
INFO 2024-03-06 10:48:14,924 basehttp 32792 29404 "GET /recipes/edit/6 HTTP/1.1" 200 11790
INFO 2024-03-06 10:50:14,854 basehttp 32792 24368 "GET /recipes/edit/6 HTTP/1.1" 200 11036
INFO 2024-03-06 10:50:17,280 basehttp 32792 24368 "GET /recipes/edit/6 HTTP/1.1" 200 11036
INFO 2024-03-06 10:50:50,297 basehttp 32792 34452 "GET /recipes/edit/6 HTTP/1.1" 200 11036
INFO 2024-03-06 10:50:51,804 basehttp 32792 34452 "GET /recipes/edit/6 HTTP/1.1" 200 11064
INFO 2024-03-06 10:50:56,328 basehttp 32792 34452 "GET /recipes/edit/6 HTTP/1.1" 200 11064
INFO 2024-03-06 10:54:06,809 basehttp 32792 12552 "GET /recipes/edit/6 HTTP/1.1" 200 11037
INFO 2024-03-06 10:54:19,047 basehttp 32792 12552 "GET /recipes/edit/6 HTTP/1.1" 200 11037
INFO 2024-03-06 10:55:01,479 basehttp 32792 29460 "GET /recipes/edit/6 HTTP/1.1" 200 11037
INFO 2024-03-06 10:55:04,191 basehttp 32792 29460 "GET /recipes/edit/6 HTTP/1.1" 200 11065
INFO 2024-03-06 10:55:55,238 basehttp 32792 29460 "GET /recipes/edit/6 HTTP/1.1" 200 11065
INFO 2024-03-06 10:56:36,140 basehttp 32792 30244 "GET /recipes/edit/6 HTTP/1.1" 200 11099
INFO 2024-03-06 10:58:39,848 basehttp 32792 31384 "GET /recipes/edit/6 HTTP/1.1" 200 11051
INFO 2024-03-06 10:58:41,075 basehttp 32792 31384 "GET /recipes/edit/6 HTTP/1.1" 200 11051
INFO 2024-03-06 10:58:42,165 basehttp 32792 31384 "GET /recipes/edit/6 HTTP/1.1" 200 11051
INFO 2024-03-06 10:59:15,209 basehttp 32792 23944 "GET /recipes/edit/6 HTTP/1.1" 200 11051
INFO 2024-03-06 10:59:37,284 basehttp 32792 30644 "GET /recipes/edit/6 HTTP/1.1" 200 11095
INFO 2024-03-06 11:00:46,521 basehttp 32792 25832 "GET /recipes/edit/6 HTTP/1.1" 200 10648
INFO 2024-03-06 11:00:47,958 basehttp 32792 25832 "GET /recipes/edit/6 HTTP/1.1" 200 10648
INFO 2024-03-06 11:03:13,943 basehttp 32792 32472 "GET /recipes/edit/6 HTTP/1.1" 200 10652
INFO 2024-03-06 11:04:33,915 basehttp 32792 1548 "GET /recipes/edit/6 HTTP/1.1" 200 10652
INFO 2024-03-06 11:04:39,799 basehttp 32792 17268 "GET /recipes/edit/6 HTTP/1.1" 200 10652
INFO 2024-03-06 11:04:40,944 basehttp 32792 17268 "GET /recipes/edit/6 HTTP/1.1" 200 10652
INFO 2024-03-06 11:04:41,979 basehttp 32792 17268 "GET /recipes/edit/6 HTTP/1.1" 200 10652
INFO 2024-03-06 11:04:46,607 basehttp 32792 32652 "GET /recipes/edit/6 HTTP/1.1" 200 10652
INFO 2024-03-06 11:04:47,493 basehttp 32792 32652 "GET /recipes/edit/6 HTTP/1.1" 200 10652
INFO 2024-03-06 11:04:48,269 basehttp 32792 32652 "GET /recipes/edit/6 HTTP/1.1" 200 10652
INFO 2024-03-06 11:04:49,023 basehttp 32792 32652 "GET /recipes/edit/6 HTTP/1.1" 200 10652
INFO 2024-03-06 11:04:49,746 basehttp 32792 32652 "GET /recipes/edit/6 HTTP/1.1" 200 10652
INFO 2024-03-06 11:04:50,338 basehttp 32792 32652 "GET /recipes/edit/6 HTTP/1.1" 200 10652
INFO 2024-03-06 11:04:51,344 basehttp 32792 32652 "GET /recipes/edit/6 HTTP/1.1" 200 10652
INFO 2024-03-06 11:04:52,654 basehttp 32792 32652 "GET /recipes/edit/6 HTTP/1.1" 200 10652
INFO 2024-03-06 11:04:52,988 basehttp 32792 32652 "GET /recipes/edit/6 HTTP/1.1" 200 10652
INFO 2024-03-06 11:04:53,225 basehttp 32792 32652 "GET /recipes/edit/6 HTTP/1.1" 200 10652
INFO 2024-03-06 11:04:53,648 basehttp 32792 32652 "GET /recipes/edit/6 HTTP/1.1" 200 10652
INFO 2024-03-06 11:04:54,286 basehttp 32792 32652 "GET /recipes/edit/6 HTTP/1.1" 200 10652
INFO 2024-03-06 11:04:54,531 basehttp 32792 32652 "GET /recipes/edit/6 HTTP/1.1" 200 10652
INFO 2024-03-06 11:04:54,729 basehttp 32792 32652 "GET /recipes/edit/6 HTTP/1.1" 200 10652
INFO 2024-03-06 11:04:54,910 basehttp 32792 32652 "GET /recipes/edit/6 HTTP/1.1" 200 10652
INFO 2024-03-06 11:04:55,102 basehttp 32792 32652 "GET /recipes/edit/6 HTTP/1.1" 200 10652
INFO 2024-03-06 11:04:55,291 basehttp 32792 32652 "GET /recipes/edit/6 HTTP/1.1" 200 10652
INFO 2024-03-06 11:04:55,484 basehttp 32792 32652 "GET /recipes/edit/6 HTTP/1.1" 200 10652
INFO 2024-03-06 11:04:56,806 basehttp 32792 33348 "GET /recipes/edit/6 HTTP/1.1" 200 10652
INFO 2024-03-06 11:13:53,655 autoreload 32792 3016 C:\Users\sonym\new_project\venv\recipe_site\recipe_app\forms.py changed, reloading.
INFO 2024-03-06 11:13:54,462 autoreload 19216 11356 Watching for file changes with StatReloader
INFO 2024-03-06 11:14:19,125 autoreload 19216 11356 C:\Users\sonym\new_project\venv\recipe_site\recipe_app\forms.py changed, reloading.
INFO 2024-03-06 11:14:19,647 autoreload 10220 12644 Watching for file changes with StatReloader
INFO 2024-03-06 11:14:43,324 autoreload 10220 12644 C:\Users\sonym\new_project\venv\recipe_site\recipe_app\forms.py changed, reloading.
INFO 2024-03-06 11:14:43,859 autoreload 24992 7296 Watching for file changes with StatReloader
INFO 2024-03-06 11:15:09,635 basehttp 24992 27256 "GET /recipes/edit/6 HTTP/1.1" 200 10552
INFO 2024-03-06 11:17:21,628 autoreload 24992 7296 C:\Users\sonym\new_project\venv\recipe_site\recipe_app\forms.py changed, reloading.
INFO 2024-03-06 11:17:22,106 autoreload 29028 26972 Watching for file changes with StatReloader
INFO 2024-03-06 11:18:16,208 autoreload 29028 26972 C:\Users\sonym\new_project\venv\recipe_site\recipe_app\forms.py changed, reloading.
INFO 2024-03-06 11:18:16,726 autoreload 27488 32920 Watching for file changes with StatReloader
INFO 2024-03-06 11:19:59,519 autoreload 27488 32920 C:\Users\sonym\new_project\venv\recipe_site\recipe_app\forms.py changed, reloading.
INFO 2024-03-06 11:20:00,026 autoreload 14948 3148 Watching for file changes with StatReloader
INFO 2024-03-06 11:20:14,700 basehttp 14948 32508 "GET /recipes/edit/6 HTTP/1.1" 200 10407
INFO 2024-03-06 11:20:30,647 basehttp 14948 32508 "GET /recipes/edit/6 HTTP/1.1" 200 10407
INFO 2024-03-06 11:25:31,099 basehttp 14948 25252 "GET /recipes/edit/6 HTTP/1.1" 200 10316
INFO 2024-03-06 11:26:40,967 basehttp 14948 25364 "GET /recipes/edit/6 HTTP/1.1" 200 10550
INFO 2024-03-06 11:26:43,517 basehttp 14948 4820 "GET /recipes/edit/6 HTTP/1.1" 200 10550
INFO 2024-03-06 11:27:15,496 basehttp 14948 4820 "GET /recipes/edit/6 HTTP/1.1" 200 10550
INFO 2024-03-06 11:28:46,192 basehttp 14948 13140 "GET /recipes/edit/6 HTTP/1.1" 200 10537
INFO 2024-03-06 11:29:06,064 basehttp 14948 13140 "GET /recipes/edit/6 HTTP/1.1" 200 10537
INFO 2024-03-06 11:29:07,281 basehttp 14948 13140 "GET /recipes/edit/6 HTTP/1.1" 200 10565
INFO 2024-03-06 11:29:08,012 basehttp 14948 13140 "GET /recipes/edit/6 HTTP/1.1" 200 10565
INFO 2024-03-06 11:29:08,675 basehttp 14948 20960 "GET /recipes/edit/6 HTTP/1.1" 200 10565
INFO 2024-03-06 11:29:09,187 basehttp 14948 20960 "GET /recipes/edit/6 HTTP/1.1" 200 10565
INFO 2024-03-06 11:29:09,773 basehttp 14948 20960 "GET /recipes/edit/6 HTTP/1.1" 200 10565
INFO 2024-03-06 11:32:52,287 basehttp 14948 12260 "GET /recipes/edit/6 HTTP/1.1" 200 10476
INFO 2024-03-06 11:33:27,379 basehttp 14948 7408 "GET /recipes/edit/6 HTTP/1.1" 200 10476
INFO 2024-03-06 11:33:38,548 basehttp 14948 7480 "GET /recipes/edit/6 HTTP/1.1" 200 10494
INFO 2024-03-06 11:34:27,760 basehttp 14948 3464 "GET /recipes/edit/6 HTTP/1.1" 200 10494
INFO 2024-03-06 11:35:04,944 basehttp 14948 17692 "GET /recipes/edit/6 HTTP/1.1" 200 10507
INFO 2024-03-06 11:36:37,172 basehttp 14948 27380 "GET /recipes/edit/6 HTTP/1.1" 200 10507
INFO 2024-03-06 11:36:46,393 basehttp 14948 11008 "GET /recipes/edit/6 HTTP/1.1" 200 10338
INFO 2024-03-06 11:39:08,869 basehttp 14948 25112 "GET /recipes/edit/6 HTTP/1.1" 200 10338
INFO 2024-03-06 11:44:51,677 basehttp 14948 17124 "GET /recipes/edit/6 HTTP/1.1" 200 10462
INFO 2024-03-06 11:45:05,925 basehttp 14948 17124 "GET /recipes/edit/6 HTTP/1.1" 200 10462
INFO 2024-03-06 11:46:40,719 basehttp 14948 17124 "GET /recipes/edit/6 HTTP/1.1" 200 10462
INFO 2024-03-06 11:51:10,504 basehttp 14948 16256 "GET /recipes/edit/6 HTTP/1.1" 200 10881
INFO 2024-03-06 11:51:16,238 basehttp 14948 16256 "GET /recipes/edit/6 HTTP/1.1" 200 10881
INFO 2024-03-06 11:51:17,772 basehttp 14948 16256 "GET /recipes/edit/6 HTTP/1.1" 200 10881
INFO 2024-03-06 11:51:19,008 basehttp 14948 16256 "GET /recipes/edit/6 HTTP/1.1" 200 10881
INFO 2024-03-06 11:53:25,834 basehttp 14948 3780 "GET /recipes/edit/6 HTTP/1.1" 200 10830
INFO 2024-03-06 11:53:32,323 basehttp 14948 3780 "GET /recipes/edit/6 HTTP/1.1" 200 10830
INFO 2024-03-06 11:53:33,213 basehttp 14948 3780 "GET /recipes/edit/6 HTTP/1.1" 200 10830
INFO 2024-03-06 11:54:22,095 basehttp 14948 31860 "GET /recipes/edit/6 HTTP/1.1" 200 10840
INFO 2024-03-06 11:54:23,605 basehttp 14948 31860 "GET /recipes/edit/6 HTTP/1.1" 200 10840
INFO 2024-03-06 11:54:24,548 basehttp 14948 31860 "GET /recipes/edit/6 HTTP/1.1" 200 10840
INFO 2024-03-06 11:55:25,391 basehttp 14948 26652 "GET /recipes/edit/6 HTTP/1.1" 200 10396
INFO 2024-03-06 11:57:41,111 basehttp 14948 34100 "GET /recipes/edit/6 HTTP/1.1" 200 10519
INFO 2024-03-06 11:59:20,698 basehttp 14948 27928 "GET /recipes/edit/6 HTTP/1.1" 200 10568
INFO 2024-03-06 12:07:58,039 basehttp 14948 17992 "GET /recipes/edit/6 HTTP/1.1" 200 10575
INFO 2024-03-06 12:08:03,717 basehttp 14948 17992 "GET /recipes/edit/6 HTTP/1.1" 200 10575
INFO 2024-03-06 12:10:31,616 basehttp 14948 16580 "GET /recipes/edit/6 HTTP/1.1" 200 11714
INFO 2024-03-06 12:11:22,387 basehttp 14948 16580 "GET /recipes/edit/6 HTTP/1.1" 200 11714
INFO 2024-03-06 12:11:44,862 basehttp 14948 16580 "GET /recipes/edit/6 HTTP/1.1" 200 11711
INFO 2024-03-06 12:12:06,168 basehttp 14948 16580 "GET /recipes/edit/6 HTTP/1.1" 200 11711
INFO 2024-03-06 12:12:10,864 basehttp 14948 16580 "GET /recipes/edit/6 HTTP/1.1" 200 11711
INFO 2024-03-06 12:12:43,874 basehttp 14948 16580 "GET /recipes/edit/6 HTTP/1.1" 200 11711
INFO 2024-03-06 12:13:57,569 basehttp 14948 16580 "GET /recipes/edit/6 HTTP/1.1" 200 11712
INFO 2024-03-06 12:21:59,965 autoreload 5756 10708 Watching for file changes with StatReloader
INFO 2024-03-06 12:22:04,848 basehttp 5756 29776 "GET /admin/recipe_app/ HTTP/1.1" 302 0
INFO 2024-03-06 12:22:04,908 basehttp 5756 29776 "GET /admin/login/?next=/admin/recipe_app/ HTTP/1.1" 200 4180
ERROR 2024-03-06 12:22:21,811 log 5756 29776 Internal Server Error: /admin/login/
Traceback (most recent call last):
  File "C:\Users\sonym\new_project\venv\Lib\site-packages\django\db\backends\utils.py", line 105, in _execute
    return self.cursor.execute(sql, params)
           ^^^^^^^^^^^^^^^^^^^^^^^^^^^^^^^^
  File "C:\Users\sonym\new_project\venv\Lib\site-packages\django\db\backends\sqlite3\base.py", line 329, in execute
    return super().execute(query, params)
           ^^^^^^^^^^^^^^^^^^^^^^^^^^^^^^
sqlite3.OperationalError: no such table: recipe_app_user

The above exception was the direct cause of the following exception:

Traceback (most recent call last):
  File "C:\Users\sonym\new_project\venv\Lib\site-packages\django\core\handlers\exception.py", line 55, in inner
    response = get_response(request)
               ^^^^^^^^^^^^^^^^^^^^^
  File "C:\Users\sonym\new_project\venv\Lib\site-packages\django\core\handlers\base.py", line 197, in _get_response
    response = wrapped_callback(request, *callback_args, **callback_kwargs)
               ^^^^^^^^^^^^^^^^^^^^^^^^^^^^^^^^^^^^^^^^^^^^^^^^^^^^^^^^^^^^
  File "C:\Users\sonym\new_project\venv\Lib\site-packages\django\utils\decorators.py", line 48, in _wrapper
    return bound_method(*args, **kwargs)
           ^^^^^^^^^^^^^^^^^^^^^^^^^^^^^
  File "C:\Users\sonym\new_project\venv\Lib\site-packages\django\views\decorators\cache.py", line 80, in _view_wrapper
    response = view_func(request, *args, **kwargs)
               ^^^^^^^^^^^^^^^^^^^^^^^^^^^^^^^^^^^
  File "C:\Users\sonym\new_project\venv\Lib\site-packages\django\contrib\admin\sites.py", line 440, in login
    return LoginView.as_view(**defaults)(request)
           ^^^^^^^^^^^^^^^^^^^^^^^^^^^^^^^^^^^^^^
  File "C:\Users\sonym\new_project\venv\Lib\site-packages\django\views\generic\base.py", line 104, in view
    return self.dispatch(request, *args, **kwargs)
           ^^^^^^^^^^^^^^^^^^^^^^^^^^^^^^^^^^^^^^^
  File "C:\Users\sonym\new_project\venv\Lib\site-packages\django\utils\decorators.py", line 48, in _wrapper
    return bound_method(*args, **kwargs)
           ^^^^^^^^^^^^^^^^^^^^^^^^^^^^^
  File "C:\Users\sonym\new_project\venv\Lib\site-packages\django\views\decorators\debug.py", line 143, in sensitive_post_parameters_wrapper
    return view(request, *args, **kwargs)
           ^^^^^^^^^^^^^^^^^^^^^^^^^^^^^^
  File "C:\Users\sonym\new_project\venv\Lib\site-packages\django\utils\decorators.py", line 48, in _wrapper
    return bound_method(*args, **kwargs)
           ^^^^^^^^^^^^^^^^^^^^^^^^^^^^^
  File "C:\Users\sonym\new_project\venv\Lib\site-packages\django\utils\decorators.py", line 188, in _view_wrapper
    result = _process_exception(request, e)
             ^^^^^^^^^^^^^^^^^^^^^^^^^^^^^^
  File "C:\Users\sonym\new_project\venv\Lib\site-packages\django\utils\decorators.py", line 186, in _view_wrapper
    response = view_func(request, *args, **kwargs)
               ^^^^^^^^^^^^^^^^^^^^^^^^^^^^^^^^^^^
  File "C:\Users\sonym\new_project\venv\Lib\site-packages\django\utils\decorators.py", line 48, in _wrapper
    return bound_method(*args, **kwargs)
           ^^^^^^^^^^^^^^^^^^^^^^^^^^^^^
  File "C:\Users\sonym\new_project\venv\Lib\site-packages\django\views\decorators\cache.py", line 80, in _view_wrapper
    response = view_func(request, *args, **kwargs)
               ^^^^^^^^^^^^^^^^^^^^^^^^^^^^^^^^^^^
  File "C:\Users\sonym\new_project\venv\Lib\site-packages\django\contrib\auth\views.py", line 88, in dispatch
    return super().dispatch(request, *args, **kwargs)
           ^^^^^^^^^^^^^^^^^^^^^^^^^^^^^^^^^^^^^^^^^^
  File "C:\Users\sonym\new_project\venv\Lib\site-packages\django\views\generic\base.py", line 143, in dispatch
    return handler(request, *args, **kwargs)
           ^^^^^^^^^^^^^^^^^^^^^^^^^^^^^^^^^
  File "C:\Users\sonym\new_project\venv\Lib\site-packages\django\views\generic\edit.py", line 150, in post
    if form.is_valid():
       ^^^^^^^^^^^^^^^
  File "C:\Users\sonym\new_project\venv\Lib\site-packages\django\forms\forms.py", line 197, in is_valid
    return self.is_bound and not self.errors
                                 ^^^^^^^^^^^
  File "C:\Users\sonym\new_project\venv\Lib\site-packages\django\forms\forms.py", line 192, in errors
    self.full_clean()
  File "C:\Users\sonym\new_project\venv\Lib\site-packages\django\forms\forms.py", line 328, in full_clean
    self._clean_form()
  File "C:\Users\sonym\new_project\venv\Lib\site-packages\django\forms\forms.py", line 349, in _clean_form
    cleaned_data = self.clean()
                   ^^^^^^^^^^^^
  File "C:\Users\sonym\new_project\venv\Lib\site-packages\django\contrib\auth\forms.py", line 250, in clean
    self.user_cache = authenticate(
                      ^^^^^^^^^^^^^
  File "C:\Users\sonym\new_project\venv\Lib\site-packages\django\views\decorators\debug.py", line 75, in sensitive_variables_wrapper
    return func(*func_args, **func_kwargs)
           ^^^^^^^^^^^^^^^^^^^^^^^^^^^^^^^
  File "C:\Users\sonym\new_project\venv\Lib\site-packages\django\contrib\auth\__init__.py", line 79, in authenticate
    user = backend.authenticate(request, **credentials)
           ^^^^^^^^^^^^^^^^^^^^^^^^^^^^^^^^^^^^^^^^^^^^
  File "C:\Users\sonym\new_project\venv\Lib\site-packages\django\contrib\auth\backends.py", line 42, in authenticate
    user = UserModel._default_manager.get_by_natural_key(username)
           ^^^^^^^^^^^^^^^^^^^^^^^^^^^^^^^^^^^^^^^^^^^^^^^^^^^^^^^
  File "C:\Users\sonym\new_project\venv\Lib\site-packages\django\contrib\auth\base_user.py", line 56, in get_by_natural_key
    return self.get(**{self.model.USERNAME_FIELD: username})
           ^^^^^^^^^^^^^^^^^^^^^^^^^^^^^^^^^^^^^^^^^^^^^^^^^
  File "C:\Users\sonym\new_project\venv\Lib\site-packages\django\db\models\manager.py", line 87, in manager_method
    return getattr(self.get_queryset(), name)(*args, **kwargs)
           ^^^^^^^^^^^^^^^^^^^^^^^^^^^^^^^^^^^^^^^^^^^^^^^^^^^
  File "C:\Users\sonym\new_project\venv\Lib\site-packages\django\db\models\query.py", line 645, in get
    num = len(clone)
          ^^^^^^^^^^
  File "C:\Users\sonym\new_project\venv\Lib\site-packages\django\db\models\query.py", line 382, in __len__
    self._fetch_all()
  File "C:\Users\sonym\new_project\venv\Lib\site-packages\django\db\models\query.py", line 1928, in _fetch_all
    self._result_cache = list(self._iterable_class(self))
                         ^^^^^^^^^^^^^^^^^^^^^^^^^^^^^^^^
  File "C:\Users\sonym\new_project\venv\Lib\site-packages\django\db\models\query.py", line 91, in __iter__
    results = compiler.execute_sql(
              ^^^^^^^^^^^^^^^^^^^^^
  File "C:\Users\sonym\new_project\venv\Lib\site-packages\django\db\models\sql\compiler.py", line 1562, in execute_sql
    cursor.execute(sql, params)
  File "C:\Users\sonym\new_project\venv\Lib\site-packages\django\db\backends\utils.py", line 122, in execute
    return super().execute(sql, params)
           ^^^^^^^^^^^^^^^^^^^^^^^^^^^^
  File "C:\Users\sonym\new_project\venv\Lib\site-packages\django\db\backends\utils.py", line 79, in execute
    return self._execute_with_wrappers(
           ^^^^^^^^^^^^^^^^^^^^^^^^^^^^
  File "C:\Users\sonym\new_project\venv\Lib\site-packages\django\db\backends\utils.py", line 92, in _execute_with_wrappers
    return executor(sql, params, many, context)
           ^^^^^^^^^^^^^^^^^^^^^^^^^^^^^^^^^^^^
  File "C:\Users\sonym\new_project\venv\Lib\site-packages\django\db\backends\utils.py", line 100, in _execute
    with self.db.wrap_database_errors:
  File "C:\Users\sonym\new_project\venv\Lib\site-packages\django\db\utils.py", line 91, in __exit__
    raise dj_exc_value.with_traceback(traceback) from exc_value
  File "C:\Users\sonym\new_project\venv\Lib\site-packages\django\db\backends\utils.py", line 105, in _execute
    return self.cursor.execute(sql, params)
           ^^^^^^^^^^^^^^^^^^^^^^^^^^^^^^^^
  File "C:\Users\sonym\new_project\venv\Lib\site-packages\django\db\backends\sqlite3\base.py", line 329, in execute
    return super().execute(query, params)
           ^^^^^^^^^^^^^^^^^^^^^^^^^^^^^^
django.db.utils.OperationalError: no such table: recipe_app_user
ERROR 2024-03-06 12:22:21,831 basehttp 5756 29776 "POST /admin/login/?next=/admin/recipe_app/ HTTP/1.1" 500 245780
INFO 2024-03-06 12:22:49,486 basehttp 5756 29776 "GET /admin/ HTTP/1.1" 302 0
INFO 2024-03-06 12:22:49,494 basehttp 5756 29776 "GET /admin/login/?next=/admin/ HTTP/1.1" 200 4158
INFO 2024-03-06 12:22:50,474 basehttp 5756 29776 "GET /admin/ HTTP/1.1" 302 0
INFO 2024-03-06 12:22:50,480 basehttp 5756 29776 "GET /admin/login/?next=/admin/ HTTP/1.1" 200 4158
ERROR 2024-03-06 12:23:05,919 log 5756 28024 Internal Server Error: /admin/login/
Traceback (most recent call last):
  File "C:\Users\sonym\new_project\venv\Lib\site-packages\django\db\backends\utils.py", line 105, in _execute
    return self.cursor.execute(sql, params)
           ^^^^^^^^^^^^^^^^^^^^^^^^^^^^^^^^
  File "C:\Users\sonym\new_project\venv\Lib\site-packages\django\db\backends\sqlite3\base.py", line 329, in execute
    return super().execute(query, params)
           ^^^^^^^^^^^^^^^^^^^^^^^^^^^^^^
sqlite3.OperationalError: no such table: recipe_app_user

The above exception was the direct cause of the following exception:

Traceback (most recent call last):
  File "C:\Users\sonym\new_project\venv\Lib\site-packages\django\core\handlers\exception.py", line 55, in inner
    response = get_response(request)
               ^^^^^^^^^^^^^^^^^^^^^
  File "C:\Users\sonym\new_project\venv\Lib\site-packages\django\core\handlers\base.py", line 197, in _get_response
    response = wrapped_callback(request, *callback_args, **callback_kwargs)
               ^^^^^^^^^^^^^^^^^^^^^^^^^^^^^^^^^^^^^^^^^^^^^^^^^^^^^^^^^^^^
  File "C:\Users\sonym\new_project\venv\Lib\site-packages\django\utils\decorators.py", line 48, in _wrapper
    return bound_method(*args, **kwargs)
           ^^^^^^^^^^^^^^^^^^^^^^^^^^^^^
  File "C:\Users\sonym\new_project\venv\Lib\site-packages\django\views\decorators\cache.py", line 80, in _view_wrapper
    response = view_func(request, *args, **kwargs)
               ^^^^^^^^^^^^^^^^^^^^^^^^^^^^^^^^^^^
  File "C:\Users\sonym\new_project\venv\Lib\site-packages\django\contrib\admin\sites.py", line 440, in login
    return LoginView.as_view(**defaults)(request)
           ^^^^^^^^^^^^^^^^^^^^^^^^^^^^^^^^^^^^^^
  File "C:\Users\sonym\new_project\venv\Lib\site-packages\django\views\generic\base.py", line 104, in view
    return self.dispatch(request, *args, **kwargs)
           ^^^^^^^^^^^^^^^^^^^^^^^^^^^^^^^^^^^^^^^
  File "C:\Users\sonym\new_project\venv\Lib\site-packages\django\utils\decorators.py", line 48, in _wrapper
    return bound_method(*args, **kwargs)
           ^^^^^^^^^^^^^^^^^^^^^^^^^^^^^
  File "C:\Users\sonym\new_project\venv\Lib\site-packages\django\views\decorators\debug.py", line 143, in sensitive_post_parameters_wrapper
    return view(request, *args, **kwargs)
           ^^^^^^^^^^^^^^^^^^^^^^^^^^^^^^
  File "C:\Users\sonym\new_project\venv\Lib\site-packages\django\utils\decorators.py", line 48, in _wrapper
    return bound_method(*args, **kwargs)
           ^^^^^^^^^^^^^^^^^^^^^^^^^^^^^
  File "C:\Users\sonym\new_project\venv\Lib\site-packages\django\utils\decorators.py", line 188, in _view_wrapper
    result = _process_exception(request, e)
             ^^^^^^^^^^^^^^^^^^^^^^^^^^^^^^
  File "C:\Users\sonym\new_project\venv\Lib\site-packages\django\utils\decorators.py", line 186, in _view_wrapper
    response = view_func(request, *args, **kwargs)
               ^^^^^^^^^^^^^^^^^^^^^^^^^^^^^^^^^^^
  File "C:\Users\sonym\new_project\venv\Lib\site-packages\django\utils\decorators.py", line 48, in _wrapper
    return bound_method(*args, **kwargs)
           ^^^^^^^^^^^^^^^^^^^^^^^^^^^^^
  File "C:\Users\sonym\new_project\venv\Lib\site-packages\django\views\decorators\cache.py", line 80, in _view_wrapper
    response = view_func(request, *args, **kwargs)
               ^^^^^^^^^^^^^^^^^^^^^^^^^^^^^^^^^^^
  File "C:\Users\sonym\new_project\venv\Lib\site-packages\django\contrib\auth\views.py", line 88, in dispatch
    return super().dispatch(request, *args, **kwargs)
           ^^^^^^^^^^^^^^^^^^^^^^^^^^^^^^^^^^^^^^^^^^
  File "C:\Users\sonym\new_project\venv\Lib\site-packages\django\views\generic\base.py", line 143, in dispatch
    return handler(request, *args, **kwargs)
           ^^^^^^^^^^^^^^^^^^^^^^^^^^^^^^^^^
  File "C:\Users\sonym\new_project\venv\Lib\site-packages\django\views\generic\edit.py", line 150, in post
    if form.is_valid():
       ^^^^^^^^^^^^^^^
  File "C:\Users\sonym\new_project\venv\Lib\site-packages\django\forms\forms.py", line 197, in is_valid
    return self.is_bound and not self.errors
                                 ^^^^^^^^^^^
  File "C:\Users\sonym\new_project\venv\Lib\site-packages\django\forms\forms.py", line 192, in errors
    self.full_clean()
  File "C:\Users\sonym\new_project\venv\Lib\site-packages\django\forms\forms.py", line 328, in full_clean
    self._clean_form()
  File "C:\Users\sonym\new_project\venv\Lib\site-packages\django\forms\forms.py", line 349, in _clean_form
    cleaned_data = self.clean()
                   ^^^^^^^^^^^^
  File "C:\Users\sonym\new_project\venv\Lib\site-packages\django\contrib\auth\forms.py", line 250, in clean
    self.user_cache = authenticate(
                      ^^^^^^^^^^^^^
  File "C:\Users\sonym\new_project\venv\Lib\site-packages\django\views\decorators\debug.py", line 75, in sensitive_variables_wrapper
    return func(*func_args, **func_kwargs)
           ^^^^^^^^^^^^^^^^^^^^^^^^^^^^^^^
  File "C:\Users\sonym\new_project\venv\Lib\site-packages\django\contrib\auth\__init__.py", line 79, in authenticate
    user = backend.authenticate(request, **credentials)
           ^^^^^^^^^^^^^^^^^^^^^^^^^^^^^^^^^^^^^^^^^^^^
  File "C:\Users\sonym\new_project\venv\Lib\site-packages\django\contrib\auth\backends.py", line 42, in authenticate
    user = UserModel._default_manager.get_by_natural_key(username)
           ^^^^^^^^^^^^^^^^^^^^^^^^^^^^^^^^^^^^^^^^^^^^^^^^^^^^^^^
  File "C:\Users\sonym\new_project\venv\Lib\site-packages\django\contrib\auth\base_user.py", line 56, in get_by_natural_key
    return self.get(**{self.model.USERNAME_FIELD: username})
           ^^^^^^^^^^^^^^^^^^^^^^^^^^^^^^^^^^^^^^^^^^^^^^^^^
  File "C:\Users\sonym\new_project\venv\Lib\site-packages\django\db\models\manager.py", line 87, in manager_method
    return getattr(self.get_queryset(), name)(*args, **kwargs)
           ^^^^^^^^^^^^^^^^^^^^^^^^^^^^^^^^^^^^^^^^^^^^^^^^^^^
  File "C:\Users\sonym\new_project\venv\Lib\site-packages\django\db\models\query.py", line 645, in get
    num = len(clone)
          ^^^^^^^^^^
  File "C:\Users\sonym\new_project\venv\Lib\site-packages\django\db\models\query.py", line 382, in __len__
    self._fetch_all()
  File "C:\Users\sonym\new_project\venv\Lib\site-packages\django\db\models\query.py", line 1928, in _fetch_all
    self._result_cache = list(self._iterable_class(self))
                         ^^^^^^^^^^^^^^^^^^^^^^^^^^^^^^^^
  File "C:\Users\sonym\new_project\venv\Lib\site-packages\django\db\models\query.py", line 91, in __iter__
    results = compiler.execute_sql(
              ^^^^^^^^^^^^^^^^^^^^^
  File "C:\Users\sonym\new_project\venv\Lib\site-packages\django\db\models\sql\compiler.py", line 1562, in execute_sql
    cursor.execute(sql, params)
  File "C:\Users\sonym\new_project\venv\Lib\site-packages\django\db\backends\utils.py", line 122, in execute
    return super().execute(sql, params)
           ^^^^^^^^^^^^^^^^^^^^^^^^^^^^
  File "C:\Users\sonym\new_project\venv\Lib\site-packages\django\db\backends\utils.py", line 79, in execute
    return self._execute_with_wrappers(
           ^^^^^^^^^^^^^^^^^^^^^^^^^^^^
  File "C:\Users\sonym\new_project\venv\Lib\site-packages\django\db\backends\utils.py", line 92, in _execute_with_wrappers
    return executor(sql, params, many, context)
           ^^^^^^^^^^^^^^^^^^^^^^^^^^^^^^^^^^^^
  File "C:\Users\sonym\new_project\venv\Lib\site-packages\django\db\backends\utils.py", line 100, in _execute
    with self.db.wrap_database_errors:
  File "C:\Users\sonym\new_project\venv\Lib\site-packages\django\db\utils.py", line 91, in __exit__
    raise dj_exc_value.with_traceback(traceback) from exc_value
  File "C:\Users\sonym\new_project\venv\Lib\site-packages\django\db\backends\utils.py", line 105, in _execute
    return self.cursor.execute(sql, params)
           ^^^^^^^^^^^^^^^^^^^^^^^^^^^^^^^^
  File "C:\Users\sonym\new_project\venv\Lib\site-packages\django\db\backends\sqlite3\base.py", line 329, in execute
    return super().execute(query, params)
           ^^^^^^^^^^^^^^^^^^^^^^^^^^^^^^
django.db.utils.OperationalError: no such table: recipe_app_user
ERROR 2024-03-06 12:23:05,927 basehttp 5756 28024 "POST /admin/login/?next=/admin/ HTTP/1.1" 500 245516
INFO 2024-03-06 12:34:33,383 autoreload 27704 14528 Watching for file changes with StatReloader
INFO 2024-03-06 12:34:35,825 basehttp 27704 29488 "GET / HTTP/1.1" 302 0
ERROR 2024-03-06 12:34:35,912 log 27704 29488 Internal Server Error: /index/
Traceback (most recent call last):
  File "C:\Users\sonym\new_project\venv\Lib\site-packages\django\db\backends\utils.py", line 105, in _execute
    return self.cursor.execute(sql, params)
           ^^^^^^^^^^^^^^^^^^^^^^^^^^^^^^^^
  File "C:\Users\sonym\new_project\venv\Lib\site-packages\django\db\backends\sqlite3\base.py", line 329, in execute
    return super().execute(query, params)
           ^^^^^^^^^^^^^^^^^^^^^^^^^^^^^^
sqlite3.OperationalError: no such table: recipe_app_recipe

The above exception was the direct cause of the following exception:

Traceback (most recent call last):
  File "C:\Users\sonym\new_project\venv\Lib\site-packages\django\core\handlers\exception.py", line 55, in inner
    response = get_response(request)
               ^^^^^^^^^^^^^^^^^^^^^
  File "C:\Users\sonym\new_project\venv\Lib\site-packages\django\core\handlers\base.py", line 197, in _get_response
    response = wrapped_callback(request, *callback_args, **callback_kwargs)
               ^^^^^^^^^^^^^^^^^^^^^^^^^^^^^^^^^^^^^^^^^^^^^^^^^^^^^^^^^^^^
  File "C:\Users\sonym\new_project\venv\recipe_site\recipe_app\views.py", line 18, in index
    if len(recipes) > 0:
       ^^^^^^^^^^^^
  File "C:\Users\sonym\new_project\venv\Lib\site-packages\django\db\models\query.py", line 382, in __len__
    self._fetch_all()
  File "C:\Users\sonym\new_project\venv\Lib\site-packages\django\db\models\query.py", line 1928, in _fetch_all
    self._result_cache = list(self._iterable_class(self))
                         ^^^^^^^^^^^^^^^^^^^^^^^^^^^^^^^^
  File "C:\Users\sonym\new_project\venv\Lib\site-packages\django\db\models\query.py", line 91, in __iter__
    results = compiler.execute_sql(
              ^^^^^^^^^^^^^^^^^^^^^
  File "C:\Users\sonym\new_project\venv\Lib\site-packages\django\db\models\sql\compiler.py", line 1562, in execute_sql
    cursor.execute(sql, params)
  File "C:\Users\sonym\new_project\venv\Lib\site-packages\django\db\backends\utils.py", line 122, in execute
    return super().execute(sql, params)
           ^^^^^^^^^^^^^^^^^^^^^^^^^^^^
  File "C:\Users\sonym\new_project\venv\Lib\site-packages\django\db\backends\utils.py", line 79, in execute
    return self._execute_with_wrappers(
           ^^^^^^^^^^^^^^^^^^^^^^^^^^^^
  File "C:\Users\sonym\new_project\venv\Lib\site-packages\django\db\backends\utils.py", line 92, in _execute_with_wrappers
    return executor(sql, params, many, context)
           ^^^^^^^^^^^^^^^^^^^^^^^^^^^^^^^^^^^^
  File "C:\Users\sonym\new_project\venv\Lib\site-packages\django\db\backends\utils.py", line 100, in _execute
    with self.db.wrap_database_errors:
  File "C:\Users\sonym\new_project\venv\Lib\site-packages\django\db\utils.py", line 91, in __exit__
    raise dj_exc_value.with_traceback(traceback) from exc_value
  File "C:\Users\sonym\new_project\venv\Lib\site-packages\django\db\backends\utils.py", line 105, in _execute
    return self.cursor.execute(sql, params)
           ^^^^^^^^^^^^^^^^^^^^^^^^^^^^^^^^
  File "C:\Users\sonym\new_project\venv\Lib\site-packages\django\db\backends\sqlite3\base.py", line 329, in execute
    return super().execute(query, params)
           ^^^^^^^^^^^^^^^^^^^^^^^^^^^^^^
django.db.utils.OperationalError: no such table: recipe_app_recipe
ERROR 2024-03-06 12:34:35,918 basehttp 27704 29488 "GET /index/ HTTP/1.1" 500 132677
INFO 2024-03-06 12:34:42,090 basehttp 27704 33672 "GET / HTTP/1.1" 302 0
ERROR 2024-03-06 12:34:42,120 log 27704 33672 Internal Server Error: /index/
Traceback (most recent call last):
  File "C:\Users\sonym\new_project\venv\Lib\site-packages\django\db\backends\utils.py", line 105, in _execute
    return self.cursor.execute(sql, params)
           ^^^^^^^^^^^^^^^^^^^^^^^^^^^^^^^^
  File "C:\Users\sonym\new_project\venv\Lib\site-packages\django\db\backends\sqlite3\base.py", line 329, in execute
    return super().execute(query, params)
           ^^^^^^^^^^^^^^^^^^^^^^^^^^^^^^
sqlite3.OperationalError: no such table: recipe_app_recipe

The above exception was the direct cause of the following exception:

Traceback (most recent call last):
  File "C:\Users\sonym\new_project\venv\Lib\site-packages\django\core\handlers\exception.py", line 55, in inner
    response = get_response(request)
               ^^^^^^^^^^^^^^^^^^^^^
  File "C:\Users\sonym\new_project\venv\Lib\site-packages\django\core\handlers\base.py", line 197, in _get_response
    response = wrapped_callback(request, *callback_args, **callback_kwargs)
               ^^^^^^^^^^^^^^^^^^^^^^^^^^^^^^^^^^^^^^^^^^^^^^^^^^^^^^^^^^^^
  File "C:\Users\sonym\new_project\venv\recipe_site\recipe_app\views.py", line 18, in index
    if len(recipes) > 0:
       ^^^^^^^^^^^^
  File "C:\Users\sonym\new_project\venv\Lib\site-packages\django\db\models\query.py", line 382, in __len__
    self._fetch_all()
  File "C:\Users\sonym\new_project\venv\Lib\site-packages\django\db\models\query.py", line 1928, in _fetch_all
    self._result_cache = list(self._iterable_class(self))
                         ^^^^^^^^^^^^^^^^^^^^^^^^^^^^^^^^
  File "C:\Users\sonym\new_project\venv\Lib\site-packages\django\db\models\query.py", line 91, in __iter__
    results = compiler.execute_sql(
              ^^^^^^^^^^^^^^^^^^^^^
  File "C:\Users\sonym\new_project\venv\Lib\site-packages\django\db\models\sql\compiler.py", line 1562, in execute_sql
    cursor.execute(sql, params)
  File "C:\Users\sonym\new_project\venv\Lib\site-packages\django\db\backends\utils.py", line 122, in execute
    return super().execute(sql, params)
           ^^^^^^^^^^^^^^^^^^^^^^^^^^^^
  File "C:\Users\sonym\new_project\venv\Lib\site-packages\django\db\backends\utils.py", line 79, in execute
    return self._execute_with_wrappers(
           ^^^^^^^^^^^^^^^^^^^^^^^^^^^^
  File "C:\Users\sonym\new_project\venv\Lib\site-packages\django\db\backends\utils.py", line 92, in _execute_with_wrappers
    return executor(sql, params, many, context)
           ^^^^^^^^^^^^^^^^^^^^^^^^^^^^^^^^^^^^
  File "C:\Users\sonym\new_project\venv\Lib\site-packages\django\db\backends\utils.py", line 100, in _execute
    with self.db.wrap_database_errors:
  File "C:\Users\sonym\new_project\venv\Lib\site-packages\django\db\utils.py", line 91, in __exit__
    raise dj_exc_value.with_traceback(traceback) from exc_value
  File "C:\Users\sonym\new_project\venv\Lib\site-packages\django\db\backends\utils.py", line 105, in _execute
    return self.cursor.execute(sql, params)
           ^^^^^^^^^^^^^^^^^^^^^^^^^^^^^^^^
  File "C:\Users\sonym\new_project\venv\Lib\site-packages\django\db\backends\sqlite3\base.py", line 329, in execute
    return super().execute(query, params)
           ^^^^^^^^^^^^^^^^^^^^^^^^^^^^^^
django.db.utils.OperationalError: no such table: recipe_app_recipe
ERROR 2024-03-06 12:34:42,124 basehttp 27704 33672 "GET /index/ HTTP/1.1" 500 132951
INFO 2024-03-06 12:34:43,101 basehttp 27704 33672 "GET / HTTP/1.1" 302 0
ERROR 2024-03-06 12:34:43,134 log 27704 33672 Internal Server Error: /index/
Traceback (most recent call last):
  File "C:\Users\sonym\new_project\venv\Lib\site-packages\django\db\backends\utils.py", line 105, in _execute
    return self.cursor.execute(sql, params)
           ^^^^^^^^^^^^^^^^^^^^^^^^^^^^^^^^
  File "C:\Users\sonym\new_project\venv\Lib\site-packages\django\db\backends\sqlite3\base.py", line 329, in execute
    return super().execute(query, params)
           ^^^^^^^^^^^^^^^^^^^^^^^^^^^^^^
sqlite3.OperationalError: no such table: recipe_app_recipe

The above exception was the direct cause of the following exception:

Traceback (most recent call last):
  File "C:\Users\sonym\new_project\venv\Lib\site-packages\django\core\handlers\exception.py", line 55, in inner
    response = get_response(request)
               ^^^^^^^^^^^^^^^^^^^^^
  File "C:\Users\sonym\new_project\venv\Lib\site-packages\django\core\handlers\base.py", line 197, in _get_response
    response = wrapped_callback(request, *callback_args, **callback_kwargs)
               ^^^^^^^^^^^^^^^^^^^^^^^^^^^^^^^^^^^^^^^^^^^^^^^^^^^^^^^^^^^^
  File "C:\Users\sonym\new_project\venv\recipe_site\recipe_app\views.py", line 18, in index
    if len(recipes) > 0:
       ^^^^^^^^^^^^
  File "C:\Users\sonym\new_project\venv\Lib\site-packages\django\db\models\query.py", line 382, in __len__
    self._fetch_all()
  File "C:\Users\sonym\new_project\venv\Lib\site-packages\django\db\models\query.py", line 1928, in _fetch_all
    self._result_cache = list(self._iterable_class(self))
                         ^^^^^^^^^^^^^^^^^^^^^^^^^^^^^^^^
  File "C:\Users\sonym\new_project\venv\Lib\site-packages\django\db\models\query.py", line 91, in __iter__
    results = compiler.execute_sql(
              ^^^^^^^^^^^^^^^^^^^^^
  File "C:\Users\sonym\new_project\venv\Lib\site-packages\django\db\models\sql\compiler.py", line 1562, in execute_sql
    cursor.execute(sql, params)
  File "C:\Users\sonym\new_project\venv\Lib\site-packages\django\db\backends\utils.py", line 122, in execute
    return super().execute(sql, params)
           ^^^^^^^^^^^^^^^^^^^^^^^^^^^^
  File "C:\Users\sonym\new_project\venv\Lib\site-packages\django\db\backends\utils.py", line 79, in execute
    return self._execute_with_wrappers(
           ^^^^^^^^^^^^^^^^^^^^^^^^^^^^
  File "C:\Users\sonym\new_project\venv\Lib\site-packages\django\db\backends\utils.py", line 92, in _execute_with_wrappers
    return executor(sql, params, many, context)
           ^^^^^^^^^^^^^^^^^^^^^^^^^^^^^^^^^^^^
  File "C:\Users\sonym\new_project\venv\Lib\site-packages\django\db\backends\utils.py", line 100, in _execute
    with self.db.wrap_database_errors:
  File "C:\Users\sonym\new_project\venv\Lib\site-packages\django\db\utils.py", line 91, in __exit__
    raise dj_exc_value.with_traceback(traceback) from exc_value
  File "C:\Users\sonym\new_project\venv\Lib\site-packages\django\db\backends\utils.py", line 105, in _execute
    return self.cursor.execute(sql, params)
           ^^^^^^^^^^^^^^^^^^^^^^^^^^^^^^^^
  File "C:\Users\sonym\new_project\venv\Lib\site-packages\django\db\backends\sqlite3\base.py", line 329, in execute
    return super().execute(query, params)
           ^^^^^^^^^^^^^^^^^^^^^^^^^^^^^^
django.db.utils.OperationalError: no such table: recipe_app_recipe
ERROR 2024-03-06 12:34:43,137 basehttp 27704 33672 "GET /index/ HTTP/1.1" 500 132677
INFO 2024-03-06 13:11:15,842 autoreload 3316 34000 Watching for file changes with StatReloader
INFO 2024-03-06 13:11:18,426 basehttp 3316 23168 "GET / HTTP/1.1" 302 0
ERROR 2024-03-06 13:11:18,538 log 3316 23168 Internal Server Error: /index/
Traceback (most recent call last):
  File "C:\Users\sonym\new_project\venv\Lib\site-packages\django\db\backends\utils.py", line 105, in _execute
    return self.cursor.execute(sql, params)
           ^^^^^^^^^^^^^^^^^^^^^^^^^^^^^^^^
  File "C:\Users\sonym\new_project\venv\Lib\site-packages\django\db\backends\sqlite3\base.py", line 329, in execute
    return super().execute(query, params)
           ^^^^^^^^^^^^^^^^^^^^^^^^^^^^^^
sqlite3.OperationalError: no such table: recipe_app_recipe

The above exception was the direct cause of the following exception:

Traceback (most recent call last):
  File "C:\Users\sonym\new_project\venv\Lib\site-packages\django\core\handlers\exception.py", line 55, in inner
    response = get_response(request)
               ^^^^^^^^^^^^^^^^^^^^^
  File "C:\Users\sonym\new_project\venv\Lib\site-packages\django\core\handlers\base.py", line 197, in _get_response
    response = wrapped_callback(request, *callback_args, **callback_kwargs)
               ^^^^^^^^^^^^^^^^^^^^^^^^^^^^^^^^^^^^^^^^^^^^^^^^^^^^^^^^^^^^
  File "C:\Users\sonym\new_project\venv\recipe_site\recipe_app\views.py", line 18, in index
    if len(recipes) > 0:
       ^^^^^^^^^^^^
  File "C:\Users\sonym\new_project\venv\Lib\site-packages\django\db\models\query.py", line 382, in __len__
    self._fetch_all()
  File "C:\Users\sonym\new_project\venv\Lib\site-packages\django\db\models\query.py", line 1928, in _fetch_all
    self._result_cache = list(self._iterable_class(self))
                         ^^^^^^^^^^^^^^^^^^^^^^^^^^^^^^^^
  File "C:\Users\sonym\new_project\venv\Lib\site-packages\django\db\models\query.py", line 91, in __iter__
    results = compiler.execute_sql(
              ^^^^^^^^^^^^^^^^^^^^^
  File "C:\Users\sonym\new_project\venv\Lib\site-packages\django\db\models\sql\compiler.py", line 1562, in execute_sql
    cursor.execute(sql, params)
  File "C:\Users\sonym\new_project\venv\Lib\site-packages\django\db\backends\utils.py", line 122, in execute
    return super().execute(sql, params)
           ^^^^^^^^^^^^^^^^^^^^^^^^^^^^
  File "C:\Users\sonym\new_project\venv\Lib\site-packages\django\db\backends\utils.py", line 79, in execute
    return self._execute_with_wrappers(
           ^^^^^^^^^^^^^^^^^^^^^^^^^^^^
  File "C:\Users\sonym\new_project\venv\Lib\site-packages\django\db\backends\utils.py", line 92, in _execute_with_wrappers
    return executor(sql, params, many, context)
           ^^^^^^^^^^^^^^^^^^^^^^^^^^^^^^^^^^^^
  File "C:\Users\sonym\new_project\venv\Lib\site-packages\django\db\backends\utils.py", line 100, in _execute
    with self.db.wrap_database_errors:
  File "C:\Users\sonym\new_project\venv\Lib\site-packages\django\db\utils.py", line 91, in __exit__
    raise dj_exc_value.with_traceback(traceback) from exc_value
  File "C:\Users\sonym\new_project\venv\Lib\site-packages\django\db\backends\utils.py", line 105, in _execute
    return self.cursor.execute(sql, params)
           ^^^^^^^^^^^^^^^^^^^^^^^^^^^^^^^^
  File "C:\Users\sonym\new_project\venv\Lib\site-packages\django\db\backends\sqlite3\base.py", line 329, in execute
    return super().execute(query, params)
           ^^^^^^^^^^^^^^^^^^^^^^^^^^^^^^
django.db.utils.OperationalError: no such table: recipe_app_recipe
ERROR 2024-03-06 13:11:18,544 basehttp 3316 23168 "GET /index/ HTTP/1.1" 500 132677
INFO 2024-03-06 13:15:45,485 autoreload 3316 34000 C:\Users\sonym\new_project\venv\recipe_site\recipe_app\models.py changed, reloading.
INFO 2024-03-06 13:15:46,081 autoreload 18536 24608 Watching for file changes with StatReloader
INFO 2024-03-06 13:17:59,392 autoreload 7360 10552 Watching for file changes with StatReloader
INFO 2024-03-06 13:18:05,716 basehttp 7360 16692 "GET /index/ HTTP/1.1" 200 4261
INFO 2024-03-06 13:18:10,293 basehttp 7360 16692 "GET / HTTP/1.1" 302 0
INFO 2024-03-06 13:18:10,300 basehttp 7360 16692 "GET /index/ HTTP/1.1" 200 4261
INFO 2024-03-06 13:18:12,481 basehttp 7360 16692 "GET / HTTP/1.1" 302 0
INFO 2024-03-06 13:18:12,496 basehttp 7360 16692 "GET /index/ HTTP/1.1" 200 4261
INFO 2024-03-06 13:30:20,103 autoreload 29788 22996 Watching for file changes with StatReloader
INFO 2024-03-06 13:30:27,182 basehttp 29788 12856 "GET /login/ HTTP/1.1" 200 5076
INFO 2024-03-06 13:30:43,198 basehttp 29788 12856 "GET /register/ HTTP/1.1" 200 5590
INFO 2024-03-06 13:31:12,699 basehttp 29788 12856 "POST /register/ HTTP/1.1" 302 0
INFO 2024-03-06 13:31:12,704 basehttp 29788 12856 "GET /register_ok/ HTTP/1.1" 200 4565
INFO 2024-03-06 13:31:14,866 basehttp 29788 12856 "GET /login/ HTTP/1.1" 200 5076
INFO 2024-03-06 13:31:27,286 basehttp 29788 22384 "POST /login/ HTTP/1.1" 302 0
INFO 2024-03-06 13:31:27,290 basehttp 29788 22384 "GET / HTTP/1.1" 302 0
INFO 2024-03-06 13:31:27,301 basehttp 29788 22384 "GET /index/ HTTP/1.1" 200 5300
INFO 2024-03-06 13:31:37,703 basehttp 29788 22384 "GET /profile/ HTTP/1.1" 200 5603
WARNING 2024-03-06 13:31:39,521 base 29788 22384 Method Not Allowed (GET): /logout/
WARNING 2024-03-06 13:31:39,522 log 29788 22384 Method Not Allowed: /logout/
WARNING 2024-03-06 13:31:39,522 basehttp 29788 22384 "GET /logout/ HTTP/1.1" 405 0
WARNING 2024-03-06 13:31:43,312 base 29788 22384 Method Not Allowed (GET): /logout/
WARNING 2024-03-06 13:31:43,313 log 29788 22384 Method Not Allowed: /logout/
WARNING 2024-03-06 13:31:43,313 basehttp 29788 22384 "GET /logout/ HTTP/1.1" 405 0
INFO 2024-03-06 13:31:52,676 basehttp 29788 22384 "GET /admin/ HTTP/1.1" 302 0
INFO 2024-03-06 13:31:52,732 basehttp 29788 22384 "GET /admin/login/?next=/admin/ HTTP/1.1" 200 3683
INFO 2024-03-06 13:31:52,808 basehttp 29788 19728 "GET /static/admin/css/dark_mode.css HTTP/1.1" 304 0
INFO 2024-03-06 13:31:52,808 basehttp 29788 22384 "GET /static/admin/css/base.css HTTP/1.1" 304 0
INFO 2024-03-06 13:31:52,808 basehttp 29788 21864 "GET /static/admin/css/nav_sidebar.css HTTP/1.1" 304 0
INFO 2024-03-06 13:31:54,847 basehttp 29788 27684 "GET /admin/ HTTP/1.1" 302 0
INFO 2024-03-06 13:31:54,856 basehttp 29788 27684 "GET /admin/login/?next=/admin/ HTTP/1.1" 200 3683
INFO 2024-03-06 13:31:54,934 basehttp 29788 27684 "GET /static/admin/css/responsive.css HTTP/1.1" 304 0
INFO 2024-03-06 13:31:54,935 basehttp 29788 10728 "GET /static/admin/css/login.css HTTP/1.1" 304 0
INFO 2024-03-06 13:31:54,939 basehttp 29788 30624 "GET /static/admin/js/theme.js HTTP/1.1" 304 0
INFO 2024-03-06 13:31:54,939 basehttp 29788 112 "GET /static/admin/js/nav_sidebar.js HTTP/1.1" 304 0
INFO 2024-03-06 13:32:09,974 basehttp 29788 112 "POST /admin/login/?next=/admin/ HTTP/1.1" 302 0
INFO 2024-03-06 13:32:09,994 basehttp 29788 112 "GET /admin/ HTTP/1.1" 200 6669
INFO 2024-03-06 13:32:10,009 basehttp 29788 112 "GET /static/admin/css/dashboard.css HTTP/1.1" 304 0
INFO 2024-03-06 13:32:10,017 basehttp 29788 30624 "GET /static/admin/img/icon-addlink.svg HTTP/1.1" 304 0
INFO 2024-03-06 13:32:10,017 basehttp 29788 112 "GET /static/admin/img/icon-changelink.svg HTTP/1.1" 304 0
INFO 2024-03-06 13:32:26,613 basehttp 29788 112 "GET /admin/recipe_app/category/ HTTP/1.1" 200 8119
INFO 2024-03-06 13:32:26,649 basehttp 29788 30624 "GET /static/admin/js/vendor/jquery/jquery.js HTTP/1.1" 304 0
INFO 2024-03-06 13:32:26,649 basehttp 29788 31420 "GET /static/admin/css/changelists.css HTTP/1.1" 304 0
INFO 2024-03-06 13:32:26,649 basehttp 29788 10728 "GET /static/admin/js/core.js HTTP/1.1" 304 0
INFO 2024-03-06 13:32:26,650 basehttp 29788 27684 "GET /static/admin/js/jquery.init.js HTTP/1.1" 304 0
INFO 2024-03-06 13:32:26,657 basehttp 29788 30624 "GET /static/admin/js/urlify.js HTTP/1.1" 304 0
INFO 2024-03-06 13:32:26,658 basehttp 29788 31420 "GET /static/admin/js/actions.js HTTP/1.1" 304 0
INFO 2024-03-06 13:32:26,660 basehttp 29788 10728 "GET /static/admin/js/prepopulate.js HTTP/1.1" 304 0
INFO 2024-03-06 13:32:26,660 basehttp 29788 27684 "GET /static/admin/js/vendor/xregexp/xregexp.js HTTP/1.1" 304 0
INFO 2024-03-06 13:32:26,660 basehttp 29788 19344 "GET /static/admin/js/admin/RelatedObjectLookups.js HTTP/1.1" 304 0
INFO 2024-03-06 13:32:26,662 basehttp 29788 112 "GET /admin/jsi18n/ HTTP/1.1" 200 3342
INFO 2024-03-06 13:32:26,670 basehttp 29788 112 "GET /static/admin/img/search.svg HTTP/1.1" 304 0
INFO 2024-03-06 13:32:26,683 basehttp 29788 112 "GET /static/admin/js/filters.js HTTP/1.1" 304 0
INFO 2024-03-06 13:32:26,697 basehttp 29788 112 "GET /static/admin/img/tooltag-add.svg HTTP/1.1" 304 0
INFO 2024-03-06 13:32:29,123 basehttp 29788 112 "GET /admin/recipe_app/ HTTP/1.1" 200 5944
INFO 2024-03-06 13:32:34,185 basehttp 29788 22196 "GET /admin/recipe_app/category/add/ HTTP/1.1" 200 8557
INFO 2024-03-06 13:32:34,216 basehttp 29788 31996 "GET /static/admin/css/forms.css HTTP/1.1" 304 0
INFO 2024-03-06 13:32:34,218 basehttp 29788 26756 "GET /static/admin/js/prepopulate_init.js HTTP/1.1" 304 0
INFO 2024-03-06 13:32:34,220 basehttp 29788 22196 "GET /admin/jsi18n/ HTTP/1.1" 200 3342
INFO 2024-03-06 13:32:34,222 basehttp 29788 26756 "GET /static/admin/css/widgets.css HTTP/1.1" 304 0
INFO 2024-03-06 13:32:34,226 basehttp 29788 26756 "GET /static/admin/js/change_form.js HTTP/1.1" 304 0
INFO 2024-03-06 13:32:40,731 basehttp 29788 26756 "POST /admin/recipe_app/category/add/ HTTP/1.1" 302 0
INFO 2024-03-06 13:32:40,744 basehttp 29788 26756 "GET /admin/recipe_app/category/add/ HTTP/1.1" 200 8803
INFO 2024-03-06 13:32:40,766 basehttp 29788 26756 "GET /admin/jsi18n/ HTTP/1.1" 200 3342
INFO 2024-03-06 13:32:40,783 basehttp 29788 26756 "GET /static/admin/img/icon-yes.svg HTTP/1.1" 304 0
INFO 2024-03-06 13:32:55,447 basehttp 29788 28872 "POST /admin/recipe_app/category/add/ HTTP/1.1" 302 0
INFO 2024-03-06 13:32:55,460 basehttp 29788 28872 "GET /admin/recipe_app/category/add/ HTTP/1.1" 200 8816
INFO 2024-03-06 13:32:55,492 basehttp 29788 28872 "GET /admin/jsi18n/ HTTP/1.1" 200 3342
INFO 2024-03-06 13:32:59,764 basehttp 29788 28872 "POST /admin/recipe_app/category/add/ HTTP/1.1" 302 0
INFO 2024-03-06 13:32:59,776 basehttp 29788 28872 "GET /admin/recipe_app/category/add/ HTTP/1.1" 200 8816
INFO 2024-03-06 13:32:59,803 basehttp 29788 28872 "GET /admin/jsi18n/ HTTP/1.1" 200 3342
INFO 2024-03-06 13:33:06,323 basehttp 29788 22800 "POST /admin/recipe_app/category/add/ HTTP/1.1" 302 0
INFO 2024-03-06 13:33:06,345 basehttp 29788 22800 "GET /admin/recipe_app/category/ HTTP/1.1" 200 10725
INFO 2024-03-06 13:33:06,378 basehttp 29788 22800 "GET /admin/jsi18n/ HTTP/1.1" 200 3342
INFO 2024-03-06 13:33:06,396 basehttp 29788 22800 "GET /static/admin/img/sorting-icons.svg HTTP/1.1" 304 0
INFO 2024-03-06 13:33:13,809 basehttp 29788 22800 "GET /admin/recipe_app/ HTTP/1.1" 200 5944
INFO 2024-03-06 13:33:16,014 basehttp 29788 8364 "GET /admin/recipe_app/user/ HTTP/1.1" 200 11657
INFO 2024-03-06 13:33:16,042 basehttp 29788 18576 "GET /static/admin/img/icon-no.svg HTTP/1.1" 304 0
INFO 2024-03-06 13:33:16,045 basehttp 29788 8364 "GET /admin/jsi18n/ HTTP/1.1" 200 3342
INFO 2024-03-06 13:33:16,063 basehttp 29788 8364 "GET /static/admin/img/icon-viewlink.svg HTTP/1.1" 304 0
INFO 2024-03-06 13:33:19,098 basehttp 29788 8364 "GET /admin/recipe_app/ HTTP/1.1" 200 5944
INFO 2024-03-06 13:33:22,444 basehttp 29788 8364 "GET /admin/recipe_app/recipe/add/ HTTP/1.1" 200 14962
INFO 2024-03-06 13:33:22,471 basehttp 29788 8364 "GET /admin/jsi18n/ HTTP/1.1" 200 3342
INFO 2024-03-06 13:35:06,539 basehttp 29788 26040 "POST /admin/recipe_app/recipe/add/ HTTP/1.1" 302 0
INFO 2024-03-06 13:35:06,555 basehttp 29788 26040 "GET /admin/recipe_app/recipe/add/ HTTP/1.1" 200 15209
INFO 2024-03-06 13:35:06,580 basehttp 29788 26040 "GET /admin/jsi18n/ HTTP/1.1" 200 3342
INFO 2024-03-06 13:38:24,581 basehttp 29788 10968 "POST /admin/recipe_app/recipe/add/ HTTP/1.1" 302 0
INFO 2024-03-06 13:38:24,600 basehttp 29788 10968 "GET /admin/recipe_app/recipe/add/ HTTP/1.1" 200 15209
INFO 2024-03-06 13:38:24,634 basehttp 29788 10968 "GET /admin/jsi18n/ HTTP/1.1" 200 3342
INFO 2024-03-06 13:40:16,903 basehttp 29788 25248 "POST /admin/recipe_app/recipe/add/ HTTP/1.1" 302 0
INFO 2024-03-06 13:40:16,920 basehttp 29788 25248 "GET /admin/recipe_app/recipe/add/ HTTP/1.1" 200 15209
INFO 2024-03-06 13:40:16,944 basehttp 29788 25248 "GET /admin/jsi18n/ HTTP/1.1" 200 3342
INFO 2024-03-06 13:42:33,160 basehttp 29788 13712 "POST /admin/recipe_app/recipe/add/ HTTP/1.1" 302 0
INFO 2024-03-06 13:42:33,177 basehttp 29788 13712 "GET /admin/recipe_app/recipe/add/ HTTP/1.1" 200 15209
INFO 2024-03-06 13:42:33,207 basehttp 29788 13712 "GET /admin/jsi18n/ HTTP/1.1" 200 3342
INFO 2024-03-06 13:44:49,957 basehttp 29788 17396 "POST /admin/recipe_app/recipe/add/ HTTP/1.1" 302 0
INFO 2024-03-06 13:44:49,974 basehttp 29788 17396 "GET /admin/recipe_app/recipe/add/ HTTP/1.1" 200 15209
INFO 2024-03-06 13:44:49,993 basehttp 29788 17396 "GET /admin/jsi18n/ HTTP/1.1" 200 3342
INFO 2024-03-06 13:45:07,607 basehttp 29788 15400 "GET /admin/recipe_app/ HTTP/1.1" 200 5944
INFO 2024-03-06 13:45:09,369 basehttp 29788 15400 "GET /admin/recipe_app/recipe/ HTTP/1.1" 200 18923
INFO 2024-03-06 13:45:09,393 basehttp 29788 15400 "GET /admin/jsi18n/ HTTP/1.1" 200 3342
INFO 2024-03-06 13:49:04,236 basehttp 29788 18404 "GET /admin/recipe_app/recipe/1/change/ HTTP/1.1" 200 17126
INFO 2024-03-06 13:49:04,269 basehttp 29788 18404 "GET /admin/jsi18n/ HTTP/1.1" 200 3342
INFO 2024-03-06 13:49:16,409 basehttp 29788 13976 "GET /admin/recipe_app/recipe/ HTTP/1.1" 200 18923
INFO 2024-03-06 13:49:16,432 basehttp 29788 13976 "GET /admin/jsi18n/ HTTP/1.1" 200 3342
INFO 2024-03-06 13:49:29,058 basehttp 29788 14768 "GET /admin/recipe_app/recipe/add/ HTTP/1.1" 200 14962
INFO 2024-03-06 13:49:29,086 basehttp 29788 14768 "GET /admin/jsi18n/ HTTP/1.1" 200 3342
INFO 2024-03-06 13:51:23,814 basehttp 29788 10248 "POST /admin/recipe_app/recipe/add/ HTTP/1.1" 302 0
INFO 2024-03-06 13:51:23,832 basehttp 29788 10248 "GET /admin/recipe_app/recipe/add/ HTTP/1.1" 200 15209
INFO 2024-03-06 13:51:23,856 basehttp 29788 10248 "GET /admin/jsi18n/ HTTP/1.1" 200 3342
INFO 2024-03-06 13:53:50,447 basehttp 29788 16372 "POST /admin/recipe_app/recipe/add/ HTTP/1.1" 302 0
INFO 2024-03-06 13:53:50,464 basehttp 29788 16372 "GET /admin/recipe_app/recipe/ HTTP/1.1" 200 21862
INFO 2024-03-06 13:53:50,491 basehttp 29788 16372 "GET /admin/jsi18n/ HTTP/1.1" 200 3342
INFO 2024-03-06 13:53:55,427 basehttp 29788 16372 "GET /admin/recipe_app/ HTTP/1.1" 200 5944
INFO 2024-03-06 13:53:59,082 basehttp 29788 16372 "GET /admin/recipe_app/user/ HTTP/1.1" 200 11657
INFO 2024-03-06 13:53:59,110 basehttp 29788 16372 "GET /admin/jsi18n/ HTTP/1.1" 200 3342
INFO 2024-03-06 13:54:05,859 basehttp 29788 16372 "GET /admin/recipe_app/ HTTP/1.1" 200 5944
INFO 2024-03-06 13:54:07,314 basehttp 29788 16372 "GET /admin/ HTTP/1.1" 200 10313
INFO 2024-03-06 13:54:33,747 basehttp 29788 16372 "GET /admin/recipe_app/category/ HTTP/1.1" 200 10511
INFO 2024-03-06 13:54:33,781 basehttp 29788 16372 "GET /admin/jsi18n/ HTTP/1.1" 200 3342
INFO 2024-03-06 13:54:35,694 basehttp 29788 16372 "GET /admin/recipe_app/category/1/change/ HTTP/1.1" 200 8801
INFO 2024-03-06 13:54:35,721 basehttp 29788 16372 "GET /admin/jsi18n/ HTTP/1.1" 200 3342
INFO 2024-03-06 13:54:41,520 basehttp 29788 16372 "GET /admin/recipe_app/ HTTP/1.1" 200 5944
INFO 2024-03-06 13:54:45,183 basehttp 29788 16372 "GET /admin/recipe_app/recipe/ HTTP/1.1" 200 21649
INFO 2024-03-06 13:54:45,206 basehttp 29788 16372 "GET /admin/jsi18n/ HTTP/1.1" 200 3342
INFO 2024-03-06 13:54:53,487 basehttp 29788 16372 "GET /admin/recipe_app/recipe/?q=%D0%BF%D0%B0%D1%81 HTTP/1.1" 200 11441
INFO 2024-03-06 13:54:53,520 basehttp 29788 16372 "GET /admin/jsi18n/ HTTP/1.1" 200 3342
INFO 2024-03-06 13:54:57,027 basehttp 29788 29832 "GET /admin/recipe_app/recipe/1/change/?_changelist_filters=q%3D%25D0%25BF%25D0%25B0%25D1%2581 HTTP/1.1" 200 17301
INFO 2024-03-06 13:54:57,047 basehttp 29788 29832 "GET /admin/jsi18n/ HTTP/1.1" 200 3342
INFO 2024-03-06 13:55:08,087 basehttp 29788 29832 "POST /admin/recipe_app/recipe/1/change/?_changelist_filters=q%3D%25D0%25BF%25D0%25B0%25D1%2581 HTTP/1.1" 302 0
INFO 2024-03-06 13:55:08,103 basehttp 29788 29832 "GET /admin/recipe_app/recipe/?q=%D0%BF%D0%B0%D1%81 HTTP/1.1" 200 11656
INFO 2024-03-06 13:55:08,138 basehttp 29788 29832 "GET /admin/jsi18n/ HTTP/1.1" 200 3342
INFO 2024-03-06 13:55:11,793 basehttp 29788 29832 "GET /admin/recipe_app/ HTTP/1.1" 200 5944
INFO 2024-03-06 13:55:14,302 basehttp 29788 29832 "GET /admin/ HTTP/1.1" 200 10308
INFO 2024-03-06 15:50:40,247 autoreload 5972 3916 Watching for file changes with StatReloader
INFO 2024-03-06 15:50:49,728 basehttp 5972 5992 "GET /admin/ HTTP/1.1" 200 10308
INFO 2024-03-06 15:50:49,865 basehttp 5972 10180 "GET /static/admin/css/dark_mode.css HTTP/1.1" 200 2682
INFO 2024-03-06 15:50:49,874 basehttp 5972 10180 "GET /static/admin/js/nav_sidebar.js HTTP/1.1" 200 3063
INFO 2024-03-06 15:50:49,882 basehttp 5972 7944 "GET /static/admin/css/responsive.css HTTP/1.1" 200 17905
INFO 2024-03-06 15:50:49,897 basehttp 5972 5992 "GET /static/admin/css/base.css HTTP/1.1" 200 21544
INFO 2024-03-06 15:50:49,919 basehttp 5972 1012 "GET /static/admin/js/theme.js HTTP/1.1" 200 1943
INFO 2024-03-06 15:50:49,938 basehttp 5972 4072 "GET /static/admin/css/dashboard.css HTTP/1.1" 200 441
INFO 2024-03-06 15:50:49,939 basehttp 5972 9844 "GET /static/admin/css/nav_sidebar.css HTTP/1.1" 200 2810
INFO 2024-03-06 15:50:49,954 basehttp 5972 9844 "GET /static/admin/img/icon-addlink.svg HTTP/1.1" 200 331
INFO 2024-03-06 15:50:49,954 basehttp 5972 4072 "GET /static/admin/img/icon-changelink.svg HTTP/1.1" 200 380
WARNING 2024-03-06 15:50:50,127 log 5972 4072 Not Found: /favicon.ico
WARNING 2024-03-06 15:50:50,128 basehttp 5972 4072 "GET /favicon.ico HTTP/1.1" 404 6054
INFO 2024-03-06 15:51:03,293 basehttp 5972 4072 "POST /admin/logout/ HTTP/1.1" 302 0
INFO 2024-03-06 15:51:03,297 basehttp 5972 4072 "GET / HTTP/1.1" 302 0
INFO 2024-03-06 15:51:03,310 basehttp 5972 4072 "GET /index/ HTTP/1.1" 200 9955
INFO 2024-03-06 15:51:03,333 basehttp 5972 5992 "GET /media/img/%D0%A2%D0%BE%D1%80%D1%82_%D0%93%D1%80%D0%B0%D1%84%D1%81%D0%BA%D0%B8%D0%B5_%D1%80%D0%B0%D0%B7%D0%B2%D0%B0%D0%BB%D0%B8%D0%BD%D1%8B_jNs4NLZ.webp HTTP/1.1" 200 27016
INFO 2024-03-06 15:51:03,334 basehttp 5972 9844 "GET /media/img/%D0%9B%D0%B0%D0%B7%D0%B0%D0%BD%D1%8C%D1%8F.webp HTTP/1.1" 200 48122
INFO 2024-03-06 15:51:03,335 basehttp 5972 1012 "GET /media/img/%D0%9A%D0%BE%D1%81%D1%83%D0%BB%D1%8F_BY2HiDv.webp HTTP/1.1" 200 56716
INFO 2024-03-06 15:51:03,337 basehttp 5972 10180 "GET /media/img/Shepferds_pie_qgT0nQL.webp HTTP/1.1" 200 86024
INFO 2024-03-06 15:51:03,337 basehttp 5972 4072 "GET /static/bootstrap/css/bootstrap.min.css HTTP/1.1" 200 155845
INFO 2024-03-06 15:51:03,338 basehttp 5972 7944 "GET /static/bootstrap/js/bootstrap.js HTTP/1.1" 200 148578
INFO 2024-03-06 15:51:09,962 basehttp 5972 7944 "GET /login/ HTTP/1.1" 200 5076
INFO 2024-03-06 15:51:25,256 basehttp 5972 7944 "POST /login/ HTTP/1.1" 302 0
INFO 2024-03-06 15:51:25,260 basehttp 5972 7944 "GET / HTTP/1.1" 302 0
INFO 2024-03-06 15:51:25,268 basehttp 5972 7944 "GET /index/ HTTP/1.1" 200 10890
INFO 2024-03-06 15:51:25,283 basehttp 5972 7944 "GET /media/img/%D0%A1%D1%82%D1%80%D0%BE%D0%BC%D0%B1%D0%BE%D0%BB%D0%B8_CGjqYcC.webp HTTP/1.1" 200 117208
WARNING 2024-03-06 15:51:30,315 base 5972 7944 Method Not Allowed (GET): /logout/
WARNING 2024-03-06 15:51:30,315 log 5972 7944 Method Not Allowed: /logout/
WARNING 2024-03-06 15:51:30,315 basehttp 5972 7944 "GET /logout/ HTTP/1.1" 405 0
INFO 2024-03-06 15:59:18,442 autoreload 5972 3916 C:\Users\sonym\new_project\venv\recipe_site\recipe_app\views.py changed, reloading.
INFO 2024-03-06 15:59:18,981 autoreload 10408 12564 Watching for file changes with StatReloader
INFO 2024-03-06 15:59:33,756 basehttp 10408 2076 "GET /recipes/ HTTP/1.1" 200 22772
INFO 2024-03-06 15:59:36,900 basehttp 10408 2076 "GET / HTTP/1.1" 302 0
INFO 2024-03-06 15:59:36,910 basehttp 10408 2076 "GET /index/ HTTP/1.1" 200 11127
INFO 2024-03-06 15:59:37,003 basehttp 10408 8912 "GET /media/img/%D0%9E%D1%81%D0%B5%D1%82%D0%B8%D0%BD%D1%81%D0%BA%D0%B8%D0%B5_%D0%BF%D0%B8%D1%80%D0%BE%D0%B3%D0%B8_%D1%81_%D1%81%D1%8B%D1%80%D0%BE%D0%BC_%D0%B8_%D1%88%D0%BF%D0%B8%D0%BD%D0%B0%D1%82%D0%BE%D0%BC_7y1Q71T.webp HTTP/1.1" 200 55712
INFO 2024-03-06 15:59:37,007 basehttp 10408 2076 "GET /media/img/%D0%A1%D0%BE%D0%BB%D1%8F%D0%BD%D0%BA%D0%B0.webp HTTP/1.1" 200 85990
INFO 2024-03-06 15:59:38,273 basehttp 10408 2076 "GET /recipes/ HTTP/1.1" 200 22772
INFO 2024-03-06 15:59:46,393 basehttp 10408 2076 "GET / HTTP/1.1" 302 0
INFO 2024-03-06 15:59:46,402 basehttp 10408 2076 "GET /index/ HTTP/1.1" 200 11675
INFO 2024-03-06 15:59:47,659 basehttp 10408 2076 "GET /recipes/ HTTP/1.1" 200 22772
INFO 2024-03-09 12:15:15,136 autoreload 23356 24596 Watching for file changes with StatReloader
INFO 2024-03-09 12:23:34,878 autoreload 23224 10460 Watching for file changes with StatReloader
INFO 2024-03-09 12:25:05,183 autoreload 23224 10460 C:\Users\sonym\new_project\venv\recipe_site\recipe_site\settings.py changed, reloading.
INFO 2024-03-09 12:25:05,723 autoreload 14944 21216 Watching for file changes with StatReloader
INFO 2024-03-09 12:25:08,634 basehttp 14944 12020 "GET / HTTP/1.1" 302 0
INFO 2024-03-09 12:25:08,675 basehttp 14944 12020 "GET /api/index/ HTTP/1.1" 200 11593
INFO 2024-03-09 12:25:08,891 basehttp 14944 12020 "GET /static/bootstrap/css/bootstrap.min.css HTTP/1.1" 200 155845
INFO 2024-03-09 12:25:08,895 basehttp 14944 12020 "GET /static/bootstrap/js/bootstrap.js HTTP/1.1" 200 148578
INFO 2024-03-09 12:25:08,914 basehttp 14944 13428 "GET /media/img/%D0%A1%D1%82%D1%80%D0%BE%D0%BC%D0%B1%D0%BE%D0%BB%D0%B8_CGjqYcC.webp HTTP/1.1" 200 117208
INFO 2024-03-09 12:25:08,920 basehttp 14944 28664 "GET /media/img/Shepferds_pie_qgT0nQL.webp HTTP/1.1" 200 86024
INFO 2024-03-09 12:25:08,922 basehttp 14944 28244 "GET /media/img/%D0%9E%D1%81%D0%B5%D1%82%D0%B8%D0%BD%D1%81%D0%BA%D0%B8%D0%B5_%D0%BF%D0%B8%D1%80%D0%BE%D0%B3%D0%B8_%D1%81_%D1%81%D1%8B%D1%80%D0%BE%D0%BC_%D0%B8_%D1%88%D0%BF%D0%B8%D0%BD%D0%B0%D1%82%D0%BE%D0%BC_7y1Q71T.webp HTTP/1.1" 200 55712
INFO 2024-03-09 12:25:08,937 basehttp 14944 21632 "GET /media/img/%D0%A1%D0%BE%D0%BB%D1%8F%D0%BD%D0%BA%D0%B0.webp HTTP/1.1" 200 85990
INFO 2024-03-09 12:25:08,940 basehttp 14944 12924 "GET /media/img/%D0%A2%D0%BE%D1%80%D1%82_%D0%93%D1%80%D0%B0%D1%84%D1%81%D0%BA%D0%B8%D0%B5_%D1%80%D0%B0%D0%B7%D0%B2%D0%B0%D0%BB%D0%B8%D0%BD%D1%8B_jNs4NLZ.webp HTTP/1.1" 200 27016
WARNING 2024-03-09 12:25:09,058 log 14944 12924 Not Found: /favicon.ico
WARNING 2024-03-09 12:25:09,060 basehttp 14944 12924 "GET /favicon.ico HTTP/1.1" 404 5989
INFO 2024-03-09 12:25:29,865 basehttp 14944 21676 "GET /api/index/ HTTP/1.1" 200 11172
INFO 2024-03-09 12:25:29,878 basehttp 14944 21676 "GET /media/img/%D0%9A%D0%BE%D1%81%D1%83%D0%BB%D1%8F_BY2HiDv.webp HTTP/1.1" 200 56716
INFO 2024-03-09 12:25:34,721 basehttp 14944 21676 "GET /api/profile/ HTTP/1.1" 200 5615
INFO 2024-03-09 12:25:36,689 basehttp 14944 16796 "GET /api/recipes/ HTTP/1.1" 200 22832
INFO 2024-03-09 12:25:53,987 basehttp 14944 14812 "GET /api/recipes/edit/1 HTTP/1.1" 200 11750
INFO 2024-03-09 12:26:00,751 basehttp 14944 8440 "POST /api/recipes/edit/1 HTTP/1.1" 302 0
INFO 2024-03-09 12:26:00,766 basehttp 14944 8440 "GET /api/recipes/ HTTP/1.1" 200 22832
INFO 2024-03-09 12:26:09,527 basehttp 14944 17536 "GET / HTTP/1.1" 302 0
INFO 2024-03-09 12:26:09,536 basehttp 14944 17536 "GET /api/index/ HTTP/1.1" 200 11052
INFO 2024-03-09 12:26:09,572 basehttp 14944 17536 "GET /media/img/%D0%9B%D0%B0%D0%B7%D0%B0%D0%BD%D1%8C%D1%8F.webp HTTP/1.1" 200 48122
INFO 2024-03-10 11:43:16,706 autoreload 16516 25728 Watching for file changes with StatReloader
